TN:
SF:src\App.tsx
FN:13,(anonymous_10)
FN:13,(anonymous_11)
FN:14,(anonymous_12)
FN:14,(anonymous_13)
FN:17,(anonymous_14)
FN:47,App
FN:50,(anonymous_16)
FNF:7
FNH:0
FNDA:0,(anonymous_10)
FNDA:0,(anonymous_11)
FNDA:0,(anonymous_12)
FNDA:0,(anonymous_13)
FNDA:0,(anonymous_14)
FNDA:0,App
FNDA:0,(anonymous_16)
DA:1,0
DA:2,0
DA:3,0
DA:4,0
DA:5,0
DA:6,0
DA:7,0
DA:10,0
DA:13,0
DA:14,0
DA:17,0
DA:18,0
DA:48,0
DA:52,0
DA:78,0
LF:15
LH:0
BRF:0
BRH:0
end_of_record
TN:
SF:src\components\dashboard\DashboardFilterInterface\DashboardFilterInterface.tsx
FN:10,(anonymous_1)
FN:14,(anonymous_2)
FN:18,(anonymous_3)
FNF:3
FNH:3
FNDA:23,(anonymous_1)
FNDA:8,(anonymous_2)
FNDA:1,(anonymous_3)
DA:1,2
DA:2,2
DA:3,2
DA:4,2
DA:10,2
DA:11,23
DA:12,23
DA:14,23
DA:15,8
DA:18,23
DA:19,1
DA:22,23
DA:63,2
LF:13
LH:13
BRDA:10,0,0,21
BRDA:33,1,0,5
BRDA:33,1,1,18
BRDA:38,2,0,23
BRDA:38,2,1,4
BRDA:43,3,0,23
BRDA:43,3,1,4
BRF:7
BRH:7
end_of_record
TN:
SF:src\components\dashboard\DashboardFilters\DashboardFilters.tsx
FN:12,(anonymous_9)
FN:33,(anonymous_10)
FN:35,(anonymous_11)
FN:36,(anonymous_12)
FN:37,(anonymous_13)
FN:57,(anonymous_14)
FN:61,(anonymous_15)
FN:66,(anonymous_16)
FN:98,(anonymous_17)
FN:115,(anonymous_18)
FN:119,(anonymous_19)
FN:132,(anonymous_20)
FN:136,(anonymous_21)
FN:148,(anonymous_22)
FN:152,(anonymous_23)
FN:172,(anonymous_24)
FN:192,(anonymous_25)
FN:192,(anonymous_26)
FN:204,(anonymous_27)
FN:204,(anonymous_28)
FN:233,(anonymous_29)
FN:237,(anonymous_30)
FNF:22
FNH:18
FNDA:17,(anonymous_9)
FNDA:17,(anonymous_10)
FNDA:29,(anonymous_11)
FNDA:29,(anonymous_12)
FNDA:29,(anonymous_13)
FNDA:1,(anonymous_14)
FNDA:1,(anonymous_15)
FNDA:1,(anonymous_16)
FNDA:8,(anonymous_17)
FNDA:75,(anonymous_18)
FNDA:1,(anonymous_19)
FNDA:2,(anonymous_20)
FNDA:26,(anonymous_21)
FNDA:45,(anonymous_22)
FNDA:1,(anonymous_23)
FNDA:1,(anonymous_24)
FNDA:0,(anonymous_25)
FNDA:0,(anonymous_26)
FNDA:0,(anonymous_27)
FNDA:0,(anonymous_28)
FNDA:1,(anonymous_29)
FNDA:26,(anonymous_30)
DA:1,2
DA:2,2
DA:3,2
DA:5,2
DA:12,2
DA:24,17
DA:26,17
DA:27,17
DA:33,17
DA:34,17
DA:35,17
DA:36,29
DA:37,29
DA:38,29
DA:42,17
DA:46,17
DA:49,17
DA:57,17
DA:58,1
DA:61,17
DA:62,1
DA:63,1
DA:66,17
DA:67,1
DA:70,1
DA:71,1
DA:73,1
DA:75,1
DA:76,1
DA:78,0
DA:79,0
DA:81,0
DA:82,0
DA:84,0
DA:85,0
DA:87,0
DA:88,0
DA:91,1
DA:94,17
DA:96,15
DA:98,8
DA:116,75
DA:119,1
DA:132,2
DA:137,26
DA:149,45
DA:153,1
DA:172,1
DA:192,0
DA:204,0
DA:233,1
DA:238,26
DA:260,2
LF:53
LH:43
BRDA:38,0,0,29
BRDA:38,0,1,0
BRDA:73,1,0,1
BRDA:73,1,1,0
BRDA:73,1,2,0
BRDA:73,1,3,0
BRDA:73,1,4,0
BRDA:94,2,0,2
BRDA:94,2,1,15
BRDA:118,3,0,15
BRDA:118,3,1,60
BRDA:131,4,0,15
BRDA:131,4,1,15
BRDA:132,5,0,2
BRDA:132,5,1,1
BRDA:151,6,0,0
BRDA:151,6,1,45
BRDA:153,7,0,0
BRDA:153,7,1,1
BRDA:158,8,0,15
BRDA:158,8,1,30
BRDA:159,9,0,15
BRDA:159,9,1,15
BRDA:161,10,0,45
BRDA:161,10,1,0
BRDA:171,11,0,15
BRDA:171,11,1,15
BRDA:172,12,0,1
BRDA:172,12,1,0
BRDA:191,13,0,0
BRDA:191,13,1,15
BRDA:194,14,0,0
BRDA:194,14,1,0
BRDA:203,15,0,0
BRDA:203,15,1,15
BRDA:206,16,0,0
BRDA:206,16,1,0
BRDA:232,17,0,15
BRDA:232,17,1,15
BRDA:233,18,0,1
BRDA:233,18,1,0
BRF:41
BRH:25
end_of_record
TN:
SF:src\components\dashboard\MetricsCards\MetricsCards.tsx
FN:10,(anonymous_1)
FN:11,(anonymous_2)
FN:17,(anonymous_3)
FN:24,(anonymous_4)
FN:31,(anonymous_5)
FN:33,(anonymous_6)
FN:39,(anonymous_7)
FN:42,(anonymous_8)
FN:49,(anonymous_9)
FN:54,(anonymous_10)
FNF:10
FNH:10
FNDA:10,(anonymous_1)
FNDA:10,(anonymous_2)
FNDA:16,(anonymous_3)
FNDA:16,(anonymous_4)
FNDA:70,(anonymous_5)
FNDA:112,(anonymous_6)
FNDA:70,(anonymous_7)
FNDA:16,(anonymous_8)
FNDA:16,(anonymous_9)
FNDA:11,(anonymous_10)
DA:1,2
DA:3,2
DA:4,2
DA:10,2
DA:11,10
DA:12,10
DA:13,10
DA:14,10
DA:17,10
DA:18,16
DA:24,10
DA:25,16
DA:31,10
DA:32,70
DA:33,70
DA:34,112
DA:39,70
DA:42,10
DA:43,16
DA:49,10
DA:50,16
DA:53,10
DA:54,11
DA:58,10
DA:67,10
DA:112,2
LF:26
LH:26
BRDA:18,0,0,16
BRDA:18,0,1,12
BRDA:18,0,2,11
BRDA:25,1,0,16
BRDA:25,1,1,12
BRDA:25,1,2,11
BRDA:34,2,0,112
BRDA:34,2,1,84
BRDA:34,2,2,77
BRDA:43,3,0,16
BRDA:43,3,1,4
BRDA:43,3,2,0
BRDA:50,4,0,16
BRDA:50,4,1,12
BRDA:54,5,0,11
BRDA:54,5,1,0
BRF:16
BRH:14
end_of_record
TN:
SF:src\components\dashboard\TasksByStatusChart\TasksByStatusChart.tsx
FN:11,(anonymous_1)
FN:12,(anonymous_2)
FN:13,(anonymous_3)
FN:31,(anonymous_4)
FN:38,(anonymous_5)
FN:65,(anonymous_6)
FN:73,(anonymous_7)
FNF:7
FNH:5
FNDA:10,(anonymous_1)
FNDA:10,(anonymous_2)
FNDA:24,(anonymous_3)
FNDA:22,(anonymous_4)
FNDA:0,(anonymous_5)
FNDA:22,(anonymous_6)
FNDA:0,(anonymous_7)
DA:1,2
DA:2,2
DA:4,2
DA:5,2
DA:11,2
DA:12,10
DA:13,10
DA:14,24
DA:15,24
DA:16,24
DA:19,10
DA:25,10
DA:31,22
DA:38,10
DA:39,0
DA:40,0
DA:47,0
DA:50,10
DA:66,22
DA:74,0
DA:86,2
LF:21
LH:17
BRDA:15,0,0,24
BRDA:15,0,1,22
BRDA:32,1,0,22
BRDA:32,1,1,0
BRDA:34,2,0,22
BRDA:34,2,1,0
BRDA:39,3,0,0
BRDA:39,3,1,0
BRDA:39,4,0,0
BRDA:39,4,1,0
BRDA:39,4,2,0
BRF:11
BRH:4
end_of_record
TN:
SF:src\components\dashboard\TasksCompletedChart\TasksCompletedChart.tsx
FN:11,(anonymous_1)
FN:12,(anonymous_2)
FN:13,(anonymous_3)
FN:17,(anonymous_4)
FN:30,(anonymous_5)
FNF:5
FNH:5
FNDA:10,(anonymous_1)
FNDA:10,(anonymous_2)
FNDA:70,(anonymous_3)
FNDA:112,(anonymous_4)
FNDA:112,(anonymous_5)
DA:1,2
DA:2,2
DA:4,2
DA:5,2
DA:11,2
DA:12,10
DA:13,10
DA:14,70
DA:15,70
DA:17,70
DA:18,112
DA:23,70
DA:31,112
DA:36,10
DA:39,10
DA:78,2
LF:16
LH:16
BRDA:18,0,0,112
BRDA:18,0,1,77
BRDA:18,0,2,70
BRF:3
BRH:3
end_of_record
TN:
SF:src\components\dashboard\TimeInColumnsChart\TimeInColumnsChart.tsx
FN:11,(anonymous_1)
FN:12,(anonymous_2)
FN:28,(anonymous_3)
FN:43,(anonymous_4)
FN:45,(anonymous_5)
FN:56,(anonymous_6)
FNF:6
FNH:5
FNDA:10,(anonymous_1)
FNDA:10,(anonymous_2)
FNDA:22,(anonymous_3)
FNDA:20,(anonymous_4)
FNDA:22,(anonymous_5)
FNDA:0,(anonymous_6)
DA:1,2
DA:2,2
DA:4,2
DA:5,2
DA:11,2
DA:12,10
DA:13,10
DA:19,10
DA:26,10
DA:28,10
DA:29,22
DA:30,20
DA:34,22
DA:35,22
DA:39,22
DA:40,22
DA:43,10
DA:44,20
DA:45,22
DA:48,20
DA:56,10
DA:57,0
DA:58,0
DA:67,0
DA:70,10
DA:100,2
LF:26
LH:23
BRDA:29,0,0,20
BRDA:29,0,1,2
BRDA:35,1,0,8
BRDA:35,1,1,14
BRDA:44,2,0,20
BRDA:44,2,1,0
BRDA:49,3,0,20
BRDA:49,3,1,0
BRDA:51,4,0,20
BRDA:51,4,1,0
BRDA:57,5,0,0
BRDA:57,5,1,0
BRDA:57,6,0,0
BRDA:57,6,1,0
BRDA:57,6,2,0
BRF:15
BRH:7
end_of_record
TN:
SF:src\components\kanban\AddColumnForm\AddColumnForm.tsx
FN:14,(anonymous_1)
FN:28,(anonymous_2)
FN:38,(anonymous_3)
FN:77,(anonymous_4)
FN:78,(anonymous_5)
FN:81,(anonymous_6)
FN:85,(anonymous_7)
FN:89,(anonymous_8)
FN:93,(anonymous_9)
FN:100,(anonymous_10)
FN:111,(anonymous_11)
FN:122,(anonymous_12)
FN:130,(anonymous_13)
FN:171,(anonymous_14)
FN:183,(anonymous_15)
FN:206,(anonymous_16)
FNF:16
FNH:8
FNDA:13,(anonymous_1)
FNDA:10,(anonymous_2)
FNDA:2,(anonymous_3)
FNDA:1,(anonymous_4)
FNDA:1,(anonymous_5)
FNDA:0,(anonymous_6)
FNDA:0,(anonymous_7)
FNDA:0,(anonymous_8)
FNDA:0,(anonymous_9)
FNDA:2,(anonymous_10)
FNDA:0,(anonymous_11)
FNDA:130,(anonymous_12)
FNDA:1,(anonymous_13)
FNDA:0,(anonymous_14)
FNDA:0,(anonymous_15)
FNDA:0,(anonymous_16)
DA:1,2
DA:3,2
DA:4,2
DA:5,2
DA:6,2
DA:7,2
DA:14,2
DA:15,13
DA:16,13
DA:21,13
DA:22,13
DA:23,13
DA:24,13
DA:25,13
DA:28,13
DA:29,10
DA:30,0
DA:38,13
DA:40,2
DA:41,2
DA:42,2
DA:44,2
DA:45,0
DA:48,2
DA:49,2
DA:50,2
DA:53,0
DA:55,0
DA:61,0
DA:64,0
DA:71,0
DA:74,0
DA:77,13
DA:78,1
DA:80,1
DA:81,0
DA:85,13
DA:86,0
DA:89,13
DA:90,0
DA:93,13
DA:94,0
DA:95,0
DA:98,13
DA:100,2
DA:111,0
DA:123,130
DA:130,1
DA:171,0
DA:183,0
DA:206,0
DA:233,2
LF:52
LH:35
BRDA:14,0,0,13
BRDA:29,1,0,0
BRDA:29,1,1,10
BRDA:41,2,0,2
BRDA:41,2,1,0
BRDA:44,3,0,0
BRDA:44,3,1,2
BRDA:44,4,0,2
BRDA:44,4,1,0
BRDA:48,5,0,2
BRDA:48,5,1,0
BRDA:53,6,0,0
BRDA:53,6,1,0
BRDA:53,7,0,0
BRDA:53,7,1,0
BRDA:58,8,0,0
BRDA:58,8,1,0
BRDA:68,9,0,0
BRDA:68,9,1,0
BRDA:80,10,0,0
BRDA:80,10,1,1
BRDA:102,11,0,0
BRDA:102,11,1,13
BRDA:127,12,0,13
BRDA:127,12,1,117
BRDA:139,13,0,0
BRDA:139,13,1,13
BRDA:142,14,0,0
BRDA:142,14,1,13
BRDA:143,15,0,0
BRDA:143,15,1,13
BRDA:150,16,0,0
BRDA:150,16,1,13
BRDA:155,17,0,13
BRDA:155,17,1,0
BRDA:205,18,0,13
BRDA:205,18,1,13
BRDA:206,19,0,0
BRDA:206,19,1,0
BRDA:207,20,0,13
BRDA:207,20,1,13
BRDA:225,21,0,0
BRDA:225,21,1,13
BRF:43
BRH:20
end_of_record
TN:
SF:src\components\kanban\ArchivePanel\ArchivePanel.tsx
FN:12,(anonymous_0)
FN:18,(anonymous_1)
FN:21,(anonymous_2)
FN:22,(anonymous_3)
FN:29,(anonymous_4)
FN:35,(anonymous_5)
FN:87,(anonymous_6)
FN:94,(anonymous_7)
FN:101,(anonymous_8)
FN:133,(anonymous_9)
FNF:10
FNH:0
FNDA:0,(anonymous_0)
FNDA:0,(anonymous_1)
FNDA:0,(anonymous_2)
FNDA:0,(anonymous_3)
FNDA:0,(anonymous_4)
FNDA:0,(anonymous_5)
FNDA:0,(anonymous_6)
FNDA:0,(anonymous_7)
FNDA:0,(anonymous_8)
FNDA:0,(anonymous_9)
DA:1,1
DA:2,1
DA:3,1
DA:4,1
DA:5,1
DA:12,1
DA:13,0
DA:14,0
DA:15,0
DA:18,0
DA:19,0
DA:20,0
DA:21,0
DA:22,0
DA:24,0
DA:29,0
DA:30,0
DA:31,0
DA:35,0
DA:36,0
DA:37,0
DA:38,0
DA:42,0
DA:88,0
DA:94,0
DA:101,0
DA:134,0
DA:155,1
LF:28
LH:7
BRDA:19,0,0,0
BRDA:19,0,1,0
BRDA:36,1,0,0
BRDA:36,1,1,0
BRDA:45,2,0,0
BRDA:45,2,1,0
BRDA:53,3,0,0
BRDA:53,3,1,0
BRDA:71,4,0,0
BRDA:71,4,1,0
BRDA:83,5,0,0
BRDA:83,5,1,0
BRDA:83,6,0,0
BRDA:83,6,1,0
BRDA:109,7,0,0
BRDA:109,7,1,0
BRDA:116,8,0,0
BRDA:116,8,1,0
BRDA:123,9,0,0
BRDA:123,9,1,0
BRDA:131,10,0,0
BRDA:131,10,1,0
BRDA:131,10,2,0
BRDA:138,11,0,0
BRDA:138,11,1,0
BRF:25
BRH:0
end_of_record
TN:
SF:src\components\kanban\Board\Board.tsx
FN:24,(anonymous_1)
FN:31,(anonymous_2)
FN:35,(anonymous_3)
FN:37,(anonymous_4)
FN:45,(anonymous_5)
FN:54,(anonymous_6)
FN:55,(anonymous_7)
FN:78,(anonymous_8)
FN:79,(anonymous_9)
FN:82,(anonymous_10)
FN:95,(anonymous_11)
FN:99,(anonymous_12)
FN:99,(anonymous_13)
FN:112,(anonymous_14)
FN:114,(anonymous_15)
FN:116,(anonymous_16)
FN:119,(anonymous_17)
FN:122,(anonymous_18)
FN:125,(anonymous_19)
FN:127,(anonymous_20)
FN:130,(anonymous_21)
FN:134,(anonymous_22)
FN:137,(anonymous_23)
FN:137,(anonymous_24)
FN:139,(anonymous_25)
FN:147,(anonymous_26)
FN:153,(anonymous_27)
FN:157,(anonymous_28)
FN:159,(anonymous_29)
FN:162,(anonymous_30)
FN:164,(anonymous_31)
FN:167,(anonymous_32)
FN:168,(anonymous_33)
FN:170,(anonymous_34)
FN:174,(anonymous_35)
FN:176,(anonymous_36)
FN:179,(anonymous_37)
FN:181,(anonymous_38)
FN:185,(anonymous_39)
FN:186,(anonymous_40)
FN:187,(anonymous_41)
FN:191,(anonymous_42)
FN:195,(anonymous_43)
FN:196,(anonymous_44)
FN:197,(anonymous_45)
FN:201,(anonymous_46)
FN:205,(anonymous_47)
FN:266,(anonymous_48)
FN:271,(anonymous_49)
FN:293,(anonymous_50)
FN:293,(anonymous_51)
FN:307,(anonymous_52)
FN:307,(anonymous_53)
FN:308,(anonymous_54)
FN:316,(anonymous_55)
FN:316,(anonymous_56)
FN:323,(anonymous_57)
FN:323,(anonymous_58)
FN:332,(anonymous_59)
FN:333,(anonymous_60)
FN:340,(anonymous_61)
FN:341,(anonymous_62)
FN:344,(anonymous_63)
FN:354,(anonymous_64)
FN:355,(anonymous_65)
FN:360,(anonymous_66)
FN:364,(anonymous_67)
FN:379,(anonymous_68)
FN:380,(anonymous_69)
FN:387,(anonymous_70)
FN:388,(anonymous_71)
FN:399,(anonymous_72)
FN:400,(anonymous_73)
FN:403,(anonymous_74)
FN:411,(anonymous_75)
FN:412,(anonymous_76)
FN:422,(anonymous_77)
FN:423,(anonymous_78)
FN:436,(anonymous_79)
FN:437,(anonymous_80)
FN:447,(anonymous_81)
FN:447,(anonymous_82)
FNF:82
FNH:12
FNDA:12,(anonymous_1)
FNDA:12,(anonymous_2)
FNDA:36,(anonymous_3)
FNDA:72,(anonymous_4)
FNDA:0,(anonymous_5)
FNDA:12,(anonymous_6)
FNDA:12,(anonymous_7)
FNDA:12,(anonymous_8)
FNDA:0,(anonymous_9)
FNDA:0,(anonymous_10)
FNDA:11,(anonymous_11)
FNDA:0,(anonymous_12)
FNDA:0,(anonymous_13)
FNDA:0,(anonymous_14)
FNDA:0,(anonymous_15)
FNDA:0,(anonymous_16)
FNDA:0,(anonymous_17)
FNDA:0,(anonymous_18)
FNDA:0,(anonymous_19)
FNDA:0,(anonymous_20)
FNDA:0,(anonymous_21)
FNDA:0,(anonymous_22)
FNDA:0,(anonymous_23)
FNDA:0,(anonymous_24)
FNDA:0,(anonymous_25)
FNDA:0,(anonymous_26)
FNDA:0,(anonymous_27)
FNDA:0,(anonymous_28)
FNDA:0,(anonymous_29)
FNDA:0,(anonymous_30)
FNDA:0,(anonymous_31)
FNDA:0,(anonymous_32)
FNDA:0,(anonymous_33)
FNDA:0,(anonymous_34)
FNDA:0,(anonymous_35)
FNDA:0,(anonymous_36)
FNDA:0,(anonymous_37)
FNDA:0,(anonymous_38)
FNDA:0,(anonymous_39)
FNDA:0,(anonymous_40)
FNDA:0,(anonymous_41)
FNDA:0,(anonymous_42)
FNDA:0,(anonymous_43)
FNDA:0,(anonymous_44)
FNDA:0,(anonymous_45)
FNDA:0,(anonymous_46)
FNDA:0,(anonymous_47)
FNDA:36,(anonymous_48)
FNDA:36,(anonymous_49)
FNDA:1,(anonymous_50)
FNDA:1,(anonymous_51)
FNDA:0,(anonymous_52)
FNDA:0,(anonymous_53)
FNDA:0,(anonymous_54)
FNDA:0,(anonymous_55)
FNDA:0,(anonymous_56)
FNDA:0,(anonymous_57)
FNDA:0,(anonymous_58)
FNDA:0,(anonymous_59)
FNDA:0,(anonymous_60)
FNDA:0,(anonymous_61)
FNDA:0,(anonymous_62)
FNDA:0,(anonymous_63)
FNDA:0,(anonymous_64)
FNDA:0,(anonymous_65)
FNDA:0,(anonymous_66)
FNDA:0,(anonymous_67)
FNDA:0,(anonymous_68)
FNDA:0,(anonymous_69)
FNDA:0,(anonymous_70)
FNDA:0,(anonymous_71)
FNDA:0,(anonymous_72)
FNDA:0,(anonymous_73)
FNDA:0,(anonymous_74)
FNDA:0,(anonymous_75)
FNDA:0,(anonymous_76)
FNDA:0,(anonymous_77)
FNDA:0,(anonymous_78)
FNDA:0,(anonymous_79)
FNDA:0,(anonymous_80)
FNDA:0,(anonymous_81)
FNDA:0,(anonymous_82)
DA:1,2
DA:2,2
DA:3,2
DA:5,2
DA:6,2
DA:7,2
DA:8,2
DA:9,2
DA:10,2
DA:11,2
DA:12,2
DA:13,2
DA:14,2
DA:15,2
DA:16,2
DA:17,2
DA:18,2
DA:24,2
DA:25,12
DA:26,12
DA:27,12
DA:28,12
DA:31,12
DA:32,12
DA:35,36
DA:37,72
DA:41,12
DA:42,12
DA:45,0
DA:50,0
DA:54,12
DA:55,12
DA:59,12
DA:69,12
DA:70,12
DA:71,12
DA:72,12
DA:73,12
DA:74,12
DA:75,12
DA:78,12
DA:79,12
DA:80,0
DA:82,0
DA:85,0
DA:86,0
DA:91,12
DA:95,12
DA:96,11
DA:98,0
DA:99,0
DA:100,0
DA:104,12
DA:112,12
DA:113,0
DA:114,0
DA:115,0
DA:116,0
DA:119,12
DA:120,0
DA:121,0
DA:122,0
DA:125,12
DA:126,0
DA:127,0
DA:130,12
DA:131,0
DA:134,12
DA:136,0
DA:137,0
DA:138,0
DA:139,0
DA:140,0
DA:142,0
DA:147,12
DA:148,0
DA:149,0
DA:153,12
DA:154,0
DA:157,12
DA:158,0
DA:159,0
DA:162,12
DA:163,0
DA:164,0
DA:167,12
DA:168,12
DA:170,12
DA:171,0
DA:174,12
DA:176,0
DA:179,12
DA:181,0
DA:185,12
DA:186,0
DA:187,0
DA:188,0
DA:190,0
DA:191,0
DA:195,12
DA:196,0
DA:197,0
DA:198,0
DA:200,0
DA:201,0
DA:205,12
DA:206,0
DA:207,0
DA:209,0
DA:210,0
DA:211,0
DA:214,0
DA:215,0
DA:216,0
DA:220,0
DA:221,0
DA:222,0
DA:223,0
DA:226,0
DA:227,0
DA:228,0
DA:229,0
DA:231,0
DA:235,0
DA:236,0
DA:237,0
DA:238,0
DA:240,0
DA:241,0
DA:243,0
DA:249,12
DA:266,36
DA:272,36
DA:293,1
DA:307,0
DA:308,0
DA:316,0
DA:323,0
DA:333,0
DA:334,0
DA:341,0
DA:342,0
DA:344,0
DA:355,0
DA:356,0
DA:357,0
DA:361,0
DA:362,0
DA:363,0
DA:364,0
DA:380,0
DA:381,0
DA:388,0
DA:389,0
DA:400,0
DA:401,0
DA:403,0
DA:412,0
DA:413,0
DA:423,0
DA:424,0
DA:437,0
DA:438,0
DA:447,0
DA:461,2
LF:165
LH:66
BRDA:32,0,0,12
BRDA:32,0,1,0
BRDA:41,1,0,12
BRDA:41,1,1,0
BRDA:80,2,0,0
BRDA:80,2,1,0
BRDA:85,3,0,0
BRDA:85,3,1,0
BRDA:96,4,0,11
BRDA:96,4,1,0
BRDA:98,5,0,0
BRDA:98,5,1,0
BRDA:100,6,0,0
BRDA:100,6,1,0
BRDA:113,7,0,0
BRDA:113,7,1,0
BRDA:114,8,0,0
BRDA:114,8,1,0
BRDA:136,9,0,0
BRDA:136,9,1,0
BRDA:138,10,0,0
BRDA:138,10,1,0
BRDA:140,11,0,0
BRDA:140,11,1,0
BRDA:148,12,0,0
BRDA:148,12,1,0
BRDA:188,13,0,0
BRDA:188,13,1,0
BRDA:188,14,0,0
BRDA:188,14,1,0
BRDA:198,15,0,0
BRDA:198,15,1,0
BRDA:207,16,0,0
BRDA:207,16,1,0
BRDA:214,17,0,0
BRDA:214,17,1,0
BRDA:214,18,0,0
BRDA:214,18,1,0
BRDA:214,18,2,0
BRDA:220,19,0,0
BRDA:220,19,1,0
BRDA:223,20,0,0
BRDA:223,20,1,0
BRDA:226,21,0,0
BRDA:226,21,1,0
BRDA:228,22,0,0
BRDA:228,22,1,0
BRDA:235,23,0,0
BRDA:235,23,1,0
BRDA:238,24,0,0
BRDA:238,24,1,0
BRDA:240,25,0,0
BRDA:240,25,1,0
BRDA:251,26,0,0
BRDA:251,26,1,12
BRDA:251,27,0,12
BRDA:251,27,1,0
BRDA:306,28,0,12
BRDA:306,28,1,1
BRDA:329,29,0,12
BRDA:329,29,1,0
BRDA:329,29,2,0
BRDA:344,30,0,0
BRDA:344,30,1,0
BRDA:351,31,0,12
BRDA:351,31,1,0
BRDA:351,31,2,0
BRDA:376,32,0,12
BRDA:376,32,1,0
BRDA:376,32,2,0
BRDA:398,33,0,12
BRDA:398,33,1,0
BRDA:398,33,2,0
BRDA:433,34,0,12
BRDA:433,34,1,0
BRDA:433,34,2,0
BRDA:451,35,0,12
BRDA:451,35,1,0
BRDA:453,36,0,0
BRDA:453,36,1,0
BRDA:453,37,0,0
BRDA:453,37,1,0
BRF:82
BRH:13
end_of_record
TN:
SF:src\components\kanban\BoardForm\BoardForm.tsx
FN:18,(anonymous_1)
FN:29,(anonymous_2)
FN:38,(anonymous_3)
FN:57,(anonymous_4)
FN:112,(anonymous_5)
FN:113,(anonymous_6)
FN:117,(anonymous_7)
FN:128,(anonymous_8)
FN:136,(anonymous_9)
FN:153,(anonymous_10)
FN:178,(anonymous_11)
FNF:11
FNH:10
FNDA:40,(anonymous_1)
FNDA:27,(anonymous_2)
FNDA:8,(anonymous_3)
FNDA:8,(anonymous_4)
FNDA:5,(anonymous_5)
FNDA:5,(anonymous_6)
FNDA:0,(anonymous_7)
FNDA:5,(anonymous_8)
FNDA:3,(anonymous_9)
FNDA:2,(anonymous_10)
FNDA:3,(anonymous_11)
DA:1,4
DA:2,4
DA:4,4
DA:5,4
DA:6,4
DA:18,4
DA:19,40
DA:20,40
DA:24,40
DA:25,40
DA:27,40
DA:29,40
DA:30,27
DA:31,3
DA:38,40
DA:39,8
DA:41,8
DA:42,4
DA:43,4
DA:44,0
DA:47,8
DA:48,4
DA:49,4
DA:50,0
DA:53,8
DA:54,8
DA:57,40
DA:58,8
DA:60,8
DA:61,4
DA:64,4
DA:66,4
DA:67,4
DA:98,4
DA:99,2
DA:101,2
DA:104,4
DA:106,0
DA:108,4
DA:112,40
DA:113,5
DA:116,5
DA:117,0
DA:121,40
DA:128,5
DA:136,3
DA:153,2
DA:178,3
DA:188,4
LF:49
LH:45
BRDA:30,0,0,3
BRDA:30,0,1,24
BRDA:41,1,0,4
BRDA:41,1,1,4
BRDA:43,2,0,0
BRDA:43,2,1,4
BRDA:47,3,0,4
BRDA:47,3,1,4
BRDA:49,4,0,0
BRDA:49,4,1,4
BRDA:60,5,0,4
BRDA:60,5,1,4
BRDA:70,6,0,4
BRDA:70,6,1,2
BRDA:98,7,0,2
BRDA:98,7,1,2
BRDA:98,8,0,4
BRDA:98,8,1,2
BRDA:116,9,0,0
BRDA:116,9,1,5
BRDA:125,10,0,7
BRDA:125,10,1,33
BRDA:138,11,0,3
BRDA:138,11,1,37
BRDA:141,12,0,40
BRDA:141,12,1,3
BRDA:155,13,0,3
BRDA:155,13,1,37
BRDA:159,14,0,40
BRDA:159,14,1,3
BRDA:180,15,0,7
BRDA:180,15,1,33
BRF:32
BRH:29
end_of_record
TN:
SF:src\components\kanban\BoardSelector\BoardSelector.tsx
FN:15,(anonymous_1)
FN:22,(anonymous_2)
FN:29,(anonymous_3)
FN:35,(anonymous_4)
FN:38,(anonymous_5)
FN:43,(anonymous_6)
FN:46,(anonymous_7)
FN:51,(anonymous_8)
FN:53,(anonymous_9)
FN:94,(anonymous_10)
FN:100,(anonymous_11)
FN:118,(anonymous_12)
FN:127,(anonymous_13)
FNF:13
FNH:6
FNDA:13,(anonymous_1)
FNDA:2,(anonymous_2)
FNDA:1,(anonymous_3)
FNDA:0,(anonymous_4)
FNDA:0,(anonymous_5)
FNDA:0,(anonymous_6)
FNDA:0,(anonymous_7)
FNDA:0,(anonymous_8)
FNDA:0,(anonymous_9)
FNDA:21,(anonymous_10)
FNDA:2,(anonymous_11)
FNDA:0,(anonymous_12)
FNDA:1,(anonymous_13)
DA:1,2
DA:2,2
DA:3,2
DA:4,2
DA:5,2
DA:6,2
DA:7,2
DA:15,2
DA:16,13
DA:17,13
DA:18,13
DA:19,13
DA:20,13
DA:22,13
DA:23,2
DA:24,2
DA:29,13
DA:30,1
DA:31,1
DA:35,13
DA:36,0
DA:37,0
DA:38,0
DA:39,0
DA:43,13
DA:44,0
DA:45,0
DA:46,0
DA:47,0
DA:51,13
DA:52,0
DA:53,0
DA:54,0
DA:58,13
DA:59,0
DA:75,13
DA:95,21
DA:100,2
DA:119,0
DA:120,0
DA:128,1
DA:129,1
DA:189,2
LF:43
LH:29
BRDA:15,0,0,12
BRDA:23,1,0,2
BRDA:23,1,1,0
BRDA:30,2,0,1
BRDA:30,2,1,0
BRDA:58,3,0,0
BRDA:58,3,1,13
BRDA:83,4,0,0
BRDA:83,4,1,13
BRDA:98,5,0,13
BRDA:98,5,1,8
BRDA:140,6,0,0
BRDA:140,6,1,13
BRDA:143,7,0,0
BRDA:143,7,1,13
BRDA:174,8,0,0
BRDA:174,8,1,13
BRDA:176,9,0,0
BRDA:176,9,1,13
BRDA:178,10,0,0
BRDA:178,10,1,13
BRF:21
BRH:12
end_of_record
TN:
SF:src\components\kanban\Column\Column.tsx
FN:30,(anonymous_1)
FN:55,(anonymous_2)
FN:59,(anonymous_3)
FN:63,(anonymous_4)
FN:67,(anonymous_5)
FN:72,(anonymous_6)
FN:76,(anonymous_7)
FN:82,(anonymous_8)
FN:83,(anonymous_9)
FN:84,(anonymous_10)
FN:89,(anonymous_11)
FN:89,(anonymous_12)
FN:94,(anonymous_13)
FN:95,(anonymous_14)
FN:176,(anonymous_15)
FN:218,(anonymous_16)
FN:226,(anonymous_17)
FNF:17
FNH:8
FNDA:6,(anonymous_1)
FNDA:1,(anonymous_2)
FNDA:0,(anonymous_3)
FNDA:0,(anonymous_4)
FNDA:0,(anonymous_5)
FNDA:0,(anonymous_6)
FNDA:0,(anonymous_7)
FNDA:6,(anonymous_8)
FNDA:6,(anonymous_9)
FNDA:6,(anonymous_10)
FNDA:6,(anonymous_11)
FNDA:6,(anonymous_12)
FNDA:0,(anonymous_13)
FNDA:0,(anonymous_14)
FNDA:6,(anonymous_15)
FNDA:0,(anonymous_16)
FNDA:0,(anonymous_17)
DA:1,1
DA:2,1
DA:4,1
DA:5,1
DA:6,1
DA:7,1
DA:8,1
DA:9,1
DA:30,1
DA:48,6
DA:49,6
DA:50,6
DA:53,6
DA:55,6
DA:56,1
DA:59,6
DA:60,0
DA:63,6
DA:64,0
DA:67,6
DA:68,0
DA:69,0
DA:72,6
DA:73,0
DA:76,6
DA:77,0
DA:82,6
DA:83,6
DA:84,6
DA:89,6
DA:91,6
DA:94,0
DA:95,0
DA:177,6
DA:218,1
DA:220,0
DA:227,0
DA:228,0
DA:229,0
LF:39
LH:27
BRDA:83,0,0,6
BRDA:83,0,1,0
BRDA:115,1,0,6
BRDA:115,1,1,6
BRDA:117,2,0,6
BRDA:117,2,1,1
BRDA:126,3,0,6
BRDA:126,3,1,0
BRDA:132,4,0,6
BRDA:132,4,1,0
BRDA:163,5,0,0
BRDA:163,5,1,6
BRDA:178,6,0,6
BRDA:178,6,1,6
BRDA:196,7,0,6
BRDA:196,7,1,5
BRDA:221,8,0,0
BRDA:221,8,1,0
BRDA:221,8,2,0
BRDA:221,8,3,0
BRDA:221,8,4,0
BRDA:221,8,5,0
BRDA:230,9,0,0
BRDA:230,9,1,0
BRDA:230,9,2,0
BRDA:230,9,3,0
BRDA:230,9,4,0
BRDA:230,9,5,0
BRDA:230,9,6,0
BRDA:230,9,7,0
BRDA:234,10,0,0
BRDA:234,10,1,0
BRDA:234,11,0,0
BRDA:234,11,1,0
BRF:34
BRH:12
end_of_record
TN:
SF:src\components\kanban\DeleteBoardModal\DeleteBoardModal.tsx
FN:13,(anonymous_1)
FN:19,(anonymous_2)
FNF:2
FNH:2
FNDA:12,(anonymous_1)
FNDA:2,(anonymous_2)
DA:2,2
DA:3,2
DA:4,2
DA:13,2
DA:19,12
DA:20,2
DA:21,2
DA:24,12
DA:80,2
LF:9
LH:9
BRF:0
BRH:0
end_of_record
TN:
SF:src\components\kanban\DeleteColumnModal\DeleteColumnModal.tsx
FN:16,(anonymous_1)
FN:27,(anonymous_2)
FN:30,(anonymous_3)
FN:51,(anonymous_4)
FN:91,(anonymous_5)
FN:96,(anonymous_6)
FNF:6
FNH:6
FNDA:19,(anonymous_1)
FNDA:36,(anonymous_2)
FNDA:2,(anonymous_3)
FNDA:2,(anonymous_4)
FNDA:1,(anonymous_5)
FNDA:5,(anonymous_6)
DA:1,2
DA:2,2
DA:4,2
DA:5,2
DA:6,2
DA:7,2
DA:8,2
DA:16,2
DA:21,19
DA:22,19
DA:23,19
DA:25,19
DA:27,36
DA:28,18
DA:30,18
DA:31,2
DA:32,0
DA:35,2
DA:37,2
DA:38,2
DA:39,0
DA:41,2
DA:43,2
DA:47,2
DA:51,18
DA:52,2
DA:53,2
DA:54,2
DA:58,18
DA:91,1
DA:97,5
DA:139,2
LF:32
LH:30
BRDA:25,0,0,1
BRDA:25,0,1,18
BRDA:25,1,0,19
BRDA:25,1,1,18
BRDA:31,2,0,0
BRDA:31,2,1,2
BRDA:31,3,0,2
BRDA:31,3,1,0
BRDA:38,4,0,0
BRDA:38,4,1,2
BRDA:52,5,0,2
BRDA:52,5,1,0
BRDA:79,6,0,18
BRDA:79,6,1,5
BRDA:82,7,0,0
BRDA:82,7,1,5
BRDA:106,8,0,18
BRDA:106,8,1,13
BRDA:127,9,0,18
BRDA:127,9,1,16
BRDA:127,9,2,5
BRDA:130,10,0,2
BRDA:130,10,1,16
BRF:23
BRH:18
end_of_record
TN:
SF:src\components\kanban\DraggableColumn\DraggableColumn.tsx
FN:28,(anonymous_1)
FNF:1
FNH:1
FNDA:14,(anonymous_1)
DA:2,2
DA:3,2
DA:5,2
DA:6,2
DA:28,2
DA:56,14
DA:67,14
DA:72,14
DA:105,2
LF:9
LH:9
BRDA:43,0,0,12
BRDA:76,1,0,2
BRDA:76,1,1,12
BRDA:81,2,0,14
BRDA:81,2,1,12
BRF:5
BRH:5
end_of_record
TN:
SF:src\components\kanban\DraggableTask\DraggableTask.tsx
FN:22,(anonymous_1)
FN:54,(anonymous_2)
FNF:2
FNH:2
FNDA:26,(anonymous_1)
FNDA:26,(anonymous_2)
DA:1,3
DA:2,3
DA:3,3
DA:5,3
DA:6,3
DA:22,3
DA:44,26
DA:54,26
DA:60,26
DA:87,3
LF:10
LH:10
BRDA:57,0,0,2
BRDA:57,0,1,24
BRDA:64,1,0,2
BRDA:64,1,1,24
BRF:4
BRH:4
end_of_record
TN:
SF:src\components\kanban\EditableColumnTitle\EditableColumnTitle.tsx
FN:12,(anonymous_0)
FN:22,(anonymous_1)
FN:29,(anonymous_2)
FN:33,(anonymous_3)
FN:42,(anonymous_4)
FN:50,(anonymous_5)
FN:61,(anonymous_6)
FNF:7
FNH:7
FNDA:23,(anonymous_0)
FNDA:17,(anonymous_1)
FNDA:17,(anonymous_2)
FNDA:2,(anonymous_3)
FNDA:2,(anonymous_4)
FNDA:1,(anonymous_5)
FNDA:3,(anonymous_6)
DA:1,2
DA:2,2
DA:12,2
DA:19,23
DA:20,23
DA:22,23
DA:23,17
DA:24,5
DA:25,5
DA:29,23
DA:30,17
DA:33,23
DA:34,2
DA:35,2
DA:36,2
DA:38,0
DA:42,23
DA:43,2
DA:44,1
DA:45,1
DA:46,1
DA:50,23
DA:51,1
DA:54,23
DA:55,11
DA:61,3
DA:69,12
DA:80,2
LF:28
LH:27
BRDA:23,0,0,5
BRDA:23,0,1,12
BRDA:23,1,0,17
BRDA:23,1,1,5
BRDA:35,2,0,2
BRDA:35,2,1,0
BRDA:35,3,0,2
BRDA:35,3,1,2
BRDA:43,4,0,1
BRDA:43,4,1,1
BRDA:45,5,0,1
BRDA:45,5,1,0
BRDA:54,6,0,11
BRDA:54,6,1,12
BRF:14
BRH:12
end_of_record
TN:
SF:src\components\kanban\MarkdownPreview\MarkdownPreview.tsx
FN:9,(anonymous_0)
FN:10,(anonymous_1)
FN:24,(anonymous_2)
FNF:3
FNH:3
FNDA:19,(anonymous_0)
FNDA:19,(anonymous_1)
FNDA:190,(anonymous_2)
DA:2,1
DA:9,1
DA:10,19
DA:11,19
DA:24,19
DA:25,190
DA:28,19
DA:36,1
LF:8
LH:8
BRDA:9,0,0,18
BRF:1
BRH:1
end_of_record
TN:
SF:src\components\kanban\SubtasksList\SubtasksList.tsx
FN:14,(anonymous_1)
FN:22,(anonymous_2)
FN:23,(anonymous_3)
FN:31,(anonymous_4)
FN:45,(anonymous_5)
FN:46,(anonymous_6)
FN:50,(anonymous_7)
FN:60,(anonymous_8)
FN:83,(anonymous_9)
FN:89,(anonymous_10)
FN:102,(anonymous_11)
FN:127,(anonymous_12)
FN:147,(anonymous_13)
FNF:13
FNH:13
FNDA:65,(anonymous_1)
FNDA:5,(anonymous_2)
FNDA:15,(anonymous_3)
FNDA:6,(anonymous_4)
FNDA:2,(anonymous_5)
FNDA:6,(anonymous_6)
FNDA:2,(anonymous_7)
FNDA:182,(anonymous_8)
FNDA:182,(anonymous_9)
FNDA:5,(anonymous_10)
FNDA:2,(anonymous_11)
FNDA:1,(anonymous_12)
FNDA:10,(anonymous_13)
DA:1,1
DA:3,1
DA:4,1
DA:5,1
DA:6,1
DA:14,1
DA:19,65
DA:20,65
DA:22,65
DA:23,5
DA:24,15
DA:28,5
DA:31,65
DA:32,6
DA:33,5
DA:39,5
DA:40,5
DA:41,5
DA:45,65
DA:46,6
DA:47,2
DA:50,65
DA:51,2
DA:52,1
DA:53,1
DA:54,1
DA:55,0
DA:56,0
DA:60,182
DA:61,65
DA:62,65
DA:64,65
DA:84,182
DA:89,5
DA:102,2
DA:128,1
DA:129,1
DA:147,10
DA:158,1
LF:39
LH:37
BRDA:17,0,0,61
BRDA:24,1,0,5
BRDA:24,1,1,10
BRDA:32,2,0,5
BRDA:32,2,1,1
BRDA:51,3,0,1
BRDA:51,3,1,1
BRDA:54,4,0,0
BRDA:54,4,1,1
BRDA:62,5,0,63
BRDA:62,5,1,2
BRDA:66,6,0,65
BRDA:66,6,1,63
BRDA:93,7,0,60
BRDA:93,7,1,122
BRDA:98,8,0,182
BRDA:98,8,1,173
BRDA:112,9,0,65
BRDA:112,9,1,62
BRDA:114,10,0,19
BRDA:114,10,1,43
BRF:21
BRH:20
end_of_record
TN:
SF:src\components\kanban\TaskCard\TaskCard.tsx
FN:33,(anonymous_1)
FN:56,(anonymous_2)
FN:81,(anonymous_3)
FN:83,(anonymous_4)
FN:90,(anonymous_5)
FN:96,(anonymous_6)
FN:104,(anonymous_7)
FN:105,(anonymous_8)
FN:116,(anonymous_9)
FN:121,(anonymous_10)
FN:125,(anonymous_11)
FN:137,(anonymous_12)
FN:141,(anonymous_13)
FN:146,(anonymous_14)
FN:149,(anonymous_15)
FN:160,(anonymous_16)
FN:168,(anonymous_17)
FN:169,(anonymous_18)
FN:233,(anonymous_19)
FN:242,(anonymous_20)
FN:248,(anonymous_21)
FN:255,(anonymous_22)
FN:281,(anonymous_23)
FN:290,(anonymous_24)
FN:296,(anonymous_25)
FN:305,(anonymous_26)
FN:309,(anonymous_27)
FN:370,(anonymous_28)
FN:386,(anonymous_29)
FN:405,(anonymous_30)
FN:406,(anonymous_31)
FN:449,(anonymous_32)
FN:487,(anonymous_33)
FN:515,(anonymous_34)
FN:522,(anonymous_35)
FN:569,(anonymous_36)
FN:570,(anonymous_37)
FN:579,(anonymous_38)
FN:580,(anonymous_39)
FN:597,(anonymous_40)
FN:610,(anonymous_41)
FN:619,(anonymous_42)
FN:631,(anonymous_43)
FN:634,(anonymous_44)
FN:635,(anonymous_45)
FN:636,(anonymous_46)
FN:644,(anonymous_47)
FN:655,(anonymous_48)
FN:679,(anonymous_49)
FN:680,(anonymous_50)
FN:693,(anonymous_51)
FN:694,(anonymous_52)
FN:698,(anonymous_53)
FN:716,(anonymous_54)
FN:738,(anonymous_55)
FN:739,(anonymous_56)
FN:740,(anonymous_57)
FN:741,(anonymous_58)
FN:742,(anonymous_59)
FN:748,(anonymous_60)
FN:749,(anonymous_61)
FN:781,(anonymous_62)
FN:814,(anonymous_63)
FNF:63
FNH:10
FNDA:52,(anonymous_1)
FNDA:0,(anonymous_2)
FNDA:26,(anonymous_3)
FNDA:0,(anonymous_4)
FNDA:0,(anonymous_5)
FNDA:0,(anonymous_6)
FNDA:26,(anonymous_7)
FNDA:0,(anonymous_8)
FNDA:0,(anonymous_9)
FNDA:26,(anonymous_10)
FNDA:0,(anonymous_11)
FNDA:0,(anonymous_12)
FNDA:0,(anonymous_13)
FNDA:0,(anonymous_14)
FNDA:0,(anonymous_15)
FNDA:0,(anonymous_16)
FNDA:0,(anonymous_17)
FNDA:0,(anonymous_18)
FNDA:0,(anonymous_19)
FNDA:0,(anonymous_20)
FNDA:0,(anonymous_21)
FNDA:0,(anonymous_22)
FNDA:0,(anonymous_23)
FNDA:0,(anonymous_24)
FNDA:0,(anonymous_25)
FNDA:416,(anonymous_26)
FNDA:0,(anonymous_27)
FNDA:0,(anonymous_28)
FNDA:52,(anonymous_29)
FNDA:0,(anonymous_30)
FNDA:0,(anonymous_31)
FNDA:38,(anonymous_32)
FNDA:76,(anonymous_33)
FNDA:2,(anonymous_34)
FNDA:2,(anonymous_35)
FNDA:0,(anonymous_36)
FNDA:0,(anonymous_37)
FNDA:0,(anonymous_38)
FNDA:0,(anonymous_39)
FNDA:0,(anonymous_40)
FNDA:0,(anonymous_41)
FNDA:0,(anonymous_42)
FNDA:0,(anonymous_43)
FNDA:0,(anonymous_44)
FNDA:0,(anonymous_45)
FNDA:0,(anonymous_46)
FNDA:0,(anonymous_47)
FNDA:0,(anonymous_48)
FNDA:0,(anonymous_49)
FNDA:0,(anonymous_50)
FNDA:0,(anonymous_51)
FNDA:0,(anonymous_52)
FNDA:0,(anonymous_53)
FNDA:0,(anonymous_54)
FNDA:0,(anonymous_55)
FNDA:0,(anonymous_56)
FNDA:0,(anonymous_57)
FNDA:0,(anonymous_58)
FNDA:0,(anonymous_59)
FNDA:0,(anonymous_60)
FNDA:0,(anonymous_61)
FNDA:0,(anonymous_62)
FNDA:0,(anonymous_63)
DA:1,2
DA:2,2
DA:3,2
DA:8,2
DA:9,2
DA:10,2
DA:11,2
DA:12,2
DA:13,2
DA:14,2
DA:15,2
DA:16,2
DA:33,2
DA:37,52
DA:38,52
DA:39,52
DA:40,52
DA:41,52
DA:42,52
DA:43,52
DA:44,52
DA:45,52
DA:46,52
DA:47,52
DA:48,52
DA:49,52
DA:50,52
DA:51,52
DA:52,52
DA:53,52
DA:56,52
DA:58,0
DA:59,0
DA:61,0
DA:62,0
DA:63,0
DA:65,0
DA:74,0
DA:78,52
DA:81,52
DA:82,26
DA:83,0
DA:85,0
DA:86,0
DA:87,0
DA:90,0
DA:93,0
DA:94,0
DA:96,0
DA:97,0
DA:98,0
DA:104,52
DA:105,26
DA:106,0
DA:107,0
DA:108,0
DA:109,0
DA:114,26
DA:115,0
DA:116,0
DA:121,52
DA:122,26
DA:125,52
DA:127,0
DA:128,0
DA:131,0
DA:133,0
DA:137,52
DA:138,0
DA:139,0
DA:141,0
DA:142,0
DA:146,52
DA:147,0
DA:149,0
DA:150,0
DA:153,0
DA:156,0
DA:157,0
DA:160,52
DA:161,0
DA:162,0
DA:163,0
DA:165,0
DA:168,52
DA:169,0
DA:170,0
DA:171,0
DA:172,0
DA:175,0
DA:176,0
DA:177,0
DA:178,0
DA:179,0
DA:180,0
DA:181,0
DA:184,0
DA:185,0
DA:186,0
DA:189,0
DA:190,0
DA:191,0
DA:194,0
DA:195,0
DA:196,0
DA:197,0
DA:199,0
DA:203,0
DA:205,0
DA:207,0
DA:208,0
DA:212,0
DA:214,0
DA:215,0
DA:221,0
DA:222,0
DA:228,0
DA:233,52
DA:234,0
DA:235,0
DA:236,0
DA:237,0
DA:238,0
DA:242,52
DA:243,0
DA:244,0
DA:245,0
DA:248,52
DA:249,0
DA:250,0
DA:255,52
DA:256,0
DA:257,0
DA:259,0
DA:262,0
DA:263,0
DA:265,0
DA:266,0
DA:268,0
DA:269,0
DA:270,0
DA:271,0
DA:273,0
DA:276,0
DA:281,52
DA:282,0
DA:283,0
DA:285,0
DA:286,0
DA:287,0
DA:290,0
DA:291,0
DA:296,52
DA:297,0
DA:299,0
DA:300,0
DA:301,0
DA:305,52
DA:306,416
DA:309,52
DA:310,0
DA:312,0
DA:313,0
DA:314,0
DA:315,0
DA:316,0
DA:317,0
DA:320,0
DA:321,0
DA:324,0
DA:325,0
DA:329,0
DA:330,0
DA:334,0
DA:337,0
DA:338,0
DA:339,0
DA:341,0
DA:342,0
DA:343,0
DA:344,0
DA:346,0
DA:350,0
DA:353,0
DA:354,0
DA:356,0
DA:357,0
DA:360,0
DA:370,52
DA:371,0
DA:374,0
DA:375,0
DA:376,0
DA:379,0
DA:380,0
DA:381,0
DA:386,52
DA:387,52
DA:388,52
DA:389,52
DA:390,52
DA:391,52
DA:392,52
DA:395,52
DA:450,38
DA:488,76
DA:489,76
DA:515,2
DA:522,2
DA:569,0
DA:571,0
DA:572,0
DA:579,0
DA:581,0
DA:582,0
DA:598,0
DA:610,0
DA:620,0
DA:621,0
DA:622,0
DA:631,0
DA:634,0
DA:635,0
DA:636,0
DA:645,0
DA:646,0
DA:647,0
DA:648,0
DA:656,0
DA:657,0
DA:658,0
DA:679,0
DA:681,0
DA:682,0
DA:683,0
DA:693,0
DA:695,0
DA:698,0
DA:717,0
DA:718,0
DA:748,0
DA:749,0
DA:781,0
DA:814,2
DA:816,0
DA:817,0
DA:818,0
DA:819,0
DA:822,0
LF:249
LH:68
BRDA:61,0,0,0
BRDA:61,0,1,0
BRDA:82,1,0,0
BRDA:82,1,1,26
BRDA:86,2,0,0
BRDA:86,2,1,0
BRDA:106,3,0,0
BRDA:106,3,1,0
BRDA:106,4,0,0
BRDA:106,4,1,0
BRDA:106,4,2,0
BRDA:108,5,0,0
BRDA:108,5,1,0
BRDA:114,6,0,0
BRDA:114,6,1,26
BRDA:128,7,0,0
BRDA:128,7,1,0
BRDA:128,8,0,0
BRDA:128,8,1,0
BRDA:128,8,2,0
BRDA:147,9,0,0
BRDA:147,9,1,0
BRDA:147,10,0,0
BRDA:147,10,1,0
BRDA:161,11,0,0
BRDA:161,11,1,0
BRDA:170,12,0,0
BRDA:170,12,1,0
BRDA:176,13,0,0
BRDA:176,13,1,0
BRDA:194,14,0,0
BRDA:194,14,1,0
BRDA:194,15,0,0
BRDA:194,15,1,0
BRDA:196,16,0,0
BRDA:196,16,1,0
BRDA:205,17,0,0
BRDA:205,17,1,0
BRDA:212,18,0,0
BRDA:212,18,1,0
BRDA:234,19,0,0
BRDA:234,19,1,0
BRDA:234,20,0,0
BRDA:234,20,1,0
BRDA:234,20,2,0
BRDA:249,21,0,0
BRDA:249,21,1,0
BRDA:265,22,0,0
BRDA:265,22,1,0
BRDA:268,23,0,0
BRDA:268,23,1,0
BRDA:297,24,0,0
BRDA:297,24,1,0
BRDA:297,25,0,0
BRDA:297,25,1,0
BRDA:310,26,0,0
BRDA:310,26,1,0
BRDA:324,27,0,0
BRDA:324,27,1,0
BRDA:329,28,0,0
BRDA:329,28,1,0
BRDA:341,29,0,0
BRDA:341,29,1,0
BRDA:341,30,0,0
BRDA:341,30,1,0
BRDA:343,31,0,0
BRDA:343,31,1,0
BRDA:353,32,0,0
BRDA:353,32,1,0
BRDA:356,33,0,0
BRDA:356,33,1,0
BRDA:371,34,0,0
BRDA:371,34,1,0
BRDA:371,34,2,0
BRDA:371,34,3,0
BRDA:389,35,0,38
BRDA:389,35,1,14
BRDA:390,36,0,38
BRDA:390,36,1,14
BRDA:390,37,0,38
BRDA:390,37,1,0
BRDA:391,38,0,38
BRDA:391,38,1,14
BRDA:399,39,0,0
BRDA:399,39,1,52
BRDA:401,40,0,52
BRDA:401,40,1,38
BRDA:402,41,0,52
BRDA:402,41,1,38
BRDA:432,42,0,52
BRDA:432,42,1,0
BRDA:433,43,0,52
BRDA:433,43,1,2
BRDA:434,44,0,52
BRDA:434,44,1,12
BRDA:435,45,0,52
BRDA:435,45,1,38
BRDA:436,46,0,52
BRDA:436,46,1,0
BRDA:447,47,0,52
BRDA:447,47,1,52
BRDA:447,47,2,14
BRDA:447,47,3,38
BRDA:449,48,0,38
BRDA:449,48,1,0
BRDA:449,49,0,0
BRDA:449,49,1,0
BRDA:457,50,0,38
BRDA:457,50,1,0
BRDA:457,51,0,38
BRDA:457,51,1,0
BRDA:458,52,0,0
BRDA:458,52,1,0
BRDA:459,53,0,0
BRDA:459,53,1,0
BRDA:471,54,0,12
BRDA:471,54,1,40
BRDA:485,55,0,52
BRDA:485,55,1,38
BRDA:502,56,0,38
BRDA:502,56,1,0
BRDA:511,57,0,52
BRDA:511,57,1,2
BRDA:532,58,0,52
BRDA:532,58,1,38
BRDA:535,59,0,0
BRDA:535,59,1,38
BRDA:536,60,0,38
BRDA:536,60,1,0
BRDA:547,61,0,52
BRDA:547,61,1,2
BRDA:547,62,0,52
BRDA:547,62,1,50
BRDA:550,63,0,2
BRDA:550,63,1,0
BRDA:554,64,0,2
BRDA:554,64,1,0
BRDA:566,65,0,52
BRDA:566,65,1,0
BRDA:566,65,2,0
BRDA:566,65,3,0
BRDA:630,66,0,0
BRDA:630,66,1,0
BRDA:682,67,0,0
BRDA:682,67,1,0
BRDA:682,68,0,0
BRDA:682,68,1,0
BRDA:682,68,2,0
BRDA:692,69,0,0
BRDA:692,69,1,0
BRDA:692,69,2,0
BRDA:706,70,0,0
BRDA:706,70,1,0
BRDA:706,71,0,0
BRDA:706,71,1,0
BRDA:706,72,0,0
BRDA:706,72,1,0
BRDA:738,73,0,52
BRDA:738,73,1,0
BRDA:739,74,0,52
BRDA:739,74,1,0
BRDA:740,75,0,52
BRDA:740,75,1,0
BRDA:741,76,0,52
BRDA:741,76,1,0
BRDA:742,77,0,52
BRDA:742,77,1,0
BRDA:755,78,0,52
BRDA:755,78,1,0
BRDA:755,78,2,0
BRDA:818,79,0,0
BRDA:818,79,1,0
BRDA:818,80,0,0
BRDA:818,80,1,0
BRDA:822,81,0,0
BRDA:822,81,1,0
BRDA:822,81,2,0
BRDA:822,81,3,0
BRF:178
BRH:53
end_of_record
TN:
SF:src\components\kanban\TaskContextMenu\TaskContextMenu.tsx
FN:21,(anonymous_1)
FN:27,(anonymous_2)
FN:28,(anonymous_3)
FN:30,(anonymous_4)
FN:31,(anonymous_5)
FN:32,(anonymous_6)
FN:34,(anonymous_7)
FN:35,(anonymous_8)
FN:38,(anonymous_9)
FN:41,(anonymous_10)
FN:47,(anonymous_11)
FN:53,(anonymous_12)
FN:58,(anonymous_13)
FN:68,(anonymous_14)
FN:116,(anonymous_15)
FN:118,(anonymous_16)
FN:126,(anonymous_17)
FNF:17
FNH:17
FNDA:53,(anonymous_1)
FNDA:3,(anonymous_2)
FNDA:2,(anonymous_3)
FNDA:2,(anonymous_4)
FNDA:1,(anonymous_5)
FNDA:1,(anonymous_6)
FNDA:1,(anonymous_7)
FNDA:2,(anonymous_8)
FNDA:52,(anonymous_9)
FNDA:2,(anonymous_10)
FNDA:1,(anonymous_11)
FNDA:33,(anonymous_12)
FNDA:37,(anonymous_13)
FNDA:38,(anonymous_14)
FNDA:1,(anonymous_15)
FNDA:342,(anonymous_16)
FNDA:12,(anonymous_17)
DA:1,2
DA:2,2
DA:3,2
DA:7,2
DA:21,2
DA:24,53
DA:26,53
DA:27,3
DA:28,2
DA:30,2
DA:31,1
DA:32,1
DA:34,1
DA:35,2
DA:38,53
DA:39,52
DA:41,37
DA:42,2
DA:43,1
DA:47,37
DA:48,1
DA:49,1
DA:53,37
DA:54,33
DA:55,33
DA:58,37
DA:59,37
DA:60,37
DA:61,37
DA:65,53
DA:68,38
DA:69,38
DA:70,38
DA:71,38
DA:73,38
DA:74,38
DA:77,38
DA:78,38
DA:79,0
DA:81,38
DA:82,1
DA:86,38
DA:89,38
DA:90,38
DA:91,0
DA:93,38
DA:94,1
DA:98,38
DA:100,38
DA:103,38
DA:105,38
DA:116,1
DA:119,342
DA:127,12
DA:128,12
DA:129,12
DA:142,38
DA:145,2
LF:58
LH:56
BRDA:39,0,0,15
BRDA:39,0,1,37
BRDA:42,1,0,1
BRDA:42,1,1,1
BRDA:42,2,0,2
BRDA:42,2,1,2
BRDA:48,3,0,1
BRDA:48,3,1,0
BRDA:65,4,0,15
BRDA:65,4,1,38
BRDA:78,5,0,0
BRDA:78,5,1,38
BRDA:81,6,0,1
BRDA:81,6,1,37
BRDA:90,7,0,0
BRDA:90,7,1,38
BRDA:93,8,0,1
BRDA:93,8,1,37
BRDA:119,9,0,76
BRDA:119,9,1,266
BRDA:125,10,0,38
BRDA:125,10,1,228
BRF:22
BRH:19
end_of_record
TN:
SF:src\components\kanban\TaskDetailModal\TaskDetailModal.tsx
FN:29,(anonymous_1)
FN:76,(anonymous_2)
FN:98,(anonymous_3)
FN:104,(anonymous_4)
FN:113,(anonymous_5)
FN:118,(anonymous_6)
FN:119,(anonymous_7)
FN:120,(anonymous_8)
FN:128,(anonymous_9)
FN:130,(anonymous_10)
FN:131,(anonymous_11)
FN:147,(anonymous_12)
FN:166,(anonymous_13)
FN:179,(anonymous_14)
FN:205,(anonymous_15)
FN:206,(anonymous_16)
FN:214,(anonymous_17)
FN:220,(anonymous_18)
FN:226,(anonymous_19)
FN:231,(anonymous_20)
FN:237,(anonymous_21)
FN:241,(anonymous_22)
FN:244,(anonymous_23)
FN:256,(anonymous_24)
FN:261,(anonymous_25)
FN:262,(anonymous_26)
FN:268,(anonymous_27)
FN:274,(anonymous_28)
FN:325,(anonymous_29)
FN:338,(anonymous_30)
FN:346,(anonymous_31)
FN:372,(anonymous_32)
FN:381,(anonymous_33)
FN:424,(anonymous_34)
FN:450,(anonymous_35)
FN:455,(anonymous_36)
FN:484,(anonymous_37)
FN:502,(anonymous_38)
FN:568,(anonymous_39)
FN:569,(anonymous_40)
FN:617,(anonymous_41)
FN:668,(anonymous_42)
FN:677,(anonymous_43)
FN:714,(anonymous_44)
FN:715,(anonymous_45)
FN:716,(anonymous_46)
FN:717,(anonymous_47)
FN:730,(anonymous_48)
FN:731,(anonymous_49)
FN:735,(anonymous_50)
FN:777,(anonymous_51)
FN:793,(anonymous_52)
FN:803,(anonymous_53)
FN:813,(anonymous_54)
FN:830,(anonymous_55)
FN:841,(anonymous_56)
FN:849,(anonymous_57)
FN:853,(anonymous_58)
FN:870,(anonymous_59)
FN:878,(anonymous_60)
FN:889,(anonymous_61)
FN:892,(anonymous_62)
FN:900,(anonymous_63)
FN:910,(anonymous_64)
FN:941,(anonymous_65)
FN:942,(anonymous_66)
FN:958,(anonymous_67)
FN:959,(anonymous_68)
FN:963,(anonymous_69)
FN:981,(anonymous_70)
FN:1001,(anonymous_71)
FN:1002,(anonymous_72)
FNF:72
FNH:12
FNDA:24,(anonymous_1)
FNDA:0,(anonymous_2)
FNDA:24,(anonymous_3)
FNDA:24,(anonymous_4)
FNDA:46,(anonymous_5)
FNDA:0,(anonymous_6)
FNDA:0,(anonymous_7)
FNDA:0,(anonymous_8)
FNDA:0,(anonymous_9)
FNDA:0,(anonymous_10)
FNDA:0,(anonymous_11)
FNDA:0,(anonymous_12)
FNDA:0,(anonymous_13)
FNDA:0,(anonymous_14)
FNDA:0,(anonymous_15)
FNDA:0,(anonymous_16)
FNDA:0,(anonymous_17)
FNDA:24,(anonymous_18)
FNDA:0,(anonymous_19)
FNDA:24,(anonymous_20)
FNDA:0,(anonymous_21)
FNDA:0,(anonymous_22)
FNDA:0,(anonymous_23)
FNDA:0,(anonymous_24)
FNDA:0,(anonymous_25)
FNDA:0,(anonymous_26)
FNDA:0,(anonymous_27)
FNDA:0,(anonymous_28)
FNDA:0,(anonymous_29)
FNDA:0,(anonymous_30)
FNDA:0,(anonymous_31)
FNDA:0,(anonymous_32)
FNDA:0,(anonymous_33)
FNDA:0,(anonymous_34)
FNDA:46,(anonymous_35)
FNDA:0,(anonymous_36)
FNDA:0,(anonymous_37)
FNDA:0,(anonymous_38)
FNDA:24,(anonymous_39)
FNDA:24,(anonymous_40)
FNDA:51,(anonymous_41)
FNDA:1,(anonymous_42)
FNDA:1,(anonymous_43)
FNDA:0,(anonymous_44)
FNDA:0,(anonymous_45)
FNDA:0,(anonymous_46)
FNDA:0,(anonymous_47)
FNDA:0,(anonymous_48)
FNDA:0,(anonymous_49)
FNDA:0,(anonymous_50)
FNDA:0,(anonymous_51)
FNDA:0,(anonymous_52)
FNDA:0,(anonymous_53)
FNDA:0,(anonymous_54)
FNDA:0,(anonymous_55)
FNDA:0,(anonymous_56)
FNDA:0,(anonymous_57)
FNDA:0,(anonymous_58)
FNDA:0,(anonymous_59)
FNDA:0,(anonymous_60)
FNDA:0,(anonymous_61)
FNDA:0,(anonymous_62)
FNDA:0,(anonymous_63)
FNDA:0,(anonymous_64)
FNDA:0,(anonymous_65)
FNDA:0,(anonymous_66)
FNDA:0,(anonymous_67)
FNDA:0,(anonymous_68)
FNDA:0,(anonymous_69)
FNDA:0,(anonymous_70)
FNDA:0,(anonymous_71)
FNDA:0,(anonymous_72)
DA:1,1
DA:2,1
DA:4,1
DA:5,1
DA:6,1
DA:7,1
DA:8,1
DA:9,1
DA:10,1
DA:11,1
DA:12,1
DA:13,1
DA:29,1
DA:42,24
DA:43,24
DA:44,24
DA:45,24
DA:48,24
DA:49,24
DA:50,24
DA:51,24
DA:54,24
DA:55,24
DA:56,24
DA:57,24
DA:58,24
DA:59,24
DA:60,24
DA:61,24
DA:62,24
DA:63,24
DA:64,24
DA:65,24
DA:66,24
DA:67,24
DA:68,24
DA:69,24
DA:70,24
DA:71,24
DA:72,24
DA:73,24
DA:76,24
DA:78,0
DA:79,0
DA:81,0
DA:82,0
DA:83,0
DA:85,0
DA:94,0
DA:98,24
DA:99,24
DA:100,24
DA:104,24
DA:105,24
DA:106,0
DA:107,0
DA:112,24
DA:113,46
DA:114,24
DA:115,24
DA:118,24
DA:119,0
DA:120,0
DA:121,0
DA:124,0
DA:128,24
DA:130,0
DA:131,0
DA:132,0
DA:133,0
DA:137,0
DA:138,0
DA:141,0
DA:147,24
DA:148,0
DA:149,0
DA:152,0
DA:160,0
DA:161,0
DA:166,24
DA:167,0
DA:168,0
DA:169,0
DA:170,0
DA:172,0
DA:173,0
DA:179,24
DA:180,0
DA:181,0
DA:183,0
DA:186,0
DA:187,0
DA:189,0
DA:190,0
DA:192,0
DA:193,0
DA:194,0
DA:195,0
DA:197,0
DA:200,0
DA:205,24
DA:206,0
DA:207,0
DA:208,0
DA:209,0
DA:211,0
DA:214,0
DA:215,0
DA:220,24
DA:221,24
DA:222,0
DA:224,0
DA:225,0
DA:226,0
DA:231,24
DA:232,24
DA:233,0
DA:235,0
DA:236,0
DA:237,0
DA:241,24
DA:242,0
DA:244,0
DA:245,0
DA:247,0
DA:248,0
DA:249,0
DA:250,0
DA:251,0
DA:256,24
DA:257,0
DA:258,0
DA:261,24
DA:262,0
DA:263,0
DA:264,0
DA:268,24
DA:269,0
DA:270,0
DA:274,24
DA:275,0
DA:276,0
DA:279,0
DA:280,0
DA:281,0
DA:282,0
DA:283,0
DA:284,0
DA:285,0
DA:288,0
DA:289,0
DA:292,0
DA:295,0
DA:296,0
DA:299,0
DA:301,0
DA:305,0
DA:307,0
DA:313,0
DA:319,0
DA:322,0
DA:325,24
DA:326,0
DA:327,0
DA:328,0
DA:329,0
DA:330,0
DA:332,0
DA:333,0
DA:338,24
DA:339,0
DA:340,0
DA:341,0
DA:342,0
DA:346,24
DA:347,0
DA:348,0
DA:350,0
DA:353,0
DA:354,0
DA:356,0
DA:357,0
DA:359,0
DA:360,0
DA:361,0
DA:362,0
DA:364,0
DA:367,0
DA:372,24
DA:373,0
DA:374,0
DA:376,0
DA:377,0
DA:378,0
DA:381,0
DA:382,0
DA:387,24
DA:425,0
DA:426,0
DA:427,0
DA:428,0
DA:451,46
DA:456,0
DA:457,0
DA:459,0
DA:485,0
DA:486,0
DA:503,0
DA:504,0
DA:505,0
DA:506,0
DA:507,0
DA:508,0
DA:511,0
DA:512,0
DA:513,0
DA:517,0
DA:518,0
DA:519,0
DA:520,0
DA:523,0
DA:527,0
DA:530,0
DA:531,0
DA:532,0
DA:535,0
DA:536,0
DA:537,0
DA:538,0
DA:540,0
DA:544,0
DA:546,0
DA:547,0
DA:569,24
DA:570,24
DA:572,24
DA:575,24
DA:618,51
DA:668,1
DA:678,1
DA:679,1
DA:714,0
DA:715,0
DA:716,0
DA:718,0
DA:719,0
DA:720,0
DA:721,0
DA:722,0
DA:730,0
DA:732,0
DA:735,0
DA:778,0
DA:779,0
DA:793,0
DA:804,0
DA:805,0
DA:814,0
DA:831,0
DA:832,0
DA:841,0
DA:850,0
DA:853,0
DA:870,0
DA:879,0
DA:880,0
DA:889,0
DA:892,0
DA:901,0
DA:902,0
DA:903,0
DA:911,0
DA:912,0
DA:941,0
DA:943,0
DA:944,0
DA:945,0
DA:946,0
DA:947,0
DA:958,0
DA:960,0
DA:963,0
DA:982,0
DA:983,0
DA:1001,0
DA:1002,0
DA:1010,1
LF:287
LH:81
BRDA:45,0,0,24
BRDA:45,0,1,0
BRDA:45,1,0,0
BRDA:45,1,1,0
BRDA:81,2,0,0
BRDA:81,2,1,0
BRDA:105,3,0,0
BRDA:105,3,1,24
BRDA:105,4,0,24
BRDA:105,4,1,1
BRDA:105,4,2,0
BRDA:112,5,0,0
BRDA:112,5,1,24
BRDA:115,6,0,23
BRDA:115,6,1,1
BRDA:121,7,0,0
BRDA:121,7,1,0
BRDA:132,8,0,0
BRDA:132,8,1,0
BRDA:132,9,0,0
BRDA:132,9,1,0
BRDA:141,10,0,0
BRDA:141,10,1,0
BRDA:160,11,0,0
BRDA:160,11,1,0
BRDA:167,12,0,0
BRDA:167,12,1,0
BRDA:167,13,0,0
BRDA:167,13,1,0
BRDA:172,14,0,0
BRDA:172,14,1,0
BRDA:189,15,0,0
BRDA:189,15,1,0
BRDA:192,16,0,0
BRDA:192,16,1,0
BRDA:221,17,0,24
BRDA:221,17,1,0
BRDA:222,18,0,0
BRDA:222,18,1,0
BRDA:232,19,0,24
BRDA:232,19,1,0
BRDA:233,20,0,0
BRDA:233,20,1,0
BRDA:242,21,0,0
BRDA:242,21,1,0
BRDA:242,22,0,0
BRDA:242,22,1,0
BRDA:245,23,0,0
BRDA:245,23,1,0
BRDA:250,24,0,0
BRDA:250,24,1,0
BRDA:263,25,0,0
BRDA:263,25,1,0
BRDA:269,26,0,0
BRDA:269,26,1,0
BRDA:280,27,0,0
BRDA:280,27,1,0
BRDA:295,28,0,0
BRDA:295,28,1,0
BRDA:296,29,0,0
BRDA:296,29,1,0
BRDA:299,30,0,0
BRDA:299,30,1,0
BRDA:305,31,0,0
BRDA:305,31,1,0
BRDA:326,32,0,0
BRDA:326,32,1,0
BRDA:326,33,0,0
BRDA:326,33,1,0
BRDA:326,33,2,0
BRDA:332,34,0,0
BRDA:332,34,1,0
BRDA:356,35,0,0
BRDA:356,35,1,0
BRDA:359,36,0,0
BRDA:359,36,1,0
BRDA:403,37,0,24
BRDA:403,37,1,24
BRDA:413,38,0,24
BRDA:413,38,1,23
BRDA:426,39,0,0
BRDA:426,39,1,0
BRDA:433,40,0,0
BRDA:433,40,1,23
BRDA:436,41,0,23
BRDA:436,41,1,0
BRDA:456,42,0,0
BRDA:456,42,1,0
BRDA:464,43,0,23
BRDA:464,43,1,23
BRDA:470,44,0,23
BRDA:470,44,1,0
BRDA:470,44,2,0
BRDA:503,45,0,0
BRDA:503,45,1,0
BRDA:517,46,0,0
BRDA:517,46,1,0
BRDA:519,47,0,0
BRDA:519,47,1,0
BRDA:535,48,0,0
BRDA:535,48,1,0
BRDA:535,49,0,0
BRDA:535,49,1,0
BRDA:537,50,0,0
BRDA:537,50,1,0
BRDA:553,51,0,24
BRDA:553,51,1,24
BRDA:553,51,2,23
BRDA:564,52,0,24
BRDA:564,52,1,24
BRDA:570,53,0,0
BRDA:570,53,1,24
BRDA:571,54,0,0
BRDA:571,54,1,24
BRDA:572,55,0,0
BRDA:572,55,1,24
BRDA:573,56,0,0
BRDA:573,56,1,24
BRDA:613,57,0,24
BRDA:613,57,1,24
BRDA:634,58,0,24
BRDA:634,58,1,23
BRDA:638,59,0,0
BRDA:638,59,1,23
BRDA:638,60,0,23
BRDA:638,60,1,0
BRDA:639,61,0,23
BRDA:639,61,1,0
BRDA:639,62,0,23
BRDA:639,62,1,0
BRDA:649,63,0,24
BRDA:649,63,1,23
BRDA:673,64,0,24
BRDA:673,64,1,24
BRDA:693,65,0,24
BRDA:693,65,1,0
BRDA:693,65,2,0
BRDA:700,66,0,0
BRDA:700,66,1,0
BRDA:701,67,0,0
BRDA:701,67,1,0
BRDA:719,68,0,0
BRDA:719,68,1,0
BRDA:719,69,0,0
BRDA:719,69,1,0
BRDA:719,69,2,0
BRDA:721,70,0,0
BRDA:721,70,1,0
BRDA:729,71,0,0
BRDA:729,71,1,0
BRDA:729,71,2,0
BRDA:743,72,0,0
BRDA:743,72,1,0
BRDA:743,73,0,0
BRDA:743,73,1,0
BRDA:743,74,0,0
BRDA:743,74,1,0
BRDA:773,75,0,24
BRDA:773,75,1,0
BRDA:773,75,2,0
BRDA:786,76,0,0
BRDA:786,76,1,0
BRDA:787,77,0,0
BRDA:787,77,1,0
BRDA:814,78,0,0
BRDA:814,78,1,0
BRDA:826,79,0,24
BRDA:826,79,1,0
BRDA:826,79,2,0
BRDA:844,80,0,0
BRDA:844,80,1,0
BRDA:848,81,0,0
BRDA:848,81,1,0
BRDA:848,82,0,0
BRDA:848,82,1,0
BRDA:853,83,0,0
BRDA:853,83,1,0
BRDA:864,84,0,0
BRDA:864,84,1,0
BRDA:888,85,0,0
BRDA:888,85,1,0
BRDA:944,86,0,0
BRDA:944,86,1,0
BRDA:944,87,0,0
BRDA:944,87,1,0
BRDA:944,87,2,0
BRDA:946,88,0,0
BRDA:946,88,1,0
BRDA:957,89,0,0
BRDA:957,89,1,0
BRDA:957,89,2,0
BRDA:971,90,0,0
BRDA:971,90,1,0
BRDA:971,91,0,0
BRDA:971,91,1,0
BRDA:971,92,0,0
BRDA:971,92,1,0
BRF:197
BRH:42
end_of_record
TN:
SF:src\components\kanban\TaskForm\TaskForm.tsx
FN:16,(anonymous_1)
FN:48,(anonymous_2)
FN:70,(anonymous_3)
FN:131,(anonymous_4)
FN:198,(anonymous_5)
FN:199,(anonymous_6)
FN:202,(anonymous_7)
FN:207,(anonymous_8)
FN:216,(anonymous_9)
FN:218,(anonymous_10)
FN:226,(anonymous_11)
FN:227,(anonymous_12)
FN:229,(anonymous_13)
FN:235,(anonymous_14)
FN:253,(anonymous_15)
FN:267,(anonymous_16)
FN:284,(anonymous_17)
FN:318,(anonymous_18)
FN:322,(anonymous_19)
FN:323,(anonymous_20)
FN:342,(anonymous_21)
FN:352,(anonymous_22)
FN:352,(anonymous_23)
FN:357,(anonymous_24)
FN:376,(anonymous_25)
FN:383,(anonymous_26)
FN:406,(anonymous_27)
FN:416,(anonymous_28)
FN:430,(anonymous_29)
FN:431,(anonymous_30)
FN:450,(anonymous_31)
FN:456,(anonymous_32)
FN:486,(anonymous_33)
FNF:33
FNH:16
FNDA:30,(anonymous_1)
FNDA:21,(anonymous_2)
FNDA:2,(anonymous_3)
FNDA:1,(anonymous_4)
FNDA:4,(anonymous_5)
FNDA:4,(anonymous_6)
FNDA:0,(anonymous_7)
FNDA:0,(anonymous_8)
FNDA:0,(anonymous_9)
FNDA:0,(anonymous_10)
FNDA:0,(anonymous_11)
FNDA:0,(anonymous_12)
FNDA:0,(anonymous_13)
FNDA:0,(anonymous_14)
FNDA:2,(anonymous_15)
FNDA:3,(anonymous_16)
FNDA:1,(anonymous_17)
FNDA:3,(anonymous_18)
FNDA:0,(anonymous_19)
FNDA:0,(anonymous_20)
FNDA:1,(anonymous_21)
FNDA:90,(anonymous_22)
FNDA:87,(anonymous_23)
FNDA:0,(anonymous_24)
FNDA:120,(anonymous_25)
FNDA:0,(anonymous_26)
FNDA:0,(anonymous_27)
FNDA:0,(anonymous_28)
FNDA:1,(anonymous_29)
FNDA:0,(anonymous_30)
FNDA:3,(anonymous_31)
FNDA:0,(anonymous_32)
FNDA:0,(anonymous_33)
DA:1,1
DA:3,1
DA:4,1
DA:5,1
DA:6,1
DA:7,1
DA:16,1
DA:22,30
DA:23,30
DA:24,30
DA:25,30
DA:37,30
DA:38,30
DA:44,30
DA:45,30
DA:48,30
DA:49,21
DA:51,3
DA:53,3
DA:64,3
DA:70,30
DA:77,2
DA:80,2
DA:81,0
DA:82,2
DA:83,0
DA:84,2
DA:85,0
DA:89,2
DA:90,0
DA:94,2
DA:95,0
DA:99,2
DA:100,0
DA:101,0
DA:105,2
DA:106,0
DA:107,0
DA:110,2
DA:112,1
DA:126,1
DA:127,1
DA:130,1
DA:131,1
DA:133,1
DA:134,0
DA:140,0
DA:144,1
DA:158,1
DA:159,1
DA:160,1
DA:163,1
DA:164,0
DA:170,0
DA:176,2
DA:177,2
DA:180,0
DA:192,0
DA:193,0
DA:198,30
DA:199,4
DA:201,4
DA:202,0
DA:207,30
DA:210,0
DA:212,0
DA:216,30
DA:217,0
DA:218,0
DA:222,0
DA:226,30
DA:227,0
DA:229,0
DA:235,30
DA:236,0
DA:237,0
DA:238,0
DA:239,0
DA:240,0
DA:244,30
DA:251,30
DA:253,2
DA:267,3
DA:284,1
DA:319,3
DA:323,0
DA:324,0
DA:342,1
DA:352,90
DA:353,87
DA:358,0
DA:359,0
DA:377,120
DA:383,0
DA:406,0
DA:416,0
DA:430,1
DA:432,0
DA:433,0
DA:434,0
DA:451,3
DA:456,0
DA:486,0
DA:503,1
LF:104
LH:63
BRDA:18,0,0,24
BRDA:19,1,0,29
BRDA:49,2,0,3
BRDA:49,2,1,18
BRDA:51,3,0,3
BRDA:51,3,1,0
BRDA:51,4,0,0
BRDA:51,4,1,0
BRDA:64,5,0,3
BRDA:64,5,1,0
BRDA:70,6,0,2
BRDA:80,7,0,0
BRDA:80,7,1,2
BRDA:82,8,0,0
BRDA:82,8,1,2
BRDA:84,9,0,0
BRDA:84,9,1,2
BRDA:89,10,0,0
BRDA:89,10,1,2
BRDA:94,11,0,0
BRDA:94,11,1,2
BRDA:94,12,0,2
BRDA:94,12,1,0
BRDA:99,13,0,0
BRDA:99,13,1,2
BRDA:100,14,0,0
BRDA:100,14,1,0
BRDA:100,15,0,0
BRDA:100,15,1,0
BRDA:105,16,0,0
BRDA:105,16,1,2
BRDA:110,17,0,1
BRDA:110,17,1,1
BRDA:110,18,0,2
BRDA:110,18,1,1
BRDA:116,19,0,1
BRDA:116,19,1,0
BRDA:116,20,0,1
BRDA:116,20,1,1
BRDA:123,21,0,1
BRDA:123,21,1,0
BRDA:130,22,0,1
BRDA:130,22,1,0
BRDA:130,23,0,0
BRDA:130,23,1,0
BRDA:131,24,0,1
BRDA:131,24,1,0
BRDA:133,25,0,0
BRDA:133,25,1,1
BRDA:148,26,0,0
BRDA:148,26,1,1
BRDA:148,27,0,1
BRDA:148,27,1,1
BRDA:158,28,0,1
BRDA:158,28,1,0
BRDA:163,29,0,0
BRDA:163,29,1,1
BRDA:163,30,0,1
BRDA:163,30,1,1
BRDA:176,31,0,2
BRDA:176,31,1,0
BRDA:201,32,0,0
BRDA:201,32,1,4
BRDA:210,33,0,0
BRDA:210,33,1,0
BRDA:210,34,0,0
BRDA:210,34,1,0
BRDA:210,34,2,0
BRDA:217,35,0,0
BRDA:217,35,1,0
BRDA:217,36,0,0
BRDA:217,36,1,0
BRDA:236,37,0,0
BRDA:236,37,1,0
BRDA:238,38,0,0
BRDA:238,38,1,0
BRDA:238,39,0,0
BRDA:238,39,1,0
BRDA:238,39,2,0
BRDA:273,40,0,30
BRDA:273,40,1,0
BRDA:291,41,0,30
BRDA:291,41,1,0
BRDA:316,42,0,30
BRDA:316,42,1,30
BRDA:316,42,2,3
BRDA:323,43,0,0
BRDA:323,43,1,0
BRDA:346,44,0,1
BRDA:346,44,1,29
BRDA:350,45,0,1
BRDA:350,45,1,29
BRDA:358,46,0,0
BRDA:358,46,1,0
BRDA:405,47,0,0
BRDA:405,47,1,30
BRDA:406,48,0,0
BRDA:406,48,1,0
BRDA:415,49,0,0
BRDA:415,49,1,30
BRDA:416,50,0,0
BRDA:416,50,1,0
BRDA:432,51,0,0
BRDA:432,51,1,0
BRDA:448,52,0,30
BRDA:448,52,1,3
BRDA:482,53,0,30
BRDA:482,53,1,24
BRDA:495,54,0,6
BRDA:495,54,1,24
BRF:110
BRH:52
end_of_record
TN:
SF:src\components\kanban\VirtualizedTaskList\VirtualizedTaskList.tsx
FN:17,(anonymous_1)
FN:32,(anonymous_2)
FN:42,(anonymous_3)
FN:47,(anonymous_4)
FN:52,(anonymous_5)
FN:53,(anonymous_6)
FN:61,(anonymous_7)
FN:68,(anonymous_8)
FN:111,(anonymous_9)
FN:134,(anonymous_10)
FN:138,(anonymous_11)
FNF:11
FNH:11
FNDA:25,(anonymous_1)
FNDA:25,(anonymous_2)
FNDA:25,(anonymous_3)
FNDA:1,(anonymous_4)
FNDA:15,(anonymous_5)
FNDA:15,(anonymous_6)
FNDA:15,(anonymous_7)
FNDA:14,(anonymous_8)
FNDA:77,(anonymous_9)
FNDA:1,(anonymous_10)
FNDA:1,(anonymous_11)
DA:1,2
DA:3,2
DA:4,2
DA:17,2
DA:27,25
DA:28,25
DA:29,25
DA:32,25
DA:33,25
DA:34,25
DA:38,25
DA:42,25
DA:43,25
DA:47,25
DA:48,1
DA:52,25
DA:53,15
DA:54,15
DA:55,9
DA:59,15
DA:60,15
DA:61,15
DA:65,25
DA:66,6
DA:69,14
DA:84,19
DA:112,77
DA:134,2
DA:136,1
DA:139,1
LF:30
LH:30
BRDA:24,0,0,10
BRDA:25,1,0,10
BRDA:54,2,0,9
BRDA:54,2,1,6
BRDA:65,3,0,6
BRDA:65,3,1,19
BRDA:137,4,0,1
BRDA:137,4,1,1
BRDA:137,4,2,1
BRDA:137,4,3,1
BRDA:137,4,4,1
BRDA:137,4,5,1
BRDA:137,4,6,1
BRDA:139,5,0,1
BRDA:139,5,1,1
BRDA:139,5,2,1
BRF:16
BRH:16
end_of_record
TN:
SF:src\components\search\FilterPanel\FilterPanel.tsx
FN:14,(anonymous_9)
FN:35,(anonymous_10)
FN:37,(anonymous_11)
FN:38,(anonymous_12)
FN:39,(anonymous_13)
FN:40,(anonymous_14)
FN:48,(anonymous_15)
FN:50,(anonymous_16)
FN:51,(anonymous_17)
FN:52,(anonymous_18)
FN:54,(anonymous_19)
FN:62,(anonymous_20)
FN:64,(anonymous_21)
FN:65,(anonymous_22)
FN:73,(anonymous_23)
FN:78,(anonymous_24)
FN:82,(anonymous_25)
FN:91,(anonymous_26)
FN:115,(anonymous_27)
FN:119,(anonymous_28)
FN:135,(anonymous_29)
FN:153,(anonymous_30)
FN:157,(anonymous_31)
FN:182,(anonymous_32)
FN:182,(anonymous_33)
FN:194,(anonymous_34)
FN:194,(anonymous_35)
FN:226,(anonymous_36)
FN:230,(anonymous_37)
FN:247,(anonymous_38)
FN:256,(anonymous_39)
FN:272,(anonymous_40)
FN:273,(anonymous_41)
FNF:33
FNH:0
FNDA:0,(anonymous_9)
FNDA:0,(anonymous_10)
FNDA:0,(anonymous_11)
FNDA:0,(anonymous_12)
FNDA:0,(anonymous_13)
FNDA:0,(anonymous_14)
FNDA:0,(anonymous_15)
FNDA:0,(anonymous_16)
FNDA:0,(anonymous_17)
FNDA:0,(anonymous_18)
FNDA:0,(anonymous_19)
FNDA:0,(anonymous_20)
FNDA:0,(anonymous_21)
FNDA:0,(anonymous_22)
FNDA:0,(anonymous_23)
FNDA:0,(anonymous_24)
FNDA:0,(anonymous_25)
FNDA:0,(anonymous_26)
FNDA:0,(anonymous_27)
FNDA:0,(anonymous_28)
FNDA:0,(anonymous_29)
FNDA:0,(anonymous_30)
FNDA:0,(anonymous_31)
FNDA:0,(anonymous_32)
FNDA:0,(anonymous_33)
FNDA:0,(anonymous_34)
FNDA:0,(anonymous_35)
FNDA:0,(anonymous_36)
FNDA:0,(anonymous_37)
FNDA:0,(anonymous_38)
FNDA:0,(anonymous_39)
FNDA:0,(anonymous_40)
FNDA:0,(anonymous_41)
DA:1,0
DA:2,0
DA:3,0
DA:5,0
DA:6,0
DA:7,0
DA:14,0
DA:26,0
DA:28,0
DA:29,0
DA:35,0
DA:36,0
DA:37,0
DA:38,0
DA:39,0
DA:40,0
DA:44,0
DA:48,0
DA:49,0
DA:50,0
DA:51,0
DA:52,0
DA:53,0
DA:54,0
DA:58,0
DA:62,0
DA:63,0
DA:64,0
DA:65,0
DA:66,0
DA:69,0
DA:73,0
DA:74,0
DA:78,0
DA:79,0
DA:82,0
DA:83,0
DA:84,0
DA:87,0
DA:89,0
DA:91,0
DA:115,0
DA:120,0
DA:135,0
DA:154,0
DA:158,0
DA:182,0
DA:194,0
DA:226,0
DA:231,0
DA:247,0
DA:256,0
DA:273,0
DA:274,0
DA:277,0
DA:314,0
LF:56
LH:0
BRDA:53,0,0,0
BRDA:53,0,1,0
BRDA:87,1,0,0
BRDA:87,1,1,0
BRDA:114,2,0,0
BRDA:114,2,1,0
BRDA:115,3,0,0
BRDA:115,3,1,0
BRDA:134,4,0,0
BRDA:134,4,1,0
BRDA:135,5,0,0
BRDA:135,5,1,0
BRDA:156,6,0,0
BRDA:156,6,1,0
BRDA:158,7,0,0
BRDA:158,7,1,0
BRDA:164,8,0,0
BRDA:164,8,1,0
BRDA:181,9,0,0
BRDA:181,9,1,0
BRDA:184,10,0,0
BRDA:184,10,1,0
BRDA:193,11,0,0
BRDA:193,11,1,0
BRDA:196,12,0,0
BRDA:196,12,1,0
BRDA:225,13,0,0
BRDA:225,13,1,0
BRDA:226,14,0,0
BRDA:226,14,1,0
BRDA:256,15,0,0
BRDA:256,15,1,0
BRDA:258,16,0,0
BRDA:258,16,1,0
BRDA:260,17,0,0
BRDA:260,17,1,0
BRDA:274,18,0,0
BRDA:274,18,1,0
BRDA:275,19,0,0
BRDA:275,19,1,0
BRDA:285,20,0,0
BRDA:285,20,1,0
BRDA:286,21,0,0
BRDA:286,21,1,0
BRF:44
BRH:0
end_of_record
TN:
SF:src\components\search\NoResults\NoResults.tsx
FN:9,(anonymous_0)
FNF:1
FNH:1
FNDA:15,(anonymous_0)
DA:2,1
DA:9,1
DA:10,15
DA:34,1
LF:4
LH:4
BRDA:14,0,0,7
BRDA:14,0,1,8
BRDA:17,1,0,7
BRDA:17,1,1,8
BRDA:22,2,0,15
BRDA:22,2,1,7
BRF:6
BRH:6
end_of_record
TN:
SF:src\components\search\SearchBar\SearchBar.tsx
FN:10,(anonymous_0)
FN:18,(anonymous_1)
FN:19,(anonymous_2)
FN:23,(anonymous_3)
FN:27,(anonymous_4)
FN:33,(anonymous_5)
FN:37,(anonymous_6)
FNF:7
FNH:0
FNDA:0,(anonymous_0)
FNDA:0,(anonymous_1)
FNDA:0,(anonymous_2)
FNDA:0,(anonymous_3)
FNDA:0,(anonymous_4)
FNDA:0,(anonymous_5)
FNDA:0,(anonymous_6)
DA:1,0
DA:2,0
DA:3,0
DA:10,0
DA:14,0
DA:15,0
DA:18,0
DA:19,0
DA:20,0
DA:23,0
DA:27,0
DA:28,0
DA:29,0
DA:33,0
DA:34,0
DA:37,0
DA:38,0
DA:39,0
DA:42,0
DA:70,0
LF:20
LH:0
BRDA:11,0,0,0
BRDA:12,1,0,0
BRDA:28,2,0,0
BRDA:28,2,1,0
BRDA:55,3,0,0
BRDA:55,3,1,0
BRF:6
BRH:0
end_of_record
TN:
SF:src\components\search\SearchInterface\SearchInterface.tsx
FN:11,(anonymous_1)
FN:15,(anonymous_2)
FN:19,(anonymous_3)
FNF:3
FNH:0
FNDA:0,(anonymous_1)
FNDA:0,(anonymous_2)
FNDA:0,(anonymous_3)
DA:1,0
DA:2,0
DA:3,0
DA:4,0
DA:5,0
DA:11,0
DA:12,0
DA:13,0
DA:15,0
DA:16,0
DA:19,0
DA:20,0
DA:23,0
DA:63,0
LF:14
LH:0
BRDA:11,0,0,0
BRDA:33,1,0,0
BRDA:33,1,1,0
BRDA:38,2,0,0
BRDA:38,2,1,0
BRDA:43,3,0,0
BRDA:43,3,1,0
BRF:7
BRH:0
end_of_record
TN:
SF:src\components\ui\Button\Button.tsx
FN:20,(anonymous_9)
FN:29,(anonymous_10)
FN:30,(anonymous_11)
FN:31,(anonymous_12)
FN:40,(anonymous_13)
FN:45,(anonymous_14)
FN:47,(anonymous_15)
FN:57,(anonymous_16)
FN:67,(anonymous_17)
FN:77,(anonymous_18)
FN:87,(anonymous_19)
FN:91,(anonymous_20)
FN:101,(anonymous_21)
FN:108,(anonymous_22)
FN:120,(anonymous_23)
FN:129,(anonymous_24)
FN:150,(anonymous_25)
FN:153,(anonymous_26)
FN:204,(anonymous_27)
FNF:19
FNH:0
FNDA:0,(anonymous_9)
FNDA:0,(anonymous_10)
FNDA:0,(anonymous_11)
FNDA:0,(anonymous_12)
FNDA:0,(anonymous_13)
FNDA:0,(anonymous_14)
FNDA:0,(anonymous_15)
FNDA:0,(anonymous_16)
FNDA:0,(anonymous_17)
FNDA:0,(anonymous_18)
FNDA:0,(anonymous_19)
FNDA:0,(anonymous_20)
FNDA:0,(anonymous_21)
FNDA:0,(anonymous_22)
FNDA:0,(anonymous_23)
FNDA:0,(anonymous_24)
FNDA:0,(anonymous_25)
FNDA:0,(anonymous_26)
FNDA:0,(anonymous_27)
DA:1,0
DA:2,0
DA:5,0
DA:11,0
DA:21,0
DA:22,0
DA:23,0
DA:24,0
DA:25,0
DA:29,0
DA:30,0
DA:32,0
DA:33,0
DA:34,0
DA:35,0
DA:36,0
DA:41,0
DA:45,0
DA:48,0
DA:49,0
DA:50,0
DA:51,0
DA:52,0
DA:58,0
DA:59,0
DA:60,0
DA:61,0
DA:62,0
DA:63,0
DA:68,0
DA:69,0
DA:70,0
DA:71,0
DA:72,0
DA:73,0
DA:78,0
DA:79,0
DA:80,0
DA:87,0
DA:92,0
DA:93,0
DA:94,0
DA:95,0
DA:96,0
DA:97,0
DA:102,0
DA:103,0
DA:104,0
DA:109,0
DA:112,0
DA:113,0
DA:121,0
DA:122,0
DA:123,0
DA:124,0
DA:125,0
DA:130,0
DA:131,0
DA:132,0
DA:133,0
DA:134,0
DA:140,0
DA:149,0
DA:150,0
DA:153,0
DA:169,0
DA:171,0
DA:204,0
DA:205,0
LF:69
LH:0
BRDA:21,0,0,0
BRDA:21,0,1,0
BRDA:21,0,2,0
BRDA:21,0,3,0
BRDA:32,1,0,0
BRDA:32,1,1,0
BRDA:32,1,2,0
BRDA:32,1,3,0
BRDA:41,2,0,0
BRDA:41,2,1,0
BRDA:41,3,0,0
BRDA:41,3,1,0
BRDA:45,4,0,0
BRDA:45,4,1,0
BRDA:48,5,0,0
BRDA:48,5,1,0
BRDA:48,5,2,0
BRDA:48,5,3,0
BRDA:58,6,0,0
BRDA:58,6,1,0
BRDA:58,6,2,0
BRDA:58,6,3,0
BRDA:58,6,4,0
BRDA:68,7,0,0
BRDA:68,7,1,0
BRDA:68,7,2,0
BRDA:68,7,3,0
BRDA:68,7,4,0
BRDA:78,8,0,0
BRDA:78,8,1,0
BRDA:92,9,0,0
BRDA:92,9,1,0
BRDA:92,9,2,0
BRDA:92,9,3,0
BRDA:92,9,4,0
BRDA:102,10,0,0
BRDA:102,10,1,0
BRDA:109,11,0,0
BRDA:109,11,1,0
BRDA:109,11,2,0
BRDA:121,12,0,0
BRDA:121,12,1,0
BRDA:121,12,2,0
BRDA:121,12,3,0
BRDA:130,13,0,0
BRDA:130,13,1,0
BRDA:130,13,2,0
BRDA:130,13,3,0
BRDA:150,14,0,0
BRDA:150,14,1,0
BRDA:154,15,0,0
BRDA:155,16,0,0
BRDA:156,17,0,0
BRDA:157,18,0,0
BRDA:165,19,0,0
BRDA:169,20,0,0
BRDA:169,20,1,0
BRDA:169,21,0,0
BRDA:169,21,1,0
BRDA:178,22,0,0
BRDA:178,22,1,0
BRDA:185,23,0,0
BRDA:185,23,1,0
BRDA:187,24,0,0
BRDA:187,24,1,0
BRDA:187,25,0,0
BRDA:187,25,1,0
BRDA:190,26,0,0
BRDA:190,26,1,0
BRDA:206,27,0,0
BRDA:206,27,1,0
BRDA:206,27,2,0
BRDA:206,27,3,0
BRDA:206,27,4,0
BRDA:206,27,5,0
BRF:75
BRH:0
end_of_record
TN:
SF:src\components\ui\Card\Card.tsx
FN:9,(anonymous_1)
FN:10,(anonymous_2)
FN:11,(anonymous_3)
FN:12,(anonymous_4)
FN:13,(anonymous_5)
FN:14,(anonymous_6)
FN:16,(anonymous_7)
FN:25,(anonymous_8)
FN:35,(anonymous_9)
FN:39,(anonymous_10)
FNF:10
FNH:0
FNDA:0,(anonymous_1)
FNDA:0,(anonymous_2)
FNDA:0,(anonymous_3)
FNDA:0,(anonymous_4)
FNDA:0,(anonymous_5)
FNDA:0,(anonymous_6)
FNDA:0,(anonymous_7)
FNDA:0,(anonymous_8)
FNDA:0,(anonymous_9)
FNDA:0,(anonymous_10)
DA:2,0
DA:5,0
DA:9,0
DA:10,0
DA:11,0
DA:12,0
DA:13,0
DA:14,0
DA:17,0
DA:18,0
DA:19,0
DA:20,0
DA:21,0
DA:25,0
DA:35,0
DA:39,0
DA:50,0
DA:57,0
DA:75,0
LF:19
LH:0
BRDA:14,0,0,0
BRDA:14,0,1,0
BRDA:17,1,0,0
BRDA:17,1,1,0
BRDA:17,1,2,0
BRDA:17,1,3,0
BRDA:25,2,0,0
BRDA:25,2,1,0
BRDA:41,3,0,0
BRDA:42,4,0,0
BRDA:43,5,0,0
BRDA:52,6,0,0
BRDA:52,6,1,0
BRF:13
BRH:0
end_of_record
TN:
SF:src\components\ui\CommentContextMenu\CommentContextMenu.tsx
FN:13,(anonymous_0)
FN:24,(anonymous_1)
FN:83,(anonymous_2)
FN:95,(anonymous_3)
FNF:4
FNH:1
FNDA:75,(anonymous_0)
FNDA:0,(anonymous_1)
FNDA:0,(anonymous_2)
FNDA:0,(anonymous_3)
DA:2,3
DA:13,3
DA:21,75
DA:24,0
DA:25,0
DA:26,0
DA:27,0
DA:29,0
DA:30,0
DA:33,0
DA:34,0
DA:36,0
DA:37,0
DA:38,0
DA:40,0
DA:41,0
DA:45,0
DA:46,0
DA:50,0
DA:51,0
DA:52,0
DA:54,0
DA:55,0
DA:59,0
DA:61,0
DA:64,0
DA:66,0
DA:84,0
DA:85,0
DA:86,0
DA:96,0
DA:97,0
DA:98,0
DA:110,3
LF:34
LH:4
BRDA:21,0,0,75
BRDA:21,0,1,0
BRDA:21,1,0,75
BRDA:21,1,1,0
BRDA:33,2,0,0
BRDA:33,2,1,0
BRDA:36,3,0,0
BRDA:36,3,1,0
BRDA:36,4,0,0
BRDA:36,4,1,0
BRDA:40,5,0,0
BRDA:40,5,1,0
BRDA:40,6,0,0
BRDA:40,6,1,0
BRDA:45,7,0,0
BRDA:45,7,1,0
BRDA:51,8,0,0
BRDA:51,8,1,0
BRDA:54,9,0,0
BRDA:54,9,1,0
BRDA:76,10,0,0
BRDA:76,10,1,0
BRF:22
BRH:2
end_of_record
TN:
SF:src\components\ui\DataManager\DataManager.tsx
FN:18,(anonymous_9)
FN:25,(anonymous_10)
FN:28,(anonymous_11)
FN:36,(anonymous_12)
FN:41,(anonymous_13)
FN:47,(anonymous_14)
FN:70,(anonymous_15)
FN:81,(anonymous_16)
FN:105,(anonymous_17)
FN:121,(anonymous_18)
FN:122,(anonymous_19)
FNF:11
FNH:0
FNDA:0,(anonymous_9)
FNDA:0,(anonymous_10)
FNDA:0,(anonymous_11)
FNDA:0,(anonymous_12)
FNDA:0,(anonymous_13)
FNDA:0,(anonymous_14)
FNDA:0,(anonymous_15)
FNDA:0,(anonymous_16)
FNDA:0,(anonymous_17)
FNDA:0,(anonymous_18)
FNDA:0,(anonymous_19)
DA:1,0
DA:2,0
DA:3,0
DA:10,0
DA:11,0
DA:18,0
DA:19,0
DA:20,0
DA:21,0
DA:22,0
DA:25,0
DA:26,0
DA:28,0
DA:29,0
DA:32,0
DA:36,0
DA:37,0
DA:41,0
DA:42,0
DA:43,0
DA:47,0
DA:48,0
DA:49,0
DA:50,0
DA:52,0
DA:53,0
DA:54,0
DA:57,0
DA:59,0
DA:62,0
DA:63,0
DA:65,0
DA:70,0
DA:71,0
DA:74,0
DA:76,0
DA:77,0
DA:79,0
DA:81,0
DA:106,0
DA:122,0
DA:196,0
LF:42
LH:0
BRDA:26,0,0,0
BRDA:26,0,1,0
BRDA:52,1,0,0
BRDA:52,1,1,0
BRDA:74,2,0,0
BRDA:74,2,1,0
BRDA:103,3,0,0
BRDA:103,3,1,0
BRDA:165,4,0,0
BRDA:165,4,1,0
BRF:10
BRH:0
end_of_record
TN:
SF:src\components\ui\ErrorBoundary\ErrorBoundary.tsx
FN:14,(anonymous_0)
FN:31,(anonymous_1)
FN:19,(anonymous_2)
FN:24,(anonymous_3)
FN:35,(anonymous_4)
FN:70,(anonymous_5)
FNF:6
FNH:0
FNDA:0,(anonymous_0)
FNDA:0,(anonymous_1)
FNDA:0,(anonymous_2)
FNDA:0,(anonymous_3)
FNDA:0,(anonymous_4)
FNDA:0,(anonymous_5)
DA:1,0
DA:15,0
DA:21,0
DA:25,0
DA:28,0
DA:31,0
DA:32,0
DA:36,0
DA:38,0
DA:39,0
DA:42,0
DA:70,0
DA:81,0
DA:85,0
LF:14
LH:0
BRDA:36,0,0,0
BRDA:36,0,1,0
BRDA:38,1,0,0
BRDA:38,1,1,0
BRDA:51,2,0,0
BRDA:51,2,1,0
BRDA:51,2,2,0
BRF:7
BRH:0
end_of_record
TN:
SF:src\components\ui\Input\Input.tsx
FN:26,(anonymous_0)
FN:89,(anonymous_1)
FNF:2
FNH:2
FNDA:32,(anonymous_0)
FNDA:9,(anonymous_1)
DA:2,3
DA:26,3
DA:48,32
DA:49,32
DA:50,32
DA:52,32
DA:53,32
DA:54,32
DA:55,32
DA:57,32
DA:66,32
DA:73,32
DA:75,32
DA:89,9
DA:119,3
LF:15
LH:15
BRDA:27,0,0,19
BRDA:33,1,0,19
BRDA:36,2,0,32
BRDA:37,3,0,32
BRDA:38,4,0,19
BRDA:48,5,0,32
BRDA:48,5,1,32
BRDA:54,6,0,0
BRDA:54,6,1,32
BRDA:55,7,0,0
BRDA:55,7,1,32
BRDA:66,8,0,32
BRDA:66,8,1,32
BRDA:68,9,0,0
BRDA:68,9,1,32
BRDA:69,10,0,0
BRDA:69,10,1,32
BRDA:73,11,0,0
BRDA:73,11,1,32
BRDA:77,12,0,32
BRDA:77,12,1,0
BRDA:80,13,0,0
BRDA:80,13,1,0
BRDA:97,14,0,0
BRDA:97,14,1,32
BRDA:100,15,0,32
BRDA:100,15,1,0
BRDA:105,16,0,32
BRDA:105,16,1,0
BRF:29
BRH:18
end_of_record
TN:
SF:src\components\ui\Modal\Modal.tsx
FN:7,(anonymous_0)
FN:23,(anonymous_1)
FN:24,(anonymous_2)
FN:44,(anonymous_3)
FN:52,(anonymous_4)
FNF:5
FNH:4
FNDA:30,(anonymous_0)
FNDA:30,(anonymous_1)
FNDA:0,(anonymous_2)
FNDA:30,(anonymous_3)
FNDA:8,(anonymous_4)
DA:1,4
DA:3,4
DA:4,4
DA:5,4
DA:7,4
DA:16,30
DA:17,30
DA:18,30
DA:20,30
DA:23,30
DA:24,30
DA:25,0
DA:26,0
DA:30,30
DA:31,26
DA:32,26
DA:35,26
DA:36,22
DA:37,22
DA:38,22
DA:41,4
DA:44,30
DA:45,30
DA:46,30
DA:50,30
DA:52,26
DA:53,8
DA:54,0
DA:58,26
DA:59,26
DA:61,26
DA:92,4
LF:32
LH:29
BRDA:11,0,0,0
BRDA:25,1,0,0
BRDA:25,1,1,0
BRDA:25,2,0,0
BRDA:25,2,1,0
BRDA:30,3,0,26
BRDA:30,3,1,4
BRDA:35,4,0,22
BRDA:35,4,1,4
BRDA:36,5,0,22
BRDA:36,5,1,0
BRDA:50,6,0,4
BRDA:50,6,1,26
BRDA:53,7,0,0
BRDA:53,7,1,8
BRDA:58,8,0,26
BRDA:58,8,1,26
BRDA:58,8,2,0
BRDA:59,9,0,26
BRDA:59,9,1,26
BRDA:67,10,0,26
BRDA:67,10,1,0
BRDA:69,11,0,0
BRDA:69,11,1,26
BRDA:77,12,0,26
BRDA:77,12,1,26
BRF:26
BRH:16
end_of_record
TN:
SF:src\components\ui\NotificationSystem\NotificationSystem.tsx
FN:17,(anonymous_0)
FN:20,(anonymous_1)
FN:24,(anonymous_2)
FN:36,(anonymous_3)
FN:52,(anonymous_4)
FN:76,(anonymous_5)
FN:85,(anonymous_6)
FNF:7
FNH:0
FNDA:0,(anonymous_0)
FNDA:0,(anonymous_1)
FNDA:0,(anonymous_2)
FNDA:0,(anonymous_3)
FNDA:0,(anonymous_4)
FNDA:0,(anonymous_5)
FNDA:0,(anonymous_6)
DA:2,0
DA:3,0
DA:4,0
DA:17,0
DA:18,0
DA:20,0
DA:21,0
DA:24,0
DA:25,0
DA:27,0
DA:28,0
DA:29,0
DA:30,0
DA:31,0
DA:32,0
DA:36,0
DA:37,0
DA:40,0
DA:53,0
DA:76,0
DA:77,0
DA:79,0
DA:80,0
DA:83,0
DA:86,0
DA:95,0
LF:26
LH:0
BRDA:27,0,0,0
BRDA:27,0,1,0
BRDA:27,0,2,0
BRDA:27,0,3,0
BRDA:27,0,4,0
BRDA:50,1,0,0
BRDA:50,1,1,0
BRDA:50,1,2,0
BRDA:55,2,0,0
BRDA:55,2,1,0
BRDA:79,3,0,0
BRDA:79,3,1,0
BRF:12
BRH:0
end_of_record
TN:
SF:src\components\ui\SkipLinks\SkipLinks.tsx
FN:32,(anonymous_0)
FN:35,(anonymous_1)
FN:40,(anonymous_2)
FNF:3
FNH:0
FNDA:0,(anonymous_0)
FNDA:0,(anonymous_1)
FNDA:0,(anonymous_2)
DA:2,0
DA:14,0
DA:32,0
DA:33,0
DA:36,0
DA:41,0
DA:42,0
DA:43,0
DA:44,0
DA:45,0
DA:56,0
LF:11
LH:0
BRDA:32,0,0,0
BRDA:43,1,0,0
BRDA:43,1,1,0
BRF:3
BRH:0
end_of_record
TN:
SF:src\components\ui\ThemeToggle\ThemeToggle.tsx
FN:11,(anonymous_0)
FNF:1
FNH:0
FNDA:0,(anonymous_0)
DA:2,0
DA:3,0
DA:11,0
DA:16,0
DA:18,0
DA:44,0
LF:6
LH:0
BRDA:12,0,0,0
BRDA:13,1,0,0
BRDA:14,2,0,0
BRDA:20,3,0,0
BRDA:20,3,1,0
BRDA:22,4,0,0
BRDA:22,4,1,0
BRDA:28,5,0,0
BRDA:28,5,1,0
BRDA:29,6,0,0
BRDA:29,6,1,0
BRDA:30,7,0,0
BRDA:30,7,1,0
BRDA:35,8,0,0
BRDA:35,8,1,0
BRF:15
BRH:0
end_of_record
TN:
SF:src\components\ui\UserAvatar\UserAvatar.tsx
FN:12,(anonymous_0)
FN:18,(anonymous_1)
FNF:2
FNH:0
FNDA:0,(anonymous_0)
FNDA:0,(anonymous_1)
DA:2,0
DA:3,0
DA:12,0
DA:18,0
DA:20,0
DA:21,0
DA:24,0
DA:26,0
DA:29,0
DA:47,0
LF:10
LH:0
BRDA:14,0,0,0
BRDA:15,1,0,0
BRDA:16,2,0,0
BRDA:20,3,0,0
BRDA:20,3,1,0
BRDA:24,4,0,0
BRDA:24,4,1,0
BRDA:25,5,0,0
BRDA:25,5,1,0
BRDA:26,6,0,0
BRDA:26,6,1,0
BRDA:27,7,0,0
BRDA:27,7,1,0
BRDA:36,8,0,0
BRDA:36,8,1,0
BRF:15
BRH:0
end_of_record
TN:
SF:src\components\ui\UserDetectionPanel\UserDetectionPanel.tsx
FN:10,(anonymous_0)
FNF:1
FNH:0
FNDA:0,(anonymous_0)
DA:2,0
DA:10,0
DA:16,0
DA:25,0
LF:4
LH:0
BRDA:11,0,0,0
BRDA:12,1,0,0
BRF:2
BRH:0
end_of_record
TN:
SF:src\components\ui\UserSelector\UserSelector.tsx
FN:14,(anonymous_0)
FN:24,(anonymous_1)
FN:27,(anonymous_2)
FN:33,(anonymous_3)
FN:42,(anonymous_4)
FN:48,(anonymous_5)
FN:57,(anonymous_6)
FN:122,(anonymous_7)
FN:134,(anonymous_8)
FN:139,(anonymous_9)
FNF:10
FNH:0
FNDA:0,(anonymous_0)
FNDA:0,(anonymous_1)
FNDA:0,(anonymous_2)
FNDA:0,(anonymous_3)
FNDA:0,(anonymous_4)
FNDA:0,(anonymous_5)
FNDA:0,(anonymous_6)
FNDA:0,(anonymous_7)
FNDA:0,(anonymous_8)
FNDA:0,(anonymous_9)
DA:1,0
DA:2,0
DA:3,0
DA:4,0
DA:14,0
DA:21,0
DA:22,0
DA:24,0
DA:25,0
DA:27,0
DA:28,0
DA:29,0
DA:33,0
DA:34,0
DA:35,0
DA:39,0
DA:40,0
DA:42,0
DA:43,0
DA:44,0
DA:48,0
DA:49,0
DA:50,0
DA:51,0
DA:54,0
DA:57,0
DA:58,0
DA:59,0
DA:60,0
DA:62,0
DA:63,0
DA:66,0
DA:67,0
DA:68,0
DA:70,0
DA:71,0
DA:75,0
DA:78,0
DA:79,0
DA:80,0
DA:82,0
DA:83,0
DA:87,0
DA:89,0
DA:92,0
DA:94,0
DA:122,0
DA:135,0
DA:139,0
DA:160,0
LF:50
LH:0
BRDA:19,0,0,0
BRDA:21,1,0,0
BRDA:21,1,1,0
BRDA:25,2,0,0
BRDA:25,2,1,0
BRDA:28,3,0,0
BRDA:28,3,1,0
BRDA:28,4,0,0
BRDA:28,4,1,0
BRDA:34,5,0,0
BRDA:34,5,1,0
BRDA:54,6,0,0
BRDA:54,6,1,0
BRDA:67,7,0,0
BRDA:67,7,1,0
BRDA:70,8,0,0
BRDA:70,8,1,0
BRDA:79,9,0,0
BRDA:79,9,1,0
BRDA:82,10,0,0
BRDA:82,10,1,0
BRDA:121,11,0,0
BRDA:121,11,1,0
BRDA:138,12,0,0
BRDA:138,12,1,0
BRDA:147,13,0,0
BRDA:147,13,1,0
BRDA:148,14,0,0
BRDA:148,14,1,0
BRDA:149,15,0,0
BRDA:149,15,1,0
BRF:31
BRH:0
end_of_record
TN:
SF:src\components\ui\styled\Button.styled.ts
FN:11,(anonymous_9)
FN:12,(anonymous_10)
FN:23,(anonymous_11)
FN:33,(anonymous_12)
FN:33,(anonymous_13)
FN:34,(anonymous_14)
FN:35,(anonymous_15)
FN:36,(anonymous_16)
FN:39,(anonymous_17)
FN:39,(anonymous_18)
FN:40,(anonymous_19)
FN:41,(anonymous_20)
FN:42,(anonymous_21)
FN:45,(anonymous_22)
FN:45,(anonymous_23)
FN:46,(anonymous_24)
FN:47,(anonymous_25)
FN:48,(anonymous_26)
FN:55,(anonymous_27)
FN:56,(anonymous_28)
FN:57,(anonymous_29)
FN:60,(anonymous_30)
FN:61,(anonymous_31)
FN:67,(anonymous_32)
FN:71,(anonymous_33)
FN:72,(anonymous_34)
FN:73,(anonymous_35)
FN:76,(anonymous_36)
FN:77,(anonymous_37)
FN:82,(anonymous_38)
FN:83,(anonymous_39)
FN:84,(anonymous_40)
FN:87,(anonymous_41)
FN:88,(anonymous_42)
FN:94,(anonymous_43)
FN:99,(anonymous_44)
FN:103,(anonymous_45)
FN:104,(anonymous_46)
FN:108,(anonymous_47)
FN:109,(anonymous_48)
FN:110,(anonymous_49)
FN:113,(anonymous_50)
FN:114,(anonymous_51)
FN:119,(anonymous_52)
FN:120,(anonymous_53)
FN:121,(anonymous_54)
FN:124,(anonymous_55)
FN:125,(anonymous_56)
FN:160,(anonymous_57)
FN:181,(anonymous_58)
FN:182,(anonymous_59)
FN:183,(anonymous_60)
FN:184,(anonymous_61)
FN:185,(anonymous_62)
FN:189,(anonymous_63)
FN:191,(anonymous_64)
FN:191,(anonymous_65)
FN:192,(anonymous_66)
FN:201,(anonymous_67)
FN:203,(anonymous_68)
FN:207,(anonymous_69)
FN:210,(anonymous_70)
FN:211,(anonymous_71)
FN:215,(anonymous_72)
FN:216,(anonymous_73)
FN:221,(anonymous_74)
FN:231,(anonymous_75)
FN:237,(anonymous_76)
FNF:68
FNH:0
FNDA:0,(anonymous_9)
FNDA:0,(anonymous_10)
FNDA:0,(anonymous_11)
FNDA:0,(anonymous_12)
FNDA:0,(anonymous_13)
FNDA:0,(anonymous_14)
FNDA:0,(anonymous_15)
FNDA:0,(anonymous_16)
FNDA:0,(anonymous_17)
FNDA:0,(anonymous_18)
FNDA:0,(anonymous_19)
FNDA:0,(anonymous_20)
FNDA:0,(anonymous_21)
FNDA:0,(anonymous_22)
FNDA:0,(anonymous_23)
FNDA:0,(anonymous_24)
FNDA:0,(anonymous_25)
FNDA:0,(anonymous_26)
FNDA:0,(anonymous_27)
FNDA:0,(anonymous_28)
FNDA:0,(anonymous_29)
FNDA:0,(anonymous_30)
FNDA:0,(anonymous_31)
FNDA:0,(anonymous_32)
FNDA:0,(anonymous_33)
FNDA:0,(anonymous_34)
FNDA:0,(anonymous_35)
FNDA:0,(anonymous_36)
FNDA:0,(anonymous_37)
FNDA:0,(anonymous_38)
FNDA:0,(anonymous_39)
FNDA:0,(anonymous_40)
FNDA:0,(anonymous_41)
FNDA:0,(anonymous_42)
FNDA:0,(anonymous_43)
FNDA:0,(anonymous_44)
FNDA:0,(anonymous_45)
FNDA:0,(anonymous_46)
FNDA:0,(anonymous_47)
FNDA:0,(anonymous_48)
FNDA:0,(anonymous_49)
FNDA:0,(anonymous_50)
FNDA:0,(anonymous_51)
FNDA:0,(anonymous_52)
FNDA:0,(anonymous_53)
FNDA:0,(anonymous_54)
FNDA:0,(anonymous_55)
FNDA:0,(anonymous_56)
FNDA:0,(anonymous_57)
FNDA:0,(anonymous_58)
FNDA:0,(anonymous_59)
FNDA:0,(anonymous_60)
FNDA:0,(anonymous_61)
FNDA:0,(anonymous_62)
FNDA:0,(anonymous_63)
FNDA:0,(anonymous_64)
FNDA:0,(anonymous_65)
FNDA:0,(anonymous_66)
FNDA:0,(anonymous_67)
FNDA:0,(anonymous_68)
FNDA:0,(anonymous_69)
FNDA:0,(anonymous_70)
FNDA:0,(anonymous_71)
FNDA:0,(anonymous_72)
FNDA:0,(anonymous_73)
FNDA:0,(anonymous_74)
FNDA:0,(anonymous_75)
FNDA:0,(anonymous_76)
DA:1,0
DA:2,0
DA:6,0
DA:11,0
DA:12,0
DA:23,0
DA:31,0
DA:33,0
DA:34,0
DA:35,0
DA:36,0
DA:39,0
DA:40,0
DA:41,0
DA:42,0
DA:45,0
DA:46,0
DA:47,0
DA:48,0
DA:53,0
DA:55,0
DA:56,0
DA:57,0
DA:60,0
DA:61,0
DA:67,0
DA:71,0
DA:72,0
DA:73,0
DA:76,0
DA:77,0
DA:82,0
DA:83,0
DA:84,0
DA:87,0
DA:88,0
DA:94,0
DA:99,0
DA:103,0
DA:104,0
DA:108,0
DA:109,0
DA:110,0
DA:113,0
DA:114,0
DA:119,0
DA:120,0
DA:121,0
DA:124,0
DA:125,0
DA:132,0
DA:159,0
DA:160,0
DA:167,0
DA:172,0
DA:181,0
DA:182,0
DA:183,0
DA:184,0
DA:185,0
DA:190,0
DA:191,0
DA:192,0
DA:199,0
DA:201,0
DA:203,0
DA:207,0
DA:210,0
DA:211,0
DA:215,0
DA:216,0
DA:221,0
DA:227,0
DA:231,0
DA:236,0
DA:237,0
LF:76
LH:0
BRDA:183,0,0,0
BRDA:183,0,1,0
BRDA:184,1,0,0
BRDA:184,1,1,0
BRDA:185,2,0,0
BRDA:185,2,1,0
BRDA:190,3,0,0
BRDA:190,3,1,0
BRDA:231,4,0,0
BRDA:231,4,1,0
BRDA:237,5,0,0
BRDA:237,5,1,0
BRF:12
BRH:0
end_of_record
TN:
SF:src\components\ui\styled\Card.styled.ts
FN:6,(anonymous_9)
FN:7,(anonymous_10)
FN:8,(anonymous_11)
FN:9,(anonymous_12)
FN:18,(anonymous_13)
FN:21,(anonymous_14)
FN:24,(anonymous_15)
FN:38,(anonymous_16)
FN:39,(anonymous_17)
FN:44,(anonymous_18)
FN:48,(anonymous_19)
FN:56,(anonymous_20)
FN:57,(anonymous_21)
FN:60,(anonymous_22)
FN:61,(anonymous_23)
FN:62,(anonymous_24)
FN:65,(anonymous_25)
FN:70,(anonymous_26)
FN:74,(anonymous_27)
FN:75,(anonymous_28)
FN:79,(anonymous_29)
FN:92,(anonymous_30)
FN:93,(anonymous_31)
FN:94,(anonymous_32)
FN:97,(anonymous_33)
FN:100,(anonymous_34)
FN:104,(anonymous_35)
FN:106,(anonymous_36)
FN:114,(anonymous_37)
FN:114,(anonymous_38)
FN:114,(anonymous_39)
FN:114,(anonymous_40)
FN:115,(anonymous_41)
FN:116,(anonymous_42)
FN:116,(anonymous_43)
FN:116,(anonymous_44)
FN:116,(anonymous_45)
FN:120,(anonymous_46)
FN:126,(anonymous_47)
FN:132,(anonymous_48)
FN:132,(anonymous_49)
FN:132,(anonymous_50)
FN:132,(anonymous_51)
FN:133,(anonymous_52)
FN:134,(anonymous_53)
FN:134,(anonymous_54)
FN:134,(anonymous_55)
FN:134,(anonymous_56)
FN:138,(anonymous_57)
FN:144,(anonymous_58)
FN:145,(anonymous_59)
FN:146,(anonymous_60)
FN:147,(anonymous_61)
FN:148,(anonymous_62)
FN:153,(anonymous_63)
FN:154,(anonymous_64)
FN:155,(anonymous_65)
FN:156,(anonymous_66)
FN:161,(anonymous_67)
FN:162,(anonymous_68)
FN:168,(anonymous_69)
FN:171,(anonymous_70)
FN:187,(anonymous_71)
FN:188,(anonymous_72)
FN:188,(anonymous_73)
FN:189,(anonymous_74)
FN:189,(anonymous_75)
FN:189,(anonymous_76)
FN:189,(anonymous_77)
FN:208,(anonymous_78)
FN:209,(anonymous_79)
FN:210,(anonymous_80)
FN:210,(anonymous_81)
FN:211,(anonymous_82)
FN:212,(anonymous_83)
FN:213,(anonymous_84)
FN:215,(anonymous_85)
FN:217,(anonymous_86)
FN:263,(anonymous_87)
FN:264,(anonymous_88)
FN:265,(anonymous_89)
FN:269,(anonymous_90)
FN:270,(anonymous_91)
FN:278,(anonymous_92)
FN:279,(anonymous_93)
FN:280,(anonymous_94)
FN:285,(anonymous_95)
FNF:87
FNH:0
FNDA:0,(anonymous_9)
FNDA:0,(anonymous_10)
FNDA:0,(anonymous_11)
FNDA:0,(anonymous_12)
FNDA:0,(anonymous_13)
FNDA:0,(anonymous_14)
FNDA:0,(anonymous_15)
FNDA:0,(anonymous_16)
FNDA:0,(anonymous_17)
FNDA:0,(anonymous_18)
FNDA:0,(anonymous_19)
FNDA:0,(anonymous_20)
FNDA:0,(anonymous_21)
FNDA:0,(anonymous_22)
FNDA:0,(anonymous_23)
FNDA:0,(anonymous_24)
FNDA:0,(anonymous_25)
FNDA:0,(anonymous_26)
FNDA:0,(anonymous_27)
FNDA:0,(anonymous_28)
FNDA:0,(anonymous_29)
FNDA:0,(anonymous_30)
FNDA:0,(anonymous_31)
FNDA:0,(anonymous_32)
FNDA:0,(anonymous_33)
FNDA:0,(anonymous_34)
FNDA:0,(anonymous_35)
FNDA:0,(anonymous_36)
FNDA:0,(anonymous_37)
FNDA:0,(anonymous_38)
FNDA:0,(anonymous_39)
FNDA:0,(anonymous_40)
FNDA:0,(anonymous_41)
FNDA:0,(anonymous_42)
FNDA:0,(anonymous_43)
FNDA:0,(anonymous_44)
FNDA:0,(anonymous_45)
FNDA:0,(anonymous_46)
FNDA:0,(anonymous_47)
FNDA:0,(anonymous_48)
FNDA:0,(anonymous_49)
FNDA:0,(anonymous_50)
FNDA:0,(anonymous_51)
FNDA:0,(anonymous_52)
FNDA:0,(anonymous_53)
FNDA:0,(anonymous_54)
FNDA:0,(anonymous_55)
FNDA:0,(anonymous_56)
FNDA:0,(anonymous_57)
FNDA:0,(anonymous_58)
FNDA:0,(anonymous_59)
FNDA:0,(anonymous_60)
FNDA:0,(anonymous_61)
FNDA:0,(anonymous_62)
FNDA:0,(anonymous_63)
FNDA:0,(anonymous_64)
FNDA:0,(anonymous_65)
FNDA:0,(anonymous_66)
FNDA:0,(anonymous_67)
FNDA:0,(anonymous_68)
FNDA:0,(anonymous_69)
FNDA:0,(anonymous_70)
FNDA:0,(anonymous_71)
FNDA:0,(anonymous_72)
FNDA:0,(anonymous_73)
FNDA:0,(anonymous_74)
FNDA:0,(anonymous_75)
FNDA:0,(anonymous_76)
FNDA:0,(anonymous_77)
FNDA:0,(anonymous_78)
FNDA:0,(anonymous_79)
FNDA:0,(anonymous_80)
FNDA:0,(anonymous_81)
FNDA:0,(anonymous_82)
FNDA:0,(anonymous_83)
FNDA:0,(anonymous_84)
FNDA:0,(anonymous_85)
FNDA:0,(anonymous_86)
FNDA:0,(anonymous_87)
FNDA:0,(anonymous_88)
FNDA:0,(anonymous_89)
FNDA:0,(anonymous_90)
FNDA:0,(anonymous_91)
FNDA:0,(anonymous_92)
FNDA:0,(anonymous_93)
FNDA:0,(anonymous_94)
FNDA:0,(anonymous_95)
DA:1,0
DA:5,0
DA:6,0
DA:7,0
DA:8,0
DA:9,0
DA:16,0
DA:18,0
DA:21,0
DA:24,0
DA:32,0
DA:38,0
DA:39,0
DA:44,0
DA:48,0
DA:54,0
DA:56,0
DA:57,0
DA:60,0
DA:61,0
DA:62,0
DA:65,0
DA:70,0
DA:74,0
DA:75,0
DA:79,0
DA:85,0
DA:92,0
DA:93,0
DA:94,0
DA:97,0
DA:100,0
DA:105,0
DA:106,0
DA:113,0
DA:114,0
DA:115,0
DA:116,0
DA:120,0
DA:125,0
DA:126,0
DA:131,0
DA:132,0
DA:133,0
DA:134,0
DA:138,0
DA:143,0
DA:144,0
DA:145,0
DA:146,0
DA:147,0
DA:148,0
DA:152,0
DA:153,0
DA:154,0
DA:155,0
DA:156,0
DA:160,0
DA:161,0
DA:162,0
DA:166,0
DA:168,0
DA:171,0
DA:184,0
DA:187,0
DA:188,0
DA:189,0
DA:206,0
DA:208,0
DA:209,0
DA:210,0
DA:211,0
DA:212,0
DA:213,0
DA:215,0
DA:218,0
DA:220,0
DA:225,0
DA:230,0
DA:235,0
DA:240,0
DA:245,0
DA:254,0
DA:263,0
DA:264,0
DA:265,0
DA:269,0
DA:270,0
DA:278,0
DA:279,0
DA:280,0
DA:285,0
LF:92
LH:0
BRDA:92,0,0,0
BRDA:92,0,1,0
BRDA:94,1,0,0
BRDA:94,1,1,0
BRDA:100,2,0,0
BRDA:100,2,1,0
BRDA:105,3,0,0
BRDA:105,3,1,0
BRDA:218,4,0,0
BRDA:218,4,1,0
BRDA:218,4,2,0
BRDA:218,4,3,0
BRDA:218,4,4,0
BRDA:218,4,5,0
BRF:14
BRH:0
end_of_record
TN:
SF:src\components\ui\styled\DragDrop.styled.ts
FN:48,(anonymous_9)
FN:50,(anonymous_10)
FN:58,(anonymous_11)
FN:68,(anonymous_12)
FN:79,(anonymous_13)
FN:80,(anonymous_14)
FN:81,(anonymous_15)
FN:89,(anonymous_16)
FN:90,(anonymous_17)
FN:91,(anonymous_18)
FN:95,(anonymous_19)
FN:96,(anonymous_20)
FN:97,(anonymous_21)
FN:100,(anonymous_22)
FN:102,(anonymous_23)
FN:103,(anonymous_24)
FN:120,(anonymous_25)
FN:131,(anonymous_26)
FN:132,(anonymous_27)
FN:133,(anonymous_28)
FN:136,(anonymous_29)
FN:144,(anonymous_30)
FN:145,(anonymous_31)
FN:146,(anonymous_32)
FN:153,(anonymous_33)
FN:154,(anonymous_34)
FN:172,(anonymous_35)
FN:174,(anonymous_36)
FN:177,(anonymous_37)
FN:192,(anonymous_38)
FN:196,(anonymous_39)
FN:199,(anonymous_40)
FN:207,(anonymous_41)
FN:208,(anonymous_42)
FN:214,(anonymous_43)
FN:221,(anonymous_44)
FN:222,(anonymous_45)
FN:223,(anonymous_46)
FN:224,(anonymous_47)
FN:225,(anonymous_48)
FN:250,(anonymous_49)
FN:251,(anonymous_50)
FN:252,(anonymous_51)
FN:256,(anonymous_52)
FN:299,(anonymous_53)
FN:300,(anonymous_54)
FN:301,(anonymous_55)
FN:313,(anonymous_56)
FN:318,(anonymous_57)
FN:343,(anonymous_58)
FN:356,(anonymous_59)
FN:370,(anonymous_60)
FNF:52
FNH:0
FNDA:0,(anonymous_9)
FNDA:0,(anonymous_10)
FNDA:0,(anonymous_11)
FNDA:0,(anonymous_12)
FNDA:0,(anonymous_13)
FNDA:0,(anonymous_14)
FNDA:0,(anonymous_15)
FNDA:0,(anonymous_16)
FNDA:0,(anonymous_17)
FNDA:0,(anonymous_18)
FNDA:0,(anonymous_19)
FNDA:0,(anonymous_20)
FNDA:0,(anonymous_21)
FNDA:0,(anonymous_22)
FNDA:0,(anonymous_23)
FNDA:0,(anonymous_24)
FNDA:0,(anonymous_25)
FNDA:0,(anonymous_26)
FNDA:0,(anonymous_27)
FNDA:0,(anonymous_28)
FNDA:0,(anonymous_29)
FNDA:0,(anonymous_30)
FNDA:0,(anonymous_31)
FNDA:0,(anonymous_32)
FNDA:0,(anonymous_33)
FNDA:0,(anonymous_34)
FNDA:0,(anonymous_35)
FNDA:0,(anonymous_36)
FNDA:0,(anonymous_37)
FNDA:0,(anonymous_38)
FNDA:0,(anonymous_39)
FNDA:0,(anonymous_40)
FNDA:0,(anonymous_41)
FNDA:0,(anonymous_42)
FNDA:0,(anonymous_43)
FNDA:0,(anonymous_44)
FNDA:0,(anonymous_45)
FNDA:0,(anonymous_46)
FNDA:0,(anonymous_47)
FNDA:0,(anonymous_48)
FNDA:0,(anonymous_49)
FNDA:0,(anonymous_50)
FNDA:0,(anonymous_51)
FNDA:0,(anonymous_52)
FNDA:0,(anonymous_53)
FNDA:0,(anonymous_54)
FNDA:0,(anonymous_55)
FNDA:0,(anonymous_56)
FNDA:0,(anonymous_57)
FNDA:0,(anonymous_58)
FNDA:0,(anonymous_59)
FNDA:0,(anonymous_60)
DA:1,0
DA:4,0
DA:14,0
DA:25,0
DA:41,0
DA:48,0
DA:50,0
DA:58,0
DA:68,0
DA:73,0
DA:79,0
DA:80,0
DA:81,0
DA:89,0
DA:90,0
DA:91,0
DA:95,0
DA:96,0
DA:97,0
DA:100,0
DA:102,0
DA:103,0
DA:120,0
DA:127,0
DA:131,0
DA:132,0
DA:133,0
DA:136,0
DA:142,0
DA:144,0
DA:145,0
DA:146,0
DA:153,0
DA:154,0
DA:168,0
DA:172,0
DA:174,0
DA:177,0
DA:183,0
DA:192,0
DA:196,0
DA:199,0
DA:207,0
DA:208,0
DA:214,0
DA:220,0
DA:221,0
DA:222,0
DA:223,0
DA:224,0
DA:225,0
DA:232,0
DA:245,0
DA:250,0
DA:251,0
DA:252,0
DA:257,0
DA:259,0
DA:266,0
DA:273,0
DA:280,0
DA:287,0
DA:298,0
DA:299,0
DA:300,0
DA:301,0
DA:308,0
DA:313,0
DA:319,0
DA:321,0
DA:329,0
DA:337,0
DA:343,0
DA:346,0
DA:356,0
DA:366,0
DA:370,0
LF:77
LH:0
BRDA:50,0,0,0
BRDA:50,0,1,0
BRDA:58,1,0,0
BRDA:58,1,1,0
BRDA:58,1,2,0
BRDA:89,2,0,0
BRDA:89,2,1,0
BRDA:89,2,2,0
BRDA:95,3,0,0
BRDA:95,3,1,0
BRDA:95,3,2,0
BRDA:100,4,0,0
BRDA:100,4,1,0
BRDA:120,5,0,0
BRDA:120,5,1,0
BRDA:120,5,2,0
BRDA:136,6,0,0
BRDA:136,6,1,0
BRDA:172,7,0,0
BRDA:172,7,1,0
BRDA:192,8,0,0
BRDA:192,8,1,0
BRDA:199,9,0,0
BRDA:199,9,1,0
BRDA:199,9,2,0
BRDA:252,10,0,0
BRDA:252,10,1,0
BRDA:257,11,0,0
BRDA:257,11,1,0
BRDA:257,11,2,0
BRDA:257,11,3,0
BRDA:257,11,4,0
BRDA:319,12,0,0
BRDA:319,12,1,0
BRDA:319,12,2,0
BRDA:319,12,3,0
BRDA:356,13,0,0
BRDA:356,13,1,0
BRDA:370,14,0,0
BRDA:370,14,1,0
BRF:40
BRH:0
end_of_record
TN:
SF:src\components\ui\styled\Input.styled.ts
FN:6,(anonymous_9)
FN:6,(anonymous_10)
FN:7,(anonymous_11)
FN:8,(anonymous_12)
FN:9,(anonymous_13)
FN:10,(anonymous_14)
FN:11,(anonymous_15)
FN:13,(anonymous_16)
FN:18,(anonymous_17)
FN:22,(anonymous_18)
FN:26,(anonymous_19)
FN:27,(anonymous_20)
FN:31,(anonymous_21)
FN:32,(anonymous_22)
FN:38,(anonymous_23)
FN:42,(anonymous_24)
FN:49,(anonymous_25)
FN:49,(anonymous_26)
FN:50,(anonymous_27)
FN:53,(anonymous_28)
FN:53,(anonymous_29)
FN:54,(anonymous_30)
FN:57,(anonymous_31)
FN:57,(anonymous_32)
FN:58,(anonymous_33)
FN:65,(anonymous_34)
FN:66,(anonymous_35)
FN:69,(anonymous_36)
FN:73,(anonymous_37)
FN:74,(anonymous_38)
FN:79,(anonymous_39)
FN:82,(anonymous_40)
FN:83,(anonymous_41)
FN:93,(anonymous_42)
FN:95,(anonymous_43)
FN:96,(anonymous_44)
FN:108,(anonymous_45)
FN:109,(anonymous_46)
FN:111,(anonymous_47)
FN:112,(anonymous_48)
FN:115,(anonymous_49)
FN:116,(anonymous_50)
FN:119,(anonymous_51)
FN:120,(anonymous_52)
FN:123,(anonymous_53)
FN:131,(anonymous_54)
FN:132,(anonymous_55)
FN:145,(anonymous_56)
FN:146,(anonymous_57)
FN:148,(anonymous_58)
FN:157,(anonymous_59)
FN:160,(anonymous_60)
FN:161,(anonymous_61)
FN:164,(anonymous_62)
FN:172,(anonymous_63)
FN:173,(anonymous_64)
FN:174,(anonymous_65)
FN:175,(anonymous_66)
FN:176,(anonymous_67)
FN:178,(anonymous_68)
FN:181,(anonymous_69)
FN:188,(anonymous_70)
FN:189,(anonymous_71)
FN:190,(anonymous_72)
FN:191,(anonymous_73)
FN:199,(anonymous_74)
FN:199,(anonymous_75)
FN:200,(anonymous_76)
FN:216,(anonymous_77)
FN:219,(anonymous_78)
FN:222,(anonymous_79)
FN:230,(anonymous_80)
FN:230,(anonymous_81)
FN:231,(anonymous_82)
FN:232,(anonymous_83)
FN:233,(anonymous_84)
FN:234,(anonymous_85)
FN:237,(anonymous_86)
FN:239,(anonymous_87)
FN:239,(anonymous_88)
FN:242,(anonymous_89)
FN:242,(anonymous_90)
FN:248,(anonymous_91)
FN:255,(anonymous_92)
FN:276,(anonymous_93)
FN:281,(anonymous_94)
FN:283,(anonymous_95)
FN:284,(anonymous_96)
FN:288,(anonymous_97)
FN:289,(anonymous_98)
FNF:90
FNH:0
FNDA:0,(anonymous_9)
FNDA:0,(anonymous_10)
FNDA:0,(anonymous_11)
FNDA:0,(anonymous_12)
FNDA:0,(anonymous_13)
FNDA:0,(anonymous_14)
FNDA:0,(anonymous_15)
FNDA:0,(anonymous_16)
FNDA:0,(anonymous_17)
FNDA:0,(anonymous_18)
FNDA:0,(anonymous_19)
FNDA:0,(anonymous_20)
FNDA:0,(anonymous_21)
FNDA:0,(anonymous_22)
FNDA:0,(anonymous_23)
FNDA:0,(anonymous_24)
FNDA:0,(anonymous_25)
FNDA:0,(anonymous_26)
FNDA:0,(anonymous_27)
FNDA:0,(anonymous_28)
FNDA:0,(anonymous_29)
FNDA:0,(anonymous_30)
FNDA:0,(anonymous_31)
FNDA:0,(anonymous_32)
FNDA:0,(anonymous_33)
FNDA:0,(anonymous_34)
FNDA:0,(anonymous_35)
FNDA:0,(anonymous_36)
FNDA:0,(anonymous_37)
FNDA:0,(anonymous_38)
FNDA:0,(anonymous_39)
FNDA:0,(anonymous_40)
FNDA:0,(anonymous_41)
FNDA:0,(anonymous_42)
FNDA:0,(anonymous_43)
FNDA:0,(anonymous_44)
FNDA:0,(anonymous_45)
FNDA:0,(anonymous_46)
FNDA:0,(anonymous_47)
FNDA:0,(anonymous_48)
FNDA:0,(anonymous_49)
FNDA:0,(anonymous_50)
FNDA:0,(anonymous_51)
FNDA:0,(anonymous_52)
FNDA:0,(anonymous_53)
FNDA:0,(anonymous_54)
FNDA:0,(anonymous_55)
FNDA:0,(anonymous_56)
FNDA:0,(anonymous_57)
FNDA:0,(anonymous_58)
FNDA:0,(anonymous_59)
FNDA:0,(anonymous_60)
FNDA:0,(anonymous_61)
FNDA:0,(anonymous_62)
FNDA:0,(anonymous_63)
FNDA:0,(anonymous_64)
FNDA:0,(anonymous_65)
FNDA:0,(anonymous_66)
FNDA:0,(anonymous_67)
FNDA:0,(anonymous_68)
FNDA:0,(anonymous_69)
FNDA:0,(anonymous_70)
FNDA:0,(anonymous_71)
FNDA:0,(anonymous_72)
FNDA:0,(anonymous_73)
FNDA:0,(anonymous_74)
FNDA:0,(anonymous_75)
FNDA:0,(anonymous_76)
FNDA:0,(anonymous_77)
FNDA:0,(anonymous_78)
FNDA:0,(anonymous_79)
FNDA:0,(anonymous_80)
FNDA:0,(anonymous_81)
FNDA:0,(anonymous_82)
FNDA:0,(anonymous_83)
FNDA:0,(anonymous_84)
FNDA:0,(anonymous_85)
FNDA:0,(anonymous_86)
FNDA:0,(anonymous_87)
FNDA:0,(anonymous_88)
FNDA:0,(anonymous_89)
FNDA:0,(anonymous_90)
FNDA:0,(anonymous_91)
FNDA:0,(anonymous_92)
FNDA:0,(anonymous_93)
FNDA:0,(anonymous_94)
FNDA:0,(anonymous_95)
FNDA:0,(anonymous_96)
[...]
DA:756,0
DA:757,0
DA:759,0
DA:768,7
DA:769,55
DA:771,55
LF:262
LH:128
BRDA:58,0,0,4
BRDA:58,0,1,0
BRDA:64,1,0,0
BRDA:64,1,1,7
BRDA:66,2,0,7
BRDA:66,2,1,0
BRDA:70,3,0,0
BRDA:70,3,1,0
BRDA:70,4,0,0
BRDA:70,4,1,0
BRDA:73,5,0,0
BRDA:73,5,1,0
BRDA:73,6,0,0
BRDA:73,6,1,0
BRDA:73,6,2,0
BRDA:73,6,3,0
BRDA:74,7,0,0
BRDA:74,7,1,0
BRDA:77,8,0,0
BRDA:77,8,1,0
BRDA:81,9,0,0
BRDA:81,9,1,0
BRDA:81,10,0,0
BRDA:81,10,1,0
BRDA:84,11,0,0
BRDA:84,11,1,0
BRDA:85,12,0,0
BRDA:85,12,1,0
BRDA:100,13,0,17
BRDA:100,13,1,0
BRDA:122,14,0,6
BRDA:122,14,1,10
BRDA:122,15,0,17
BRDA:122,15,1,6
BRDA:149,16,0,1
BRDA:149,16,1,0
BRDA:153,17,0,1
BRDA:153,17,1,0
BRDA:164,18,0,1
BRDA:164,18,1,0
BRDA:165,19,0,0
BRDA:165,19,1,1
BRDA:177,20,0,1
BRDA:177,20,1,4
BRDA:189,21,0,4
BRDA:189,21,1,1
BRDA:199,22,0,4
BRDA:199,22,1,0
BRDA:208,23,0,1
BRDA:208,23,1,1
BRDA:221,24,0,1
BRDA:221,24,1,0
BRDA:230,25,0,1
BRDA:230,25,1,0
BRDA:238,26,0,0
BRDA:238,26,1,0
BRDA:254,27,0,0
BRDA:254,27,1,0
BRDA:257,28,0,0
BRDA:257,28,1,0
BRDA:269,29,0,0
BRDA:269,29,1,0
BRDA:276,30,0,0
BRDA:276,30,1,0
BRDA:284,31,0,0
BRDA:284,31,1,0
BRDA:287,32,0,0
BRDA:287,32,1,0
BRDA:288,33,0,0
BRDA:288,33,1,0
BRDA:303,34,0,0
BRDA:303,34,1,0
BRDA:310,35,0,0
BRDA:310,35,1,0
BRDA:318,36,0,0
BRDA:318,36,1,0
BRDA:321,37,0,0
BRDA:321,37,1,0
BRDA:333,38,0,0
BRDA:333,38,1,0
BRDA:340,39,0,0
BRDA:340,39,1,1
BRDA:360,40,0,1
BRDA:360,40,1,0
BRDA:367,41,0,0
BRDA:367,41,1,1
BRDA:375,42,0,1
BRDA:375,42,1,0
BRDA:382,43,0,0
BRDA:382,43,1,1
BRDA:382,44,0,1
BRDA:382,44,1,1
BRDA:388,45,0,1
BRDA:388,45,1,1
BRDA:390,46,0,1
BRDA:390,46,1,0
BRDA:404,47,0,1
BRDA:404,47,1,0
BRDA:411,48,0,0
BRDA:411,48,1,0
BRDA:431,49,0,0
BRDA:431,49,1,0
BRDA:441,50,0,0
BRDA:441,50,1,0
BRDA:448,51,0,0
BRDA:448,51,1,0
BRDA:456,52,0,0
BRDA:456,52,1,0
BRDA:472,53,0,0
BRDA:472,53,1,0
BRDA:479,54,0,0
BRDA:479,54,1,0
BRDA:487,55,0,0
BRDA:487,55,1,0
BRDA:503,56,0,0
BRDA:503,56,1,0
BRDA:510,57,0,0
BRDA:510,57,1,0
BRDA:525,58,0,0
BRDA:525,58,1,0
BRDA:533,59,0,0
BRDA:533,59,1,8
BRDA:551,60,0,8
BRDA:551,60,1,0
BRDA:558,61,0,0
BRDA:558,61,1,1
BRDA:564,62,0,1
BRDA:564,62,1,0
BRDA:572,63,0,1
BRDA:572,63,1,0
BRDA:579,64,0,0
BRDA:579,64,1,1
BRDA:591,65,0,1
BRDA:591,65,1,0
BRDA:598,66,0,0
BRDA:598,66,1,0
BRDA:605,67,0,0
BRDA:605,67,1,0
BRDA:605,68,0,0
BRDA:605,68,1,0
BRDA:623,69,0,0
BRDA:623,69,1,0
BRDA:631,70,0,0
BRDA:631,70,1,0
BRDA:638,71,0,0
BRDA:638,71,1,0
BRDA:652,72,0,0
BRDA:652,72,1,0
BRDA:659,73,0,0
BRDA:659,73,1,0
BRDA:665,74,0,0
BRDA:665,74,1,0
BRDA:680,75,0,0
BRDA:680,75,1,0
BRDA:689,76,0,79
BRDA:689,76,1,19
BRDA:693,77,0,7
BRDA:693,77,1,1
BRDA:699,78,0,0
BRDA:699,78,1,7
BRDA:699,79,0,7
BRDA:699,79,1,0
BRDA:700,80,0,0
BRDA:700,80,1,0
BRDA:702,81,0,0
BRDA:702,81,1,7
BRDA:708,82,0,7
BRDA:708,82,1,0
BRDA:721,83,0,0
BRDA:721,83,1,7
BRDA:735,84,0,0
BRDA:735,84,1,0
BRDA:745,85,0,0
BRDA:745,85,1,79
BRDA:745,86,0,79
BRDA:745,86,1,0
BRF:176
BRH:50
end_of_record
TN:
SF:src\store\useKanbanStore.ts
FN:9,(anonymous_0)
FN:14,(anonymous_1)
FN:18,(anonymous_2)
FN:25,(anonymous_3)
FN:33,(anonymous_4)
FN:37,(anonymous_5)
FN:52,(anonymous_6)
FN:66,(anonymous_7)
FN:79,(anonymous_8)
FN:93,(anonymous_9)
FN:103,(anonymous_10)
FN:117,(anonymous_11)
FN:131,(anonymous_12)
FN:145,(anonymous_13)
FN:159,(anonymous_14)
FNF:15
FNH:5
FNDA:55,(anonymous_0)
FNDA:1,(anonymous_1)
FNDA:0,(anonymous_2)
FNDA:1,(anonymous_3)
FNDA:1,(anonymous_4)
FNDA:0,(anonymous_5)
FNDA:1,(anonymous_6)
FNDA:0,(anonymous_7)
FNDA:0,(anonymous_8)
FNDA:0,(anonymous_9)
FNDA:0,(anonymous_10)
FNDA:0,(anonymous_11)
FNDA:0,(anonymous_12)
FNDA:0,(anonymous_13)
FNDA:0,(anonymous_14)
DA:1,5
DA:2,5
DA:3,5
DA:9,5
DA:10,55
DA:11,55
DA:14,55
DA:15,1
DA:17,0
DA:18,0
DA:19,0
DA:21,0
DA:25,55
DA:29,1
DA:30,1
DA:33,1
DA:34,1
DA:35,0
DA:36,0
DA:37,0
DA:38,0
DA:39,0
DA:41,0
DA:47,0
DA:52,55
DA:53,1
DA:54,1
DA:55,1
DA:57,1
DA:58,0
DA:61,0
DA:66,55
DA:67,0
DA:68,0
DA:69,0
DA:70,0
DA:71,0
DA:74,0
DA:79,55
DA:80,0
DA:81,0
DA:82,0
DA:84,0
DA:85,0
DA:88,0
DA:93,55
DA:94,0
DA:95,0
DA:96,0
DA:98,0
DA:103,55
DA:104,0
DA:105,0
DA:106,0
DA:108,0
DA:109,0
DA:112,0
DA:117,55
DA:118,0
DA:119,0
DA:120,0
DA:122,0
DA:123,0
DA:126,0
DA:131,55
DA:132,0
DA:133,0
DA:134,0
DA:136,0
DA:137,0
DA:140,0
DA:145,55
DA:146,0
DA:147,0
DA:148,0
DA:150,0
DA:151,0
DA:154,0
DA:159,55
DA:160,0
DA:161,0
DA:162,0
DA:164,0
DA:165,0
DA:168,0
DA:172,55
DA:193,5
LF:87
LH:28
BRDA:15,0,0,1
BRDA:15,0,1,0
BRDA:19,1,0,0
BRDA:19,1,1,0
BRDA:34,2,0,0
BRDA:34,2,1,1
BRDA:36,3,0,0
BRDA:36,3,1,0
BRDA:38,4,0,0
BRDA:38,4,1,0
BRDA:47,5,0,0
BRDA:47,5,1,0
BRDA:57,6,0,0
BRDA:57,6,1,1
BRDA:61,7,0,0
BRDA:61,7,1,0
BRDA:69,8,0,0
BRDA:69,8,1,0
BRDA:74,9,0,0
BRDA:74,9,1,0
BRDA:84,10,0,0
BRDA:84,10,1,0
BRDA:88,11,0,0
BRDA:88,11,1,0
BRDA:98,12,0,0
BRDA:98,12,1,0
BRDA:108,13,0,0
BRDA:108,13,1,0
BRDA:112,14,0,0
BRDA:112,14,1,0
BRDA:122,15,0,0
BRDA:122,15,1,0
BRDA:126,16,0,0
BRDA:126,16,1,0
BRDA:136,17,0,0
BRDA:136,17,1,0
BRDA:140,18,0,0
BRDA:140,18,1,0
BRDA:150,19,0,0
BRDA:150,19,1,0
BRDA:154,20,0,0
BRDA:154,20,1,0
BRDA:164,21,0,0
BRDA:164,21,1,0
BRDA:164,22,0,0
BRDA:164,22,1,0
BRDA:168,23,0,0
BRDA:168,23,1,0
BRF:48
BRH:3
end_of_record
TN:
SF:src\styles\GlobalStyle.ts
FN:16,(anonymous_0)
FN:17,(anonymous_1)
FN:145,(anonymous_2)
FN:146,(anonymous_3)
FN:148,(anonymous_4)
FN:149,(anonymous_5)
FN:179,(anonymous_6)
FN:180,(anonymous_7)
FN:182,(anonymous_8)
FN:183,(anonymous_9)
FN:184,(anonymous_10)
FN:187,(anonymous_11)
FN:188,(anonymous_12)
FN:190,(anonymous_13)
FN:191,(anonymous_14)
FN:192,(anonymous_15)
FN:194,(anonymous_16)
FN:194,(anonymous_17)
FN:196,(anonymous_18)
FN:196,(anonymous_19)
FN:197,(anonymous_20)
FN:197,(anonymous_21)
FN:199,(anonymous_22)
FN:199,(anonymous_23)
FN:200,(anonymous_24)
FN:200,(anonymous_25)
FN:202,(anonymous_26)
FN:202,(anonymous_27)
FN:204,(anonymous_28)
FN:205,(anonymous_29)
FN:207,(anonymous_30)
FN:209,(anonymous_31)
FN:210,(anonymous_32)
FN:211,(anonymous_33)
FN:213,(anonymous_34)
FN:214,(anonymous_35)
FN:215,(anonymous_36)
FN:218,(anonymous_37)
FN:219,(anonymous_38)
FN:220,(anonymous_39)
FN:221,(anonymous_40)
FN:222,(anonymous_41)
FN:223,(anonymous_42)
FN:225,(anonymous_43)
FN:226,(anonymous_44)
FN:227,(anonymous_45)
FN:255,(anonymous_46)
FN:256,(anonymous_47)
FN:257,(anonymous_48)
FN:258,(anonymous_49)
FN:261,(anonymous_50)
FN:263,(anonymous_51)
FN:264,(anonymous_52)
FN:269,(anonymous_53)
FN:308,(anonymous_54)
FN:317,(anonymous_55)
FN:318,(anonymous_56)
FN:324,(anonymous_57)
FN:334,(anonymous_58)
FN:335,(anonymous_59)
FN:336,(anonymous_60)
FN:344,(anonymous_61)
FN:345,(anonymous_62)
FN:346,(anonymous_63)
FN:354,(anonymous_64)
FN:355,(anonymous_65)
FN:356,(anonymous_66)
FN:392,(anonymous_67)
FN:399,(anonymous_68)
FN:399,(anonymous_69)
FN:400,(anonymous_70)
FN:401,(anonymous_71)
FN:409,(anonymous_72)
FN:410,(anonymous_73)
FN:411,(anonymous_74)
FN:416,(anonymous_75)
FN:423,(anonymous_76)
FN:427,(anonymous_77)
FN:431,(anonymous_78)
FN:441,(anonymous_79)
FN:475,(anonymous_80)
FN:506,(anonymous_81)
FN:533,(anonymous_82)
FN:544,(anonymous_83)
FN:551,(anonymous_84)
FN:557,(anonymous_85)
FN:558,(anonymous_86)
FNF:87
FNH:0
FNDA:0,(anonymous_0)
FNDA:0,(anonymous_1)
FNDA:0,(anonymous_2)
FNDA:0,(anonymous_3)
FNDA:0,(anonymous_4)
FNDA:0,(anonymous_5)
FNDA:0,(anonymous_6)
FNDA:0,(anonymous_7)
FNDA:0,(anonymous_8)
FNDA:0,(anonymous_9)
FNDA:0,(anonymous_10)
FNDA:0,(anonymous_11)
FNDA:0,(anonymous_12)
FNDA:0,(anonymous_13)
FNDA:0,(anonymous_14)
FNDA:0,(anonymous_15)
FNDA:0,(anonymous_16)
FNDA:0,(anonymous_17)
FNDA:0,(anonymous_18)
FNDA:0,(anonymous_19)
FNDA:0,(anonymous_20)
FNDA:0,(anonymous_21)
FNDA:0,(anonymous_22)
FNDA:0,(anonymous_23)
FNDA:0,(anonymous_24)
FNDA:0,(anonymous_25)
FNDA:0,(anonymous_26)
FNDA:0,(anonymous_27)
FNDA:0,(anonymous_28)
FNDA:0,(anonymous_29)
FNDA:0,(anonymous_30)
FNDA:0,(anonymous_31)
FNDA:0,(anonymous_32)
FNDA:0,(anonymous_33)
FNDA:0,(anonymous_34)
FNDA:0,(anonymous_35)
FNDA:0,(anonymous_36)
FNDA:0,(anonymous_37)
FNDA:0,(anonymous_38)
FNDA:0,(anonymous_39)
FNDA:0,(anonymous_40)
FNDA:0,(anonymous_41)
FNDA:0,(anonymous_42)
FNDA:0,(anonymous_43)
FNDA:0,(anonymous_44)
FNDA:0,(anonymous_45)
FNDA:0,(anonymous_46)
FNDA:0,(anonymous_47)
FNDA:0,(anonymous_48)
FNDA:0,(anonymous_49)
FNDA:0,(anonymous_50)
FNDA:0,(anonymous_51)
FNDA:0,(anonymous_52)
FNDA:0,(anonymous_53)
FNDA:0,(anonymous_54)
FNDA:0,(anonymous_55)
FNDA:0,(anonymous_56)
FNDA:0,(anonymous_57)
FNDA:0,(anonymous_58)
FNDA:0,(anonymous_59)
FNDA:0,(anonymous_60)
FNDA:0,(anonymous_61)
FNDA:0,(anonymous_62)
FNDA:0,(anonymous_63)
FNDA:0,(anonymous_64)
FNDA:0,(anonymous_65)
FNDA:0,(anonymous_66)
FNDA:0,(anonymous_67)
FNDA:0,(anonymous_68)
FNDA:0,(anonymous_69)
FNDA:0,(anonymous_70)
FNDA:0,(anonymous_71)
FNDA:0,(anonymous_72)
FNDA:0,(anonymous_73)
FNDA:0,(anonymous_74)
FNDA:0,(anonymous_75)
FNDA:0,(anonymous_76)
FNDA:0,(anonymous_77)
FNDA:0,(anonymous_78)
FNDA:0,(anonymous_79)
FNDA:0,(anonymous_80)
FNDA:0,(anonymous_81)
FNDA:0,(anonymous_82)
FNDA:0,(anonymous_83)
FNDA:0,(anonymous_84)
FNDA:0,(anonymous_85)
FNDA:0,(anonymous_86)
DA:1,0
DA:3,0
DA:16,0
DA:17,0
DA:145,0
DA:146,0
DA:148,0
DA:149,0
DA:179,0
DA:180,0
DA:182,0
DA:183,0
DA:184,0
DA:187,0
DA:188,0
DA:190,0
DA:191,0
DA:192,0
DA:194,0
DA:196,0
DA:197,0
DA:199,0
DA:200,0
DA:202,0
DA:204,0
DA:205,0
DA:207,0
DA:209,0
DA:210,0
DA:211,0
DA:213,0
DA:214,0
DA:215,0
DA:218,0
DA:219,0
DA:220,0
DA:221,0
DA:222,0
DA:223,0
DA:225,0
DA:226,0
DA:227,0
DA:255,0
DA:256,0
DA:257,0
DA:258,0
DA:261,0
DA:263,0
DA:264,0
DA:269,0
DA:308,0
DA:317,0
DA:318,0
DA:324,0
DA:334,0
DA:335,0
DA:336,0
DA:344,0
DA:345,0
DA:346,0
DA:354,0
DA:355,0
DA:356,0
DA:392,0
DA:399,0
DA:400,0
DA:401,0
DA:409,0
DA:410,0
DA:411,0
DA:416,0
DA:423,0
DA:427,0
DA:431,0
DA:441,0
DA:475,0
DA:506,0
DA:533,0
DA:544,0
DA:551,0
DA:557,0
DA:558,0
LF:82
LH:0
BRF:0
BRH:0
end_of_record
TN:
SF:src\styles\helpers.ts
FNF:0
FNH:0
DA:1,0
DA:4,0
LF:2
LH:0
BRF:0
BRH:0
end_of_record
TN:
SF:src\styles\theme.ts
FNF:0
FNH:0
DA:2,5
LF:1
LH:1
BRF:0
BRH:0
end_of_record
TN:
SF:src\utils\clean-project-data.ts
FN:30,(anonymous_0)
FN:51,(anonymous_1)
FN:59,(anonymous_2)
FN:60,(anonymous_3)
FN:70,(anonymous_4)
FN:92,(anonymous_5)
FN:94,(anonymous_6)
FN:159,(anonymous_7)
FN:160,(anonymous_8)
FN:182,(anonymous_9)
FN:201,(anonymous_10)
FN:219,(anonymous_11)
FN:239,(anonymous_12)
FN:255,(anonymous_13)
FN:287,(anonymous_14)
FN:293,(anonymous_15)
FN:307,(anonymous_16)
FNF:17
FNH:0
FNDA:0,(anonymous_0)
FNDA:0,(anonymous_1)
FNDA:0,(anonymous_2)
FNDA:0,(anonymous_3)
FNDA:0,(anonymous_4)
FNDA:0,(anonymous_5)
FNDA:0,(anonymous_6)
FNDA:0,(anonymous_7)
FNDA:0,(anonymous_8)
FNDA:0,(anonymous_9)
FNDA:0,(anonymous_10)
FNDA:0,(anonymous_11)
FNDA:0,(anonymous_12)
FNDA:0,(anonymous_13)
FNDA:0,(anonymous_14)
FNDA:0,(anonymous_15)
FNDA:0,(anonymous_16)
DA:30,7
DA:31,0
DA:42,0
DA:51,0
DA:52,0
DA:54,0
DA:55,0
DA:58,0
DA:59,0
DA:60,0
DA:61,0
DA:66,0
DA:70,0
DA:71,0
DA:72,0
DA:73,0
DA:74,0
DA:75,0
DA:79,0
DA:82,0
DA:83,0
DA:84,0
DA:85,0
DA:88,0
DA:92,0
DA:93,0
DA:94,0
DA:95,0
DA:96,0
DA:97,0
DA:100,0
DA:103,0
DA:104,0
DA:107,0
DA:108,0
DA:110,0
DA:111,0
DA:114,0
DA:115,0
DA:118,0
DA:119,0
DA:122,0
DA:123,0
DA:126,0
DA:127,0
DA:130,0
DA:138,0
DA:139,0
DA:143,0
DA:144,0
DA:156,0
DA:157,0
DA:159,0
DA:160,0
DA:161,0
DA:162,0
DA:163,0
DA:164,0
DA:165,0
DA:166,0
DA:172,0
DA:173,0
DA:177,0
DA:178,0
DA:179,0
DA:180,0
DA:182,0
DA:183,0
DA:184,0
DA:185,0
DA:186,0
DA:187,0
DA:191,0
DA:192,0
DA:196,0
DA:197,0
DA:198,0
DA:199,0
DA:201,0
DA:202,0
DA:203,0
DA:204,0
DA:205,0
DA:206,0
DA:210,0
DA:211,0
DA:215,0
DA:216,0
DA:217,0
DA:219,0
DA:220,0
DA:221,0
DA:222,0
DA:223,0
DA:224,0
DA:225,0
DA:230,0
DA:231,0
DA:235,0
DA:236,0
DA:237,0
DA:239,0
DA:240,0
DA:241,0
DA:242,0
DA:243,0
DA:244,0
DA:245,0
DA:250,0
DA:251,0
DA:255,0
DA:256,0
DA:257,0
DA:258,0
DA:262,0
DA:263,0
DA:266,0
DA:267,0
DA:268,0
DA:269,0
DA:270,0
DA:271,0
DA:273,0
DA:274,0
DA:277,0
DA:278,0
DA:279,0
DA:280,0
DA:283,0
DA:287,7
DA:288,0
DA:289,0
DA:293,7
DA:294,0
DA:295,0
DA:307,7
DA:308,0
DA:309,0
DA:320,7
DA:321,7
LF:140
LH:6
BRDA:30,0,0,0
BRDA:51,1,0,0
BRDA:58,2,0,0
BRDA:58,2,1,0
BRDA:60,3,0,0
BRDA:60,3,1,0
BRDA:72,4,0,0
BRDA:72,4,1,0
BRDA:96,5,0,0
BRDA:96,5,1,0
BRDA:107,6,0,0
BRDA:107,6,1,0
BRDA:110,7,0,0
BRDA:110,7,1,0
BRDA:114,8,0,0
BRDA:114,8,1,0
BRDA:118,9,0,0
BRDA:118,9,1,0
BRDA:122,10,0,0
BRDA:122,10,1,0
BRDA:126,11,0,0
BRDA:126,11,1,0
BRDA:133,12,0,0
BRDA:133,12,1,0
BRDA:138,13,0,0
BRDA:138,13,1,0
BRDA:143,14,0,0
BRDA:143,14,1,0
BRDA:161,15,0,0
BRDA:161,15,1,0
BRDA:163,16,0,0
BRDA:163,16,1,0
BRDA:177,17,0,0
BRDA:177,17,1,0
BRDA:184,18,0,0
BRDA:184,18,1,0
BRDA:196,19,0,0
BRDA:196,19,1,0
BRDA:203,20,0,0
BRDA:203,20,1,0
BRDA:215,21,0,0
BRDA:215,21,1,0
BRDA:220,22,0,0
BRDA:220,22,1,0
BRDA:220,23,0,0
BRDA:220,23,1,0
BRDA:222,24,0,0
BRDA:222,24,1,0
BRDA:235,25,0,0
BRDA:235,25,1,0
BRDA:240,26,0,0
BRDA:240,26,1,0
BRDA:240,27,0,0
BRDA:240,27,1,0
BRDA:240,27,2,0
BRDA:242,28,0,0
BRDA:242,28,1,0
BRDA:256,29,0,0
BRDA:256,29,1,0
BRDA:266,30,0,0
BRDA:266,30,1,0
BRDA:273,31,0,0
BRDA:273,31,1,0
BRF:63
BRH:0
end_of_record
TN:
SF:src\utils\clear-storage.ts
FN:5,(anonymous_0)
FNF:1
FNH:0
FNDA:0,(anonymous_0)
DA:5,7
DA:6,0
DA:7,0
DA:8,0
DA:10,0
DA:14,7
LF:6
LH:2
BRF:0
BRH:0
end_of_record
TN:
SF:src\utils\clear-theme.ts
FN:5,(anonymous_0)
FNF:1
FNH:0
FNDA:0,(anonymous_0)
DA:5,7
DA:6,0
DA:7,0
DA:8,0
DA:9,0
DA:11,0
DA:15,7
LF:7
LH:2
BRF:0
BRH:0
end_of_record
TN:
SF:src\utils\helpers.ts
FN:15,(anonymous_0)
FN:20,(anonymous_1)
FN:43,(anonymous_2)
FN:62,(anonymous_3)
FN:78,(anonymous_4)
FN:94,(anonymous_5)
FN:106,(anonymous_6)
FN:118,(anonymous_7)
FN:130,(anonymous_8)
FN:156,(anonymous_9)
FN:168,(anonymous_10)
FN:180,(anonymous_11)
FN:192,(anonymous_12)
FN:203,(anonymous_13)
FN:214,(anonymous_14)
FN:232,(anonymous_15)
FN:239,(anonymous_16)
FN:246,(anonymous_17)
FN:256,(anonymous_18)
FN:281,(anonymous_19)
FN:282,(anonymous_20)
FN:282,(anonymous_21)
FN:286,(anonymous_22)
FN:291,(anonymous_23)
FN:298,(anonymous_24)
FN:311,(anonymous_25)
FN:312,(anonymous_26)
FNF:27
FNH:23
FNDA:25,(anonymous_0)
FNDA:5,(anonymous_1)
FNDA:26,(anonymous_2)
FNDA:26,(anonymous_3)
FNDA:0,(anonymous_4)
FNDA:27,(anonymous_5)
FNDA:26,(anonymous_6)
FNDA:26,(anonymous_7)
FNDA:2,(anonymous_8)
FNDA:29,(anonymous_9)
FNDA:5,(anonymous_10)
FNDA:0,(anonymous_11)
FNDA:0,(anonymous_12)
FNDA:0,(anonymous_13)
FNDA:15,(anonymous_14)
FNDA:5,(anonymous_15)
FNDA:8,(anonymous_16)
FNDA:1,(anonymous_17)
FNDA:2,(anonymous_18)
FNDA:2,(anonymous_19)
FNDA:2,(anonymous_20)
FNDA:2,(anonymous_21)
FNDA:4,(anonymous_22)
FNDA:4,(anonymous_23)
FNDA:2,(anonymous_24)
FNDA:2,(anonymous_25)
FNDA:4,(anonymous_26)
DA:1,7
DA:11,7
DA:15,7
DA:16,25
DA:20,7
DA:22,5
DA:34,5
DA:35,5
DA:36,35
DA:38,5
DA:39,5
DA:43,7
DA:44,26
DA:46,26
DA:47,26
DA:48,0
DA:51,26
DA:56,26
DA:57,26
DA:62,7
DA:63,26
DA:64,26
DA:66,26
DA:67,0
DA:70,26
DA:72,0
DA:73,0
DA:78,7
DA:79,0
DA:80,0
DA:82,0
DA:83,0
DA:86,0
DA:88,0
DA:89,0
DA:94,7
DA:95,27
DA:96,27
DA:97,27
DA:99,27
DA:101,27
DA:106,7
DA:107,26
DA:108,26
DA:109,26
DA:111,26
DA:113,26
DA:118,7
DA:119,26
DA:120,26
DA:121,26
DA:123,26
DA:125,0
DA:130,7
DA:136,2
DA:137,2
DA:138,2
DA:140,2
DA:141,0
DA:144,2
DA:151,2
DA:156,7
DA:157,29
DA:164,29
DA:168,7
DA:169,5
DA:176,5
DA:180,7
DA:181,0
DA:188,0
DA:192,7
DA:193,0
DA:199,0
DA:203,7
DA:204,0
DA:210,0
DA:214,7
DA:215,15
DA:216,2
DA:232,7
DA:234,5
DA:236,1
DA:239,4
DA:241,8
DA:242,2
DA:244,2
DA:246,1
DA:247,2
DA:251,7
DA:252,1
DA:256,6
DA:257,1
DA:261,5
DA:262,1
DA:266,4
DA:267,0
DA:268,0
DA:269,0
DA:270,0
DA:272,0
DA:273,0
DA:276,4
DA:281,7
DA:282,2
DA:286,7
DA:291,4
DA:292,4
DA:295,4
DA:296,4
DA:298,4
DA:299,2
DA:300,2
DA:303,4
DA:311,7
DA:312,4
LF:115
LH:90
BRDA:46,0,0,0
BRDA:46,0,1,26
BRDA:47,1,0,0
BRDA:47,1,1,26
BRDA:64,2,0,1
BRDA:64,2,1,25
BRDA:66,3,0,0
BRDA:66,3,1,26
BRDA:80,4,0,0
BRDA:80,4,1,0
BRDA:82,5,0,0
BRDA:82,5,1,0
BRDA:96,6,0,1
BRDA:96,6,1,26
BRDA:108,7,0,0
BRDA:108,7,1,26
BRDA:120,8,0,0
BRDA:120,8,1,26
BRDA:137,9,0,0
BRDA:137,9,1,2
BRDA:140,10,0,0
BRDA:140,10,1,2
BRDA:199,11,0,0
BRDA:199,11,1,0
BRDA:210,12,0,0
BRDA:210,12,1,0
BRDA:215,13,0,13
BRDA:215,13,1,2
BRDA:234,14,0,1
BRDA:234,14,1,4
BRDA:234,15,0,5
BRDA:234,15,1,4
BRDA:234,15,2,3
BRDA:234,15,3,2
BRDA:234,15,4,2
BRDA:234,15,5,2
BRDA:241,16,0,2
BRDA:241,16,1,6
BRDA:241,17,0,8
BRDA:241,17,1,2
BRDA:244,18,0,2
BRDA:244,18,1,1
BRDA:244,18,2,1
BRDA:247,19,0,1
BRDA:247,19,1,1
BRDA:251,20,0,1
BRDA:251,20,1,6
BRDA:251,21,0,7
BRDA:251,21,1,2
BRDA:256,22,0,1
BRDA:256,22,1,5
BRDA:256,23,0,6
BRDA:256,23,1,2
BRDA:261,24,0,1
BRDA:261,24,1,4
BRDA:261,25,0,5
BRDA:261,25,1,2
BRDA:266,26,0,0
BRDA:266,26,1,4
BRDA:266,27,0,4
BRDA:266,27,1,4
BRDA:267,28,0,0
BRDA:267,28,1,0
BRDA:269,29,0,0
BRDA:269,29,1,0
BRDA:270,30,0,0
BRDA:270,30,1,0
BRDA:272,31,0,0
BRDA:272,31,1,0
BRDA:272,32,0,0
BRDA:272,32,1,0
BRDA:273,33,0,0
BRDA:273,33,1,0
BRDA:273,34,0,0
BRDA:273,34,1,0
BRDA:292,35,0,4
BRDA:292,35,1,2
BRDA:299,36,0,2
BRDA:299,36,1,2
BRF:79
BRH:49
end_of_record
TN:
SF:src\utils\reset-storage.ts
FN:1,(anonymous_0)
FN:14,(anonymous_1)
FNF:2
FNH:0
FNDA:0,(anonymous_0)
FNDA:0,(anonymous_1)
DA:1,0
DA:2,0
DA:4,0
DA:5,0
DA:8,0
DA:10,0
DA:14,0
DA:15,0
DA:16,0
DA:18,0
DA:19,0
DA:20,0
DA:24,0
DA:26,0
DA:27,0
DA:30,0
DA:31,0
DA:36,0
DA:37,0
DA:38,0
LF:20
LH:0
BRDA:18,0,0,0
BRDA:18,0,1,0
BRDA:21,1,0,0
BRDA:21,1,1,0
BRDA:22,2,0,0
BRDA:22,2,1,0
BRDA:36,3,0,0
BRDA:36,3,1,0
BRF:8
BRH:0
end_of_record
TN:
SF:src\utils\storageManager.ts
FN:22,(anonymous_1)
FN:35,(anonymous_2)
FN:43,(anonymous_3)
FN:78,(anonymous_4)
FN:108,(anonymous_5)
FN:121,(anonymous_6)
FN:142,(anonymous_7)
FN:156,(anonymous_8)
FN:170,(anonymous_9)
FN:184,(anonymous_10)
FN:198,(anonymous_11)
FN:203,(anonymous_12)
FN:235,(anonymous_13)
FN:243,(anonymous_14)
FN:256,(anonymous_15)
FN:268,(anonymous_16)
FN:278,(anonymous_17)
FN:282,(anonymous_18)
FN:297,(anonymous_19)
FN:316,(anonymous_20)
FN:317,(anonymous_21)
FN:329,(anonymous_22)
FN:336,(anonymous_23)
FN:345,(anonymous_24)
FNF:24
FNH:1
FNDA:0,(anonymous_1)
FNDA:0,(anonymous_2)
FNDA:0,(anonymous_3)
FNDA:79,(anonymous_4)
FNDA:0,(anonymous_5)
FNDA:0,(anonymous_6)
FNDA:0,(anonymous_7)
FNDA:0,(anonymous_8)
FNDA:0,(anonymous_9)
FNDA:0,(anonymous_10)
FNDA:0,(anonymous_11)
FNDA:0,(anonymous_12)
FNDA:0,(anonymous_13)
FNDA:0,(anonymous_14)
FNDA:0,(anonymous_15)
FNDA:0,(anonymous_16)
FNDA:0,(anonymous_17)
FNDA:0,(anonymous_18)
FNDA:0,(anonymous_19)
FNDA:0,(anonymous_20)
FNDA:0,(anonymous_21)
FNDA:0,(anonymous_22)
FNDA:0,(anonymous_23)
FNDA:0,(anonymous_24)
DA:2,7
DA:3,7
DA:4,7
DA:22,7
DA:23,0
DA:32,0
DA:33,0
DA:35,0
DA:36,0
DA:43,7
DA:44,0
DA:45,0
DA:52,0
DA:53,0
DA:60,0
DA:61,0
DA:68,0
DA:78,7
DA:79,79
DA:80,79
DA:81,79
DA:83,0
DA:85,0
DA:87,0
DA:88,0
DA:89,0
DA:90,0
DA:91,0
DA:93,0
DA:101,0
DA:108,7
DA:109,0
DA:110,0
DA:111,0
DA:113,0
DA:114,0
DA:121,7
DA:122,0
DA:123,0
DA:126,0
DA:128,0
DA:134,0
DA:135,0
DA:142,7
DA:143,0
DA:144,0
DA:145,0
DA:146,0
DA:148,0
DA:149,0
DA:156,7
DA:157,0
DA:158,0
DA:159,0
DA:160,0
DA:162,0
DA:163,0
DA:170,7
DA:171,0
DA:172,0
DA:173,0
DA:174,0
DA:176,0
DA:177,0
DA:184,7
DA:185,0
DA:186,0
DA:187,0
DA:188,0
DA:190,0
DA:191,0
DA:198,7
DA:199,0
DA:201,0
DA:203,0
DA:204,0
DA:205,0
DA:206,0
DA:211,0
DA:212,0
DA:213,0
DA:215,0
DA:222,0
DA:223,0
DA:235,7
DA:236,0
DA:237,0
DA:243,7
DA:244,0
DA:246,0
DA:248,0
DA:249,0
DA:256,7
DA:257,0
DA:258,0
DA:260,0
DA:261,0
DA:268,7
DA:269,0
DA:270,0
DA:271,0
DA:273,0
DA:275,0
DA:277,0
DA:278,0
DA:282,0
DA:284,0
DA:287,0
DA:289,0
DA:290,0
DA:297,7
DA:298,0
DA:299,0
DA:301,0
DA:302,0
DA:303,0
DA:306,0
DA:308,0
DA:309,0
DA:316,7
DA:317,0
DA:318,0
DA:319,0
DA:323,0
DA:326,0
DA:329,0
DA:330,0
DA:333,0
DA:336,0
DA:337,0
DA:338,0
DA:345,7
DA:346,0
DA:348,0
DA:349,0
DA:350,0
DA:351,0
DA:352,0
DA:355,0
DA:356,0
DA:359,0
LF:141
LH:23
BRDA:35,0,0,0
BRDA:35,0,1,0
BRDA:36,1,0,0
BRDA:36,1,1,0
BRDA:44,2,0,0
BRDA:44,2,1,0
BRDA:52,3,0,0
BRDA:52,3,1,0
BRDA:60,4,0,0
BRDA:60,4,1,0
BRDA:60,5,0,0
BRDA:60,5,1,0
BRDA:85,6,0,0
BRDA:85,6,1,0
BRDA:88,7,0,0
BRDA:88,7,1,0
BRDA:111,8,0,0
BRDA:111,8,1,0
BRDA:205,9,0,0
BRDA:205,9,1,0
BRDA:275,10,0,0
BRDA:275,10,1,0
BRDA:301,11,0,0
BRDA:301,11,1,0
BRDA:301,12,0,0
BRDA:301,12,1,0
BRDA:348,13,0,0
BRDA:348,13,1,0
BRDA:351,14,0,0
BRDA:351,14,1,0
BRDA:355,15,0,0
BRDA:355,15,1,0
BRF:32
BRH:0
end_of_record
