TN:
SF:src\App.tsx
FN:13,(anonymous_10)
FN:13,(anonymous_11)
FN:14,(anonymous_12)
FN:14,(anonymous_13)
FN:17,(anonymous_14)
FN:47,App
FN:50,(anonymous_16)
FNF:7
FNH:0
FNDA:0,(anonymous_10)
FNDA:0,(anonymous_11)
FNDA:0,(anonymous_12)
FNDA:0,(anonymous_13)
FNDA:0,(anonymous_14)
FNDA:0,App
FNDA:0,(anonymous_16)
DA:1,0
DA:2,0
DA:3,0
DA:4,0
DA:5,0
DA:6,0
DA:7,0
DA:10,0
DA:13,0
DA:14,0
DA:17,0
DA:18,0
DA:48,0
DA:52,0
DA:81,0
LF:15
LH:0
BRF:0
BRH:0
end_of_record
TN:
SF:src\components\dashboard\DashboardFilterInterface\DashboardFilterInterface.tsx
FN:10,(anonymous_1)
FN:14,(anonymous_2)
FN:18,(anonymous_3)
FNF:3
FNH:0
FNDA:0,(anonymous_1)
FNDA:0,(anonymous_2)
FNDA:0,(anonymous_3)
DA:1,0
DA:2,0
DA:3,0
DA:4,0
DA:10,0
DA:11,0
DA:12,0
DA:14,0
DA:15,0
DA:18,0
DA:19,0
DA:22,0
DA:63,0
LF:13
LH:0
BRDA:10,0,0,0
BRDA:33,1,0,0
BRDA:33,1,1,0
BRDA:38,2,0,0
BRDA:38,2,1,0
BRDA:43,3,0,0
BRDA:43,3,1,0
BRF:7
BRH:0
end_of_record
TN:
SF:src\components\dashboard\DashboardFilters\DashboardFilters.tsx
FN:12,(anonymous_9)
FN:33,(anonymous_10)
FN:35,(anonymous_11)
FN:36,(anonymous_12)
FN:37,(anonymous_13)
FN:57,(anonymous_14)
FN:61,(anonymous_15)
FN:66,(anonymous_16)
FN:98,(anonymous_17)
FN:115,(anonymous_18)
FN:119,(anonymous_19)
FN:132,(anonymous_20)
FN:136,(anonymous_21)
FN:148,(anonymous_22)
FN:152,(anonymous_23)
FN:172,(anonymous_24)
FN:192,(anonymous_25)
FN:192,(anonymous_26)
FN:204,(anonymous_27)
FN:204,(anonymous_28)
FN:233,(anonymous_29)
FN:237,(anonymous_30)
FNF:22
FNH:0
FNDA:0,(anonymous_9)
FNDA:0,(anonymous_10)
FNDA:0,(anonymous_11)
FNDA:0,(anonymous_12)
FNDA:0,(anonymous_13)
FNDA:0,(anonymous_14)
FNDA:0,(anonymous_15)
FNDA:0,(anonymous_16)
FNDA:0,(anonymous_17)
FNDA:0,(anonymous_18)
FNDA:0,(anonymous_19)
FNDA:0,(anonymous_20)
FNDA:0,(anonymous_21)
FNDA:0,(anonymous_22)
FNDA:0,(anonymous_23)
FNDA:0,(anonymous_24)
FNDA:0,(anonymous_25)
FNDA:0,(anonymous_26)
FNDA:0,(anonymous_27)
FNDA:0,(anonymous_28)
FNDA:0,(anonymous_29)
FNDA:0,(anonymous_30)
DA:1,0
DA:2,0
DA:3,0
DA:5,0
DA:12,0
DA:24,0
DA:26,0
DA:27,0
DA:33,0
DA:34,0
DA:35,0
DA:36,0
DA:37,0
DA:38,0
DA:42,0
DA:46,0
DA:49,0
DA:57,0
DA:58,0
DA:61,0
DA:62,0
DA:63,0
DA:66,0
DA:67,0
DA:70,0
DA:71,0
DA:73,0
DA:75,0
DA:76,0
DA:78,0
DA:79,0
DA:81,0
DA:82,0
DA:84,0
DA:85,0
DA:87,0
DA:88,0
DA:91,0
DA:94,0
DA:96,0
DA:98,0
DA:116,0
DA:119,0
DA:132,0
DA:137,0
DA:149,0
DA:153,0
DA:172,0
DA:192,0
DA:204,0
DA:233,0
DA:238,0
DA:260,0
LF:53
LH:0
BRDA:38,0,0,0
BRDA:38,0,1,0
BRDA:73,1,0,0
BRDA:73,1,1,0
BRDA:73,1,2,0
BRDA:73,1,3,0
BRDA:73,1,4,0
BRDA:94,2,0,0
BRDA:94,2,1,0
BRDA:118,3,0,0
BRDA:118,3,1,0
BRDA:131,4,0,0
BRDA:131,4,1,0
BRDA:132,5,0,0
BRDA:132,5,1,0
BRDA:151,6,0,0
BRDA:151,6,1,0
BRDA:153,7,0,0
BRDA:153,7,1,0
BRDA:158,8,0,0
BRDA:158,8,1,0
BRDA:159,9,0,0
BRDA:159,9,1,0
BRDA:161,10,0,0
BRDA:161,10,1,0
BRDA:171,11,0,0
BRDA:171,11,1,0
BRDA:172,12,0,0
BRDA:172,12,1,0
BRDA:191,13,0,0
BRDA:191,13,1,0
BRDA:194,14,0,0
BRDA:194,14,1,0
BRDA:203,15,0,0
BRDA:203,15,1,0
BRDA:206,16,0,0
BRDA:206,16,1,0
BRDA:232,17,0,0
BRDA:232,17,1,0
BRDA:233,18,0,0
BRDA:233,18,1,0
BRF:41
BRH:0
end_of_record
TN:
SF:src\components\dashboard\MetricsCards\MetricsCards.tsx
FN:10,(anonymous_1)
FN:11,(anonymous_2)
FN:17,(anonymous_3)
FN:24,(anonymous_4)
FN:31,(anonymous_5)
FN:33,(anonymous_6)
FN:39,(anonymous_7)
FN:42,(anonymous_8)
FN:49,(anonymous_9)
FN:54,(anonymous_10)
FNF:10
FNH:0
FNDA:0,(anonymous_1)
FNDA:0,(anonymous_2)
FNDA:0,(anonymous_3)
FNDA:0,(anonymous_4)
FNDA:0,(anonymous_5)
FNDA:0,(anonymous_6)
FNDA:0,(anonymous_7)
FNDA:0,(anonymous_8)
FNDA:0,(anonymous_9)
FNDA:0,(anonymous_10)
DA:1,0
DA:3,0
DA:4,0
DA:10,0
DA:11,0
DA:12,0
DA:13,0
DA:14,0
DA:17,0
DA:18,0
DA:24,0
DA:25,0
DA:31,0
DA:32,0
DA:33,0
DA:34,0
DA:39,0
DA:42,0
DA:43,0
DA:49,0
DA:50,0
DA:53,0
DA:54,0
DA:58,0
DA:67,0
DA:112,0
LF:26
LH:0
BRDA:18,0,0,0
BRDA:18,0,1,0
BRDA:18,0,2,0
BRDA:25,1,0,0
BRDA:25,1,1,0
BRDA:25,1,2,0
BRDA:34,2,0,0
BRDA:34,2,1,0
BRDA:34,2,2,0
BRDA:43,3,0,0
BRDA:43,3,1,0
BRDA:43,3,2,0
BRDA:50,4,0,0
BRDA:50,4,1,0
BRDA:54,5,0,0
BRDA:54,5,1,0
BRF:16
BRH:0
end_of_record
TN:
SF:src\components\dashboard\TasksByStatusChart\TasksByStatusChart.tsx
FN:11,(anonymous_1)
FN:12,(anonymous_2)
FN:13,(anonymous_3)
FN:31,(anonymous_4)
FN:38,(anonymous_5)
FN:65,(anonymous_6)
FN:73,(anonymous_7)
FNF:7
FNH:0
FNDA:0,(anonymous_1)
FNDA:0,(anonymous_2)
FNDA:0,(anonymous_3)
FNDA:0,(anonymous_4)
FNDA:0,(anonymous_5)
FNDA:0,(anonymous_6)
FNDA:0,(anonymous_7)
DA:1,0
DA:2,0
DA:4,0
DA:5,0
DA:11,0
DA:12,0
DA:13,0
DA:14,0
DA:15,0
DA:16,0
DA:19,0
DA:25,0
DA:31,0
DA:38,0
DA:39,0
DA:40,0
DA:47,0
DA:50,0
DA:66,0
DA:74,0
DA:86,0
LF:21
LH:0
BRDA:15,0,0,0
BRDA:15,0,1,0
BRDA:32,1,0,0
BRDA:32,1,1,0
BRDA:34,2,0,0
BRDA:34,2,1,0
BRDA:39,3,0,0
BRDA:39,3,1,0
BRDA:39,4,0,0
BRDA:39,4,1,0
BRDA:39,4,2,0
BRF:11
BRH:0
end_of_record
TN:
SF:src\components\dashboard\TasksCompletedChart\TasksCompletedChart.tsx
FN:11,(anonymous_1)
FN:12,(anonymous_2)
FN:13,(anonymous_3)
FN:17,(anonymous_4)
FN:30,(anonymous_5)
FNF:5
FNH:0
FNDA:0,(anonymous_1)
FNDA:0,(anonymous_2)
FNDA:0,(anonymous_3)
FNDA:0,(anonymous_4)
FNDA:0,(anonymous_5)
DA:1,0
DA:2,0
DA:4,0
DA:5,0
DA:11,0
DA:12,0
DA:13,0
DA:14,0
DA:15,0
DA:17,0
DA:18,0
DA:23,0
DA:31,0
DA:36,0
DA:39,0
DA:78,0
LF:16
LH:0
BRDA:18,0,0,0
BRDA:18,0,1,0
BRDA:18,0,2,0
BRF:3
BRH:0
end_of_record
TN:
SF:src\components\dashboard\TimeInColumnsChart\TimeInColumnsChart.tsx
FN:11,(anonymous_1)
FN:12,(anonymous_2)
FN:28,(anonymous_3)
FN:43,(anonymous_4)
FN:45,(anonymous_5)
FN:56,(anonymous_6)
FNF:6
FNH:0
FNDA:0,(anonymous_1)
FNDA:0,(anonymous_2)
FNDA:0,(anonymous_3)
FNDA:0,(anonymous_4)
FNDA:0,(anonymous_5)
FNDA:0,(anonymous_6)
DA:1,0
DA:2,0
DA:4,0
DA:5,0
DA:11,0
DA:12,0
DA:13,0
DA:19,0
DA:26,0
DA:28,0
DA:29,0
DA:30,0
DA:34,0
DA:35,0
DA:39,0
DA:40,0
DA:43,0
DA:44,0
DA:45,0
DA:48,0
DA:56,0
DA:57,0
DA:58,0
DA:67,0
DA:70,0
DA:100,0
LF:26
LH:0
BRDA:29,0,0,0
BRDA:29,0,1,0
BRDA:35,1,0,0
BRDA:35,1,1,0
BRDA:44,2,0,0
BRDA:44,2,1,0
BRDA:49,3,0,0
BRDA:49,3,1,0
BRDA:51,4,0,0
BRDA:51,4,1,0
BRDA:57,5,0,0
BRDA:57,5,1,0
BRDA:57,6,0,0
BRDA:57,6,1,0
BRDA:57,6,2,0
BRF:15
BRH:0
end_of_record
TN:
SF:src\components\kanban\AddColumnForm\AddColumnForm.tsx
FN:14,(anonymous_1)
FN:25,(anonymous_2)
FN:35,(anonymous_3)
FN:74,(anonymous_4)
FN:75,(anonymous_5)
FN:78,(anonymous_6)
FN:84,(anonymous_7)
FN:95,(anonymous_8)
FN:106,(anonymous_9)
FN:114,(anonymous_10)
FN:127,(anonymous_11)
FNF:11
FNH:0
FNDA:0,(anonymous_1)
FNDA:0,(anonymous_2)
FNDA:0,(anonymous_3)
FNDA:0,(anonymous_4)
FNDA:0,(anonymous_5)
FNDA:0,(anonymous_6)
FNDA:0,(anonymous_7)
FNDA:0,(anonymous_8)
FNDA:0,(anonymous_9)
FNDA:0,(anonymous_10)
FNDA:0,(anonymous_11)
DA:1,0
DA:3,0
DA:4,0
DA:5,0
DA:6,0
DA:7,0
DA:14,0
DA:15,0
DA:16,0
DA:21,0
DA:22,0
DA:25,0
DA:26,0
DA:27,0
DA:35,0
DA:37,0
DA:38,0
DA:39,0
DA:41,0
DA:42,0
DA:45,0
DA:46,0
DA:47,0
DA:50,0
DA:52,0
DA:58,0
DA:61,0
DA:68,0
DA:71,0
DA:74,0
DA:75,0
DA:77,0
DA:78,0
DA:82,0
DA:84,0
DA:95,0
DA:107,0
DA:114,0
DA:127,0
DA:154,0
LF:40
LH:0
BRDA:14,0,0,0
BRDA:26,1,0,0
BRDA:26,1,1,0
BRDA:38,2,0,0
BRDA:38,2,1,0
BRDA:41,3,0,0
BRDA:41,3,1,0
BRDA:41,4,0,0
BRDA:41,4,1,0
BRDA:45,5,0,0
BRDA:45,5,1,0
BRDA:50,6,0,0
BRDA:50,6,1,0
BRDA:50,7,0,0
BRDA:50,7,1,0
BRDA:55,8,0,0
BRDA:55,8,1,0
BRDA:65,9,0,0
BRDA:65,9,1,0
BRDA:77,10,0,0
BRDA:77,10,1,0
BRDA:86,11,0,0
BRDA:86,11,1,0
BRDA:111,12,0,0
BRDA:111,12,1,0
BRDA:126,13,0,0
BRDA:126,13,1,0
BRDA:127,14,0,0
BRDA:127,14,1,0
BRDA:128,15,0,0
BRDA:128,15,1,0
BRDA:146,16,0,0
BRDA:146,16,1,0
BRF:33
BRH:0
end_of_record
TN:
SF:src\components\kanban\Board\Board.tsx
FN:24,(anonymous_1)
FN:31,(anonymous_2)
FN:34,(anonymous_3)
FN:43,(anonymous_4)
FN:44,(anonymous_5)
FN:67,(anonymous_6)
FN:68,(anonymous_7)
FN:71,(anonymous_8)
FN:84,(anonymous_9)
FN:88,(anonymous_10)
FN:88,(anonymous_11)
FN:101,(anonymous_12)
FN:103,(anonymous_13)
FN:105,(anonymous_14)
FN:108,(anonymous_15)
FN:111,(anonymous_16)
FN:115,(anonymous_17)
FN:119,(anonymous_18)
FN:122,(anonymous_19)
FN:122,(anonymous_20)
FN:124,(anonymous_21)
FN:132,(anonymous_22)
FN:138,(anonymous_23)
FN:142,(anonymous_24)
FN:144,(anonymous_25)
FN:147,(anonymous_26)
FN:149,(anonymous_27)
FN:152,(anonymous_28)
FN:153,(anonymous_29)
FN:155,(anonymous_30)
FN:159,(anonymous_31)
FN:161,(anonymous_32)
FN:164,(anonymous_33)
FN:166,(anonymous_34)
FN:170,(anonymous_35)
FN:171,(anonymous_36)
FN:172,(anonymous_37)
FN:176,(anonymous_38)
FN:180,(anonymous_39)
FN:181,(anonymous_40)
FN:182,(anonymous_41)
FN:186,(anonymous_42)
FN:190,(anonymous_43)
FN:251,(anonymous_44)
FN:256,(anonymous_45)
FN:274,(anonymous_46)
FN:274,(anonymous_47)
FN:290,(anonymous_48)
FN:290,(anonymous_49)
FN:294,(anonymous_50)
FN:294,(anonymous_51)
FN:301,(anonymous_52)
FN:302,(anonymous_53)
FN:309,(anonymous_54)
FN:310,(anonymous_55)
FN:313,(anonymous_56)
FN:323,(anonymous_57)
FN:324,(anonymous_58)
FN:329,(anonymous_59)
FN:333,(anonymous_60)
FN:348,(anonymous_61)
FN:349,(anonymous_62)
FN:356,(anonymous_63)
FN:357,(anonymous_64)
FN:368,(anonymous_65)
FN:369,(anonymous_66)
FN:372,(anonymous_67)
FN:380,(anonymous_68)
FN:381,(anonymous_69)
FN:391,(anonymous_70)
FN:392,(anonymous_71)
FN:405,(anonymous_72)
FN:406,(anonymous_73)
FN:416,(anonymous_74)
FN:416,(anonymous_75)
FNF:75
FNH:0
FNDA:0,(anonymous_1)
FNDA:0,(anonymous_2)
FNDA:0,(anonymous_3)
FNDA:0,(anonymous_4)
FNDA:0,(anonymous_5)
FNDA:0,(anonymous_6)
FNDA:0,(anonymous_7)
FNDA:0,(anonymous_8)
FNDA:0,(anonymous_9)
FNDA:0,(anonymous_10)
FNDA:0,(anonymous_11)
FNDA:0,(anonymous_12)
FNDA:0,(anonymous_13)
FNDA:0,(anonymous_14)
FNDA:0,(anonymous_15)
FNDA:0,(anonymous_16)
FNDA:0,(anonymous_17)
FNDA:0,(anonymous_18)
FNDA:0,(anonymous_19)
FNDA:0,(anonymous_20)
FNDA:0,(anonymous_21)
FNDA:0,(anonymous_22)
FNDA:0,(anonymous_23)
FNDA:0,(anonymous_24)
FNDA:0,(anonymous_25)
FNDA:0,(anonymous_26)
FNDA:0,(anonymous_27)
FNDA:0,(anonymous_28)
FNDA:0,(anonymous_29)
FNDA:0,(anonymous_30)
FNDA:0,(anonymous_31)
FNDA:0,(anonymous_32)
FNDA:0,(anonymous_33)
FNDA:0,(anonymous_34)
FNDA:0,(anonymous_35)
FNDA:0,(anonymous_36)
FNDA:0,(anonymous_37)
FNDA:0,(anonymous_38)
FNDA:0,(anonymous_39)
FNDA:0,(anonymous_40)
FNDA:0,(anonymous_41)
FNDA:0,(anonymous_42)
FNDA:0,(anonymous_43)
FNDA:0,(anonymous_44)
FNDA:0,(anonymous_45)
FNDA:0,(anonymous_46)
FNDA:0,(anonymous_47)
FNDA:0,(anonymous_48)
FNDA:0,(anonymous_49)
FNDA:0,(anonymous_50)
FNDA:0,(anonymous_51)
FNDA:0,(anonymous_52)
FNDA:0,(anonymous_53)
FNDA:0,(anonymous_54)
FNDA:0,(anonymous_55)
FNDA:0,(anonymous_56)
FNDA:0,(anonymous_57)
FNDA:0,(anonymous_58)
FNDA:0,(anonymous_59)
FNDA:0,(anonymous_60)
FNDA:0,(anonymous_61)
FNDA:0,(anonymous_62)
FNDA:0,(anonymous_63)
FNDA:0,(anonymous_64)
FNDA:0,(anonymous_65)
FNDA:0,(anonymous_66)
FNDA:0,(anonymous_67)
FNDA:0,(anonymous_68)
FNDA:0,(anonymous_69)
FNDA:0,(anonymous_70)
FNDA:0,(anonymous_71)
FNDA:0,(anonymous_72)
FNDA:0,(anonymous_73)
FNDA:0,(anonymous_74)
FNDA:0,(anonymous_75)
DA:1,0
DA:2,0
DA:3,0
DA:5,0
DA:6,0
DA:7,0
DA:8,0
DA:9,0
DA:10,0
DA:11,0
DA:12,0
DA:13,0
DA:14,0
DA:15,0
DA:16,0
DA:17,0
DA:18,0
DA:24,0
DA:25,0
DA:26,0
DA:27,0
DA:28,0
DA:31,0
DA:32,0
DA:34,0
DA:39,0
DA:43,0
DA:44,0
DA:48,0
DA:58,0
DA:59,0
DA:60,0
DA:61,0
DA:62,0
DA:63,0
DA:64,0
DA:67,0
DA:68,0
DA:69,0
DA:71,0
DA:74,0
DA:75,0
DA:80,0
DA:84,0
DA:85,0
DA:87,0
DA:88,0
DA:89,0
DA:93,0
DA:101,0
DA:102,0
DA:103,0
DA:104,0
DA:105,0
DA:108,0
DA:109,0
DA:110,0
DA:111,0
DA:115,0
DA:116,0
DA:119,0
DA:121,0
DA:122,0
DA:123,0
DA:124,0
DA:125,0
DA:127,0
DA:132,0
DA:133,0
DA:134,0
DA:138,0
DA:139,0
DA:142,0
DA:143,0
DA:144,0
DA:147,0
DA:148,0
DA:149,0
DA:152,0
DA:153,0
DA:155,0
DA:156,0
DA:159,0
DA:161,0
DA:164,0
DA:166,0
DA:170,0
DA:171,0
DA:172,0
DA:173,0
DA:175,0
DA:176,0
DA:180,0
DA:181,0
DA:182,0
DA:183,0
DA:185,0
DA:186,0
DA:190,0
DA:191,0
DA:192,0
DA:194,0
DA:195,0
DA:196,0
DA:199,0
DA:200,0
DA:201,0
DA:205,0
DA:206,0
DA:207,0
DA:208,0
DA:211,0
DA:212,0
DA:213,0
DA:214,0
DA:216,0
DA:220,0
DA:221,0
DA:222,0
DA:223,0
DA:225,0
DA:226,0
DA:228,0
DA:234,0
DA:251,0
DA:257,0
DA:274,0
DA:290,0
DA:294,0
DA:302,0
DA:303,0
DA:310,0
DA:311,0
DA:313,0
DA:324,0
DA:325,0
DA:326,0
DA:330,0
DA:331,0
DA:332,0
DA:333,0
DA:349,0
DA:350,0
DA:357,0
DA:358,0
DA:369,0
DA:370,0
DA:372,0
DA:381,0
DA:382,0
DA:392,0
DA:393,0
DA:406,0
DA:407,0
DA:416,0
DA:430,0
LF:156
LH:0
BRDA:32,0,0,0
BRDA:32,0,1,0
BRDA:32,1,0,0
BRDA:32,1,1,0
BRDA:34,2,0,0
BRDA:34,2,1,0
BRDA:39,3,0,0
BRDA:39,3,1,0
BRDA:69,4,0,0
BRDA:69,4,1,0
BRDA:74,5,0,0
BRDA:74,5,1,0
BRDA:85,6,0,0
BRDA:85,6,1,0
BRDA:87,7,0,0
BRDA:87,7,1,0
BRDA:89,8,0,0
BRDA:89,8,1,0
BRDA:102,9,0,0
BRDA:102,9,1,0
BRDA:103,10,0,0
BRDA:103,10,1,0
BRDA:121,11,0,0
BRDA:121,11,1,0
BRDA:123,12,0,0
BRDA:123,12,1,0
BRDA:125,13,0,0
BRDA:125,13,1,0
BRDA:133,14,0,0
BRDA:133,14,1,0
BRDA:173,15,0,0
BRDA:173,15,1,0
BRDA:173,16,0,0
BRDA:173,16,1,0
BRDA:183,17,0,0
BRDA:183,17,1,0
BRDA:192,18,0,0
BRDA:192,18,1,0
BRDA:199,19,0,0
BRDA:199,19,1,0
BRDA:199,20,0,0
BRDA:199,20,1,0
BRDA:199,20,2,0
BRDA:205,21,0,0
BRDA:205,21,1,0
BRDA:208,22,0,0
BRDA:208,22,1,0
BRDA:211,23,0,0
BRDA:211,23,1,0
BRDA:213,24,0,0
BRDA:213,24,1,0
BRDA:220,25,0,0
BRDA:220,25,1,0
BRDA:223,26,0,0
BRDA:223,26,1,0
BRDA:225,27,0,0
BRDA:225,27,1,0
BRDA:236,28,0,0
BRDA:236,28,1,0
BRDA:236,29,0,0
BRDA:236,29,1,0
BRDA:287,30,0,0
BRDA:287,30,1,0
BRDA:298,31,0,0
BRDA:298,31,1,0
BRDA:298,31,2,0
BRDA:313,32,0,0
BRDA:313,32,1,0
BRDA:320,33,0,0
BRDA:320,33,1,0
BRDA:320,33,2,0
BRDA:345,34,0,0
BRDA:345,34,1,0
BRDA:345,34,2,0
BRDA:367,35,0,0
BRDA:367,35,1,0
BRDA:367,35,2,0
BRDA:402,36,0,0
BRDA:402,36,1,0
BRDA:402,36,2,0
BRDA:420,37,0,0
BRDA:420,37,1,0
BRDA:422,38,0,0
BRDA:422,38,1,0
BRDA:422,39,0,0
BRDA:422,39,1,0
BRF:86
BRH:0
end_of_record
TN:
SF:src\components\kanban\BoardForm\BoardForm.tsx
FN:18,(anonymous_1)
FN:29,(anonymous_2)
FN:38,(anonymous_3)
FN:57,(anonymous_4)
FN:112,(anonymous_5)
FN:113,(anonymous_6)
FN:117,(anonymous_7)
FN:128,(anonymous_8)
FN:136,(anonymous_9)
FN:153,(anonymous_10)
FN:178,(anonymous_11)
FNF:11
FNH:0
FNDA:0,(anonymous_1)
FNDA:0,(anonymous_2)
FNDA:0,(anonymous_3)
FNDA:0,(anonymous_4)
FNDA:0,(anonymous_5)
FNDA:0,(anonymous_6)
FNDA:0,(anonymous_7)
FNDA:0,(anonymous_8)
FNDA:0,(anonymous_9)
FNDA:0,(anonymous_10)
FNDA:0,(anonymous_11)
DA:1,0
DA:2,0
DA:4,0
DA:5,0
DA:6,0
DA:18,0
DA:19,0
DA:20,0
DA:24,0
DA:25,0
DA:27,0
DA:29,0
DA:30,0
DA:31,0
DA:38,0
DA:39,0
DA:41,0
DA:42,0
DA:43,0
DA:44,0
DA:47,0
DA:48,0
DA:49,0
DA:50,0
DA:53,0
DA:54,0
DA:57,0
DA:58,0
DA:60,0
DA:61,0
DA:64,0
DA:66,0
DA:67,0
DA:98,0
DA:99,0
DA:101,0
DA:104,0
DA:106,0
DA:108,0
DA:112,0
DA:113,0
DA:116,0
DA:117,0
DA:121,0
DA:128,0
DA:136,0
DA:153,0
DA:178,0
DA:188,0
LF:49
LH:0
BRDA:30,0,0,0
BRDA:30,0,1,0
BRDA:41,1,0,0
BRDA:41,1,1,0
BRDA:43,2,0,0
BRDA:43,2,1,0
BRDA:47,3,0,0
BRDA:47,3,1,0
BRDA:49,4,0,0
BRDA:49,4,1,0
BRDA:60,5,0,0
BRDA:60,5,1,0
BRDA:70,6,0,0
BRDA:70,6,1,0
BRDA:98,7,0,0
BRDA:98,7,1,0
BRDA:98,8,0,0
BRDA:98,8,1,0
BRDA:116,9,0,0
BRDA:116,9,1,0
BRDA:125,10,0,0
BRDA:125,10,1,0
BRDA:138,11,0,0
BRDA:138,11,1,0
BRDA:141,12,0,0
BRDA:141,12,1,0
BRDA:155,13,0,0
BRDA:155,13,1,0
BRDA:159,14,0,0
BRDA:159,14,1,0
BRDA:180,15,0,0
BRDA:180,15,1,0
BRF:32
BRH:0
end_of_record
TN:
SF:src\components\kanban\BoardSelector\BoardSelector.tsx
FN:13,(anonymous_1)
FN:20,(anonymous_2)
FN:27,(anonymous_3)
FN:33,(anonymous_4)
FN:36,(anonymous_5)
FN:41,(anonymous_6)
FN:44,(anonymous_7)
FN:49,(anonymous_8)
FN:51,(anonymous_9)
FN:92,(anonymous_10)
FN:98,(anonymous_11)
FN:116,(anonymous_12)
FN:125,(anonymous_13)
FNF:13
FNH:0
FNDA:0,(anonymous_1)
FNDA:0,(anonymous_2)
FNDA:0,(anonymous_3)
FNDA:0,(anonymous_4)
FNDA:0,(anonymous_5)
FNDA:0,(anonymous_6)
FNDA:0,(anonymous_7)
FNDA:0,(anonymous_8)
FNDA:0,(anonymous_9)
FNDA:0,(anonymous_10)
FNDA:0,(anonymous_11)
FNDA:0,(anonymous_12)
FNDA:0,(anonymous_13)
DA:1,0
DA:2,0
DA:3,0
DA:4,0
DA:5,0
DA:6,0
DA:13,0
DA:14,0
DA:15,0
DA:16,0
DA:17,0
DA:18,0
DA:20,0
DA:21,0
DA:22,0
DA:27,0
DA:28,0
DA:29,0
DA:33,0
DA:34,0
DA:35,0
DA:36,0
DA:37,0
DA:41,0
DA:42,0
DA:43,0
DA:44,0
DA:45,0
DA:49,0
DA:50,0
DA:51,0
DA:52,0
DA:56,0
DA:57,0
DA:73,0
DA:93,0
DA:98,0
DA:117,0
DA:118,0
DA:126,0
DA:127,0
DA:177,0
LF:42
LH:0
BRDA:13,0,0,0
BRDA:21,1,0,0
BRDA:21,1,1,0
BRDA:28,2,0,0
BRDA:28,2,1,0
BRDA:56,3,0,0
BRDA:56,3,1,0
BRDA:81,4,0,0
BRDA:81,4,1,0
BRDA:96,5,0,0
BRDA:96,5,1,0
BRDA:138,6,0,0
BRDA:138,6,1,0
BRDA:141,7,0,0
BRDA:141,7,1,0
BRDA:162,8,0,0
BRDA:162,8,1,0
BRDA:164,9,0,0
BRDA:164,9,1,0
BRDA:166,10,0,0
BRDA:166,10,1,0
BRF:21
BRH:0
end_of_record
TN:
SF:src\components\kanban\Column\Column.tsx
FN:26,(anonymous_1)
FN:47,(anonymous_2)
FN:51,(anonymous_3)
FN:55,(anonymous_4)
FN:59,(anonymous_5)
FN:64,(anonymous_6)
FN:68,(anonymous_7)
FN:74,(anonymous_8)
FN:75,(anonymous_9)
FN:76,(anonymous_10)
FN:81,(anonymous_11)
FN:81,(anonymous_12)
FN:86,(anonymous_13)
FN:87,(anonymous_14)
FN:164,(anonymous_15)
FN:202,(anonymous_16)
FN:210,(anonymous_17)
FNF:17
FNH:0
FNDA:0,(anonymous_1)
FNDA:0,(anonymous_2)
FNDA:0,(anonymous_3)
FNDA:0,(anonymous_4)
FNDA:0,(anonymous_5)
FNDA:0,(anonymous_6)
FNDA:0,(anonymous_7)
FNDA:0,(anonymous_8)
FNDA:0,(anonymous_9)
FNDA:0,(anonymous_10)
FNDA:0,(anonymous_11)
FNDA:0,(anonymous_12)
FNDA:0,(anonymous_13)
FNDA:0,(anonymous_14)
FNDA:0,(anonymous_15)
FNDA:0,(anonymous_16)
FNDA:0,(anonymous_17)
DA:1,0
DA:2,0
DA:4,0
DA:5,0
DA:6,0
DA:7,0
DA:8,0
DA:9,0
DA:26,0
DA:40,0
DA:41,0
DA:42,0
DA:45,0
DA:47,0
DA:48,0
DA:51,0
DA:52,0
DA:55,0
DA:56,0
DA:59,0
DA:60,0
DA:61,0
DA:64,0
DA:65,0
DA:68,0
DA:69,0
DA:74,0
DA:75,0
DA:76,0
DA:81,0
DA:83,0
DA:86,0
DA:87,0
DA:165,0
DA:202,0
DA:204,0
DA:211,0
DA:212,0
DA:213,0
LF:39
LH:0
BRDA:75,0,0,0
BRDA:75,0,1,0
BRDA:106,1,0,0
BRDA:106,1,1,0
BRDA:108,2,0,0
BRDA:108,2,1,0
BRDA:115,3,0,0
BRDA:115,3,1,0
BRDA:122,4,0,0
BRDA:122,4,1,0
BRDA:151,5,0,0
BRDA:151,5,1,0
BRDA:166,6,0,0
BRDA:166,6,1,0
BRDA:180,7,0,0
BRDA:180,7,1,0
BRDA:205,8,0,0
BRDA:205,8,1,0
BRDA:205,8,2,0
BRDA:205,8,3,0
BRDA:205,8,4,0
BRDA:205,8,5,0
BRDA:214,9,0,0
BRDA:214,9,1,0
BRDA:214,9,2,0
BRDA:214,9,3,0
BRDA:214,9,4,0
BRDA:214,9,5,0
BRF:28
BRH:0
end_of_record
TN:
SF:src\components\kanban\DeleteBoardModal\DeleteBoardModal.tsx
FN:13,(anonymous_1)
FN:19,(anonymous_2)
FNF:2
FNH:0
FNDA:0,(anonymous_1)
FNDA:0,(anonymous_2)
DA:2,0
DA:3,0
DA:4,0
DA:13,0
DA:19,0
DA:20,0
DA:21,0
DA:24,0
DA:80,0
LF:9
LH:0
BRF:0
BRH:0
end_of_record
TN:
SF:src\components\kanban\DeleteColumnModal\DeleteColumnModal.tsx
FN:15,(anonymous_1)
FN:26,(anonymous_2)
FN:29,(anonymous_3)
FN:50,(anonymous_4)
FN:88,(anonymous_5)
FN:93,(anonymous_6)
FNF:6
FNH:0
FNDA:0,(anonymous_1)
FNDA:0,(anonymous_2)
FNDA:0,(anonymous_3)
FNDA:0,(anonymous_4)
FNDA:0,(anonymous_5)
FNDA:0,(anonymous_6)
DA:1,0
DA:3,0
DA:4,0
DA:5,0
DA:6,0
DA:7,0
DA:15,0
DA:20,0
DA:21,0
DA:22,0
DA:24,0
DA:26,0
DA:27,0
DA:29,0
DA:30,0
DA:31,0
DA:34,0
DA:36,0
DA:37,0
DA:38,0
DA:40,0
DA:42,0
DA:46,0
DA:50,0
DA:51,0
DA:52,0
DA:53,0
DA:57,0
DA:88,0
DA:94,0
DA:136,0
LF:31
LH:0
BRDA:24,0,0,0
BRDA:24,0,1,0
BRDA:24,1,0,0
BRDA:24,1,1,0
BRDA:30,2,0,0
BRDA:30,2,1,0
BRDA:30,3,0,0
BRDA:30,3,1,0
BRDA:37,4,0,0
BRDA:37,4,1,0
BRDA:51,5,0,0
BRDA:51,5,1,0
BRDA:76,6,0,0
BRDA:76,6,1,0
BRDA:79,7,0,0
BRDA:79,7,1,0
BRDA:103,8,0,0
BRDA:103,8,1,0
BRDA:124,9,0,0
BRDA:124,9,1,0
BRDA:124,9,2,0
BRDA:127,10,0,0
BRDA:127,10,1,0
BRF:23
BRH:0
end_of_record
TN:
SF:src\components\kanban\DraggableColumn\DraggableColumn.tsx
FN:24,(anonymous_1)
FNF:1
FNH:0
FNDA:0,(anonymous_1)
DA:2,0
DA:3,0
DA:5,0
DA:6,0
DA:24,0
DA:48,0
DA:59,0
DA:64,0
DA:93,0
LF:9
LH:0
BRDA:35,0,0,0
BRDA:68,1,0,0
BRDA:68,1,1,0
BRDA:73,2,0,0
BRDA:73,2,1,0
BRF:5
BRH:0
end_of_record
TN:
SF:src\components\kanban\DraggableTask\DraggableTask.tsx
FN:19,(anonymous_1)
FN:48,(anonymous_2)
FNF:2
FNH:0
FNDA:0,(anonymous_1)
FNDA:0,(anonymous_2)
DA:1,0
DA:2,0
DA:3,0
DA:5,0
DA:6,0
DA:19,0
DA:38,0
DA:48,0
DA:54,0
DA:78,0
LF:10
LH:0
BRDA:51,0,0,0
BRDA:51,0,1,0
BRDA:58,1,0,0
BRDA:58,1,1,0
BRF:4
BRH:0
end_of_record
TN:
SF:src\components\kanban\EditableColumnTitle\EditableColumnTitle.tsx
FN:12,(anonymous_0)
FN:22,(anonymous_1)
FN:29,(anonymous_2)
FN:33,(anonymous_3)
FN:42,(anonymous_4)
FN:50,(anonymous_5)
FN:61,(anonymous_6)
FNF:7
FNH:0
FNDA:0,(anonymous_0)
FNDA:0,(anonymous_1)
FNDA:0,(anonymous_2)
FNDA:0,(anonymous_3)
FNDA:0,(anonymous_4)
FNDA:0,(anonymous_5)
FNDA:0,(anonymous_6)
DA:1,0
DA:2,0
DA:12,0
DA:19,0
DA:20,0
DA:22,0
DA:23,0
DA:24,0
DA:25,0
DA:29,0
DA:30,0
DA:33,0
DA:34,0
DA:35,0
DA:36,0
DA:38,0
DA:42,0
DA:43,0
DA:44,0
DA:45,0
DA:46,0
DA:50,0
DA:51,0
DA:54,0
DA:55,0
DA:61,0
DA:69,0
DA:80,0
LF:28
LH:0
BRDA:23,0,0,0
BRDA:23,0,1,0
BRDA:23,1,0,0
BRDA:23,1,1,0
BRDA:35,2,0,0
BRDA:35,2,1,0
BRDA:35,3,0,0
BRDA:35,3,1,0
BRDA:43,4,0,0
BRDA:43,4,1,0
BRDA:45,5,0,0
BRDA:45,5,1,0
BRDA:54,6,0,0
BRDA:54,6,1,0
BRF:14
BRH:0
end_of_record
TN:
SF:src\components\kanban\MarkdownPreview\MarkdownPreview.tsx
FN:9,(anonymous_0)
FN:10,(anonymous_1)
FN:24,(anonymous_2)
FNF:3
FNH:0
FNDA:0,(anonymous_0)
FNDA:0,(anonymous_1)
FNDA:0,(anonymous_2)
DA:2,0
DA:9,0
DA:10,0
DA:11,0
DA:24,0
DA:25,0
DA:28,0
DA:36,0
LF:8
LH:0
BRDA:9,0,0,0
BRF:1
BRH:0
end_of_record
TN:
SF:src\components\kanban\SubtasksList\SubtasksList.tsx
FN:14,(anonymous_1)
FN:22,(anonymous_2)
FN:23,(anonymous_3)
FN:31,(anonymous_4)
FN:45,(anonymous_5)
FN:46,(anonymous_6)
FN:50,(anonymous_7)
FN:60,(anonymous_8)
FN:83,(anonymous_9)
FN:89,(anonymous_10)
FN:102,(anonymous_11)
FN:127,(anonymous_12)
FN:147,(anonymous_13)
FNF:13
FNH:0
FNDA:0,(anonymous_1)
FNDA:0,(anonymous_2)
FNDA:0,(anonymous_3)
FNDA:0,(anonymous_4)
FNDA:0,(anonymous_5)
FNDA:0,(anonymous_6)
FNDA:0,(anonymous_7)
FNDA:0,(anonymous_8)
FNDA:0,(anonymous_9)
FNDA:0,(anonymous_10)
FNDA:0,(anonymous_11)
FNDA:0,(anonymous_12)
FNDA:0,(anonymous_13)
DA:1,0
DA:3,0
DA:4,0
DA:5,0
DA:6,0
DA:14,0
DA:19,0
DA:20,0
DA:22,0
DA:23,0
DA:24,0
DA:28,0
DA:31,0
DA:32,0
DA:33,0
DA:39,0
DA:40,0
DA:41,0
DA:45,0
DA:46,0
DA:47,0
DA:50,0
DA:51,0
DA:52,0
DA:53,0
DA:54,0
DA:55,0
DA:56,0
DA:60,0
DA:61,0
DA:62,0
DA:64,0
DA:84,0
DA:89,0
DA:102,0
DA:128,0
DA:129,0
DA:147,0
DA:158,0
LF:39
LH:0
BRDA:17,0,0,0
BRDA:24,1,0,0
BRDA:24,1,1,0
BRDA:32,2,0,0
BRDA:32,2,1,0
BRDA:51,3,0,0
BRDA:51,3,1,0
BRDA:54,4,0,0
BRDA:54,4,1,0
BRDA:62,5,0,0
BRDA:62,5,1,0
BRDA:66,6,0,0
BRDA:66,6,1,0
BRDA:93,7,0,0
BRDA:93,7,1,0
BRDA:98,8,0,0
BRDA:98,8,1,0
BRDA:112,9,0,0
BRDA:112,9,1,0
BRDA:114,10,0,0
BRDA:114,10,1,0
BRF:21
BRH:0
end_of_record
TN:
SF:src\components\kanban\TaskCard\TaskCard.tsx
FN:23,(anonymous_1)
FN:36,(anonymous_2)
FN:38,(anonymous_3)
FN:45,(anonymous_4)
FN:51,(anonymous_5)
FN:59,(anonymous_6)
FN:63,(anonymous_7)
FN:74,(anonymous_8)
FN:79,(anonymous_9)
FN:85,(anonymous_10)
FN:90,(anonymous_11)
FN:95,(anonymous_12)
FN:98,(anonymous_13)
FN:103,(anonymous_14)
FN:143,(anonymous_15)
FN:163,(anonymous_16)
FN:182,(anonymous_17)
FN:183,(anonymous_18)
FN:250,(anonymous_19)
FN:287,(anonymous_20)
FN:315,(anonymous_21)
FN:322,(anonymous_22)
FN:379,(anonymous_23)
FN:410,(anonymous_24)
FN:411,(anonymous_25)
FN:412,(anonymous_26)
FN:413,(anonymous_27)
FN:414,(anonymous_28)
FN:423,(anonymous_29)
FNF:29
FNH:0
FNDA:0,(anonymous_1)
FNDA:0,(anonymous_2)
FNDA:0,(anonymous_3)
FNDA:0,(anonymous_4)
FNDA:0,(anonymous_5)
FNDA:0,(anonymous_6)
FNDA:0,(anonymous_7)
FNDA:0,(anonymous_8)
FNDA:0,(anonymous_9)
FNDA:0,(anonymous_10)
FNDA:0,(anonymous_11)
FNDA:0,(anonymous_12)
FNDA:0,(anonymous_13)
FNDA:0,(anonymous_14)
FNDA:0,(anonymous_15)
FNDA:0,(anonymous_16)
FNDA:0,(anonymous_17)
FNDA:0,(anonymous_18)
FNDA:0,(anonymous_19)
FNDA:0,(anonymous_20)
FNDA:0,(anonymous_21)
FNDA:0,(anonymous_22)
FNDA:0,(anonymous_23)
FNDA:0,(anonymous_24)
FNDA:0,(anonymous_25)
FNDA:0,(anonymous_26)
FNDA:0,(anonymous_27)
FNDA:0,(anonymous_28)
FNDA:0,(anonymous_29)
DA:1,0
DA:2,0
DA:4,0
DA:5,0
DA:6,0
DA:7,0
DA:8,0
DA:9,0
DA:23,0
DA:26,0
DA:27,0
DA:28,0
DA:29,0
DA:30,0
DA:33,0
DA:36,0
DA:37,0
DA:38,0
DA:40,0
DA:41,0
DA:42,0
DA:45,0
DA:48,0
DA:49,0
DA:51,0
DA:52,0
DA:53,0
DA:59,0
DA:60,0
DA:63,0
DA:65,0
DA:66,0
DA:69,0
DA:71,0
DA:74,0
DA:75,0
DA:76,0
DA:79,0
DA:80,0
DA:81,0
DA:85,0
DA:86,0
DA:87,0
DA:90,0
DA:91,0
DA:92,0
DA:95,0
DA:96,0
DA:98,0
DA:99,0
DA:103,0
DA:104,0
DA:106,0
DA:107,0
DA:108,0
DA:109,0
DA:110,0
DA:113,0
DA:114,0
DA:117,0
DA:118,0
DA:122,0
DA:123,0
DA:127,0
DA:128,0
DA:131,0
DA:132,0
DA:135,0
DA:143,0
DA:144,0
DA:147,0
DA:148,0
DA:149,0
DA:151,0
DA:152,0
DA:153,0
DA:156,0
DA:157,0
DA:158,0
DA:163,0
DA:164,0
DA:165,0
DA:166,0
DA:167,0
DA:168,0
DA:169,0
DA:172,0
DA:182,0
DA:185,0
DA:186,0
DA:251,0
DA:288,0
DA:289,0
DA:315,0
DA:322,0
DA:380,0
DA:423,0
DA:425,0
LF:98
LH:0
BRDA:37,0,0,0
BRDA:37,0,1,0
BRDA:41,1,0,0
BRDA:41,1,1,0
BRDA:66,2,0,0
BRDA:66,2,1,0
BRDA:66,3,0,0
BRDA:66,3,1,0
BRDA:66,3,2,0
BRDA:104,4,0,0
BRDA:104,4,1,0
BRDA:117,5,0,0
BRDA:117,5,1,0
BRDA:122,6,0,0
BRDA:122,6,1,0
BRDA:127,7,0,0
BRDA:127,7,1,0
BRDA:131,8,0,0
BRDA:131,8,1,0
BRDA:144,9,0,0
BRDA:144,9,1,0
BRDA:144,9,2,0
BRDA:144,9,3,0
BRDA:144,9,4,0
BRDA:166,10,0,0
BRDA:166,10,1,0
BRDA:167,11,0,0
BRDA:167,11,1,0
BRDA:167,12,0,0
BRDA:167,12,1,0
BRDA:168,13,0,0
BRDA:168,13,1,0
BRDA:176,14,0,0
BRDA:176,14,1,0
BRDA:178,15,0,0
BRDA:178,15,1,0
BRDA:179,16,0,0
BRDA:179,16,1,0
BRDA:185,17,0,0
BRDA:185,17,1,0
BRDA:210,18,0,0
BRDA:210,18,1,0
BRDA:226,19,0,0
BRDA:226,19,1,0
BRDA:248,20,0,0
BRDA:248,20,1,0
BRDA:248,20,2,0
BRDA:248,20,3,0
BRDA:250,21,0,0
BRDA:250,21,1,0
BRDA:250,22,0,0
BRDA:250,22,1,0
BRDA:258,23,0,0
BRDA:258,23,1,0
BRDA:258,24,0,0
BRDA:258,24,1,0
BRDA:259,25,0,0
BRDA:259,25,1,0
BRDA:260,26,0,0
BRDA:260,26,1,0
BRDA:271,27,0,0
BRDA:271,27,1,0
BRDA:285,28,0,0
BRDA:285,28,1,0
BRDA:302,29,0,0
BRDA:302,29,1,0
BRDA:311,30,0,0
BRDA:311,30,1,0
BRDA:332,31,0,0
BRDA:332,31,1,0
BRDA:335,32,0,0
BRDA:335,32,1,0
BRDA:336,33,0,0
BRDA:336,33,1,0
BRDA:346,34,0,0
BRDA:346,34,1,0
BRDA:346,35,0,0
BRDA:346,35,1,0
BRDA:349,36,0,0
BRDA:349,36,1,0
BRDA:352,37,0,0
BRDA:352,37,1,0
BRDA:364,38,0,0
BRDA:364,38,1,0
BRDA:364,38,2,0
BRDA:364,38,3,0
BRDA:410,39,0,0
BRDA:410,39,1,0
BRDA:411,40,0,0
BRDA:411,40,1,0
BRDA:412,41,0,0
BRDA:412,41,1,0
BRDA:413,42,0,0
BRDA:413,42,1,0
BRDA:414,43,0,0
BRDA:414,43,1,0
BRDA:426,44,0,0
BRDA:426,44,1,0
BRF:98
BRH:0
end_of_record
TN:
SF:src\components\kanban\TaskContextMenu\TaskContextMenu.tsx
FN:20,(anonymous_1)
FN:27,(anonymous_2)
FN:28,(anonymous_3)
FN:30,(anonymous_4)
FN:31,(anonymous_5)
FN:32,(anonymous_6)
FN:34,(anonymous_7)
FN:36,(anonymous_8)
FN:37,(anonymous_9)
FN:40,(anonymous_10)
FN:43,(anonymous_11)
FN:49,(anonymous_12)
FN:55,(anonymous_13)
FN:60,(anonymous_14)
FN:79,(anonymous_15)
FN:81,(anonymous_16)
FN:89,(anonymous_17)
FN:106,(anonymous_18)
FN:116,(anonymous_19)
FN:121,(anonymous_20)
FNF:20
FNH:0
FNDA:0,(anonymous_1)
FNDA:0,(anonymous_2)
FNDA:0,(anonymous_3)
FNDA:0,(anonymous_4)
FNDA:0,(anonymous_5)
FNDA:0,(anonymous_6)
FNDA:0,(anonymous_7)
FNDA:0,(anonymous_8)
FNDA:0,(anonymous_9)
FNDA:0,(anonymous_10)
FNDA:0,(anonymous_11)
FNDA:0,(anonymous_12)
FNDA:0,(anonymous_13)
FNDA:0,(anonymous_14)
FNDA:0,(anonymous_15)
FNDA:0,(anonymous_16)
FNDA:0,(anonymous_17)
FNDA:0,(anonymous_18)
FNDA:0,(anonymous_19)
FNDA:0,(anonymous_20)
DA:1,0
DA:2,0
DA:4,0
DA:5,0
DA:20,0
DA:23,0
DA:24,0
DA:26,0
DA:27,0
DA:28,0
DA:30,0
DA:31,0
DA:32,0
DA:34,0
DA:36,0
DA:37,0
DA:40,0
DA:41,0
DA:43,0
DA:44,0
DA:45,0
DA:49,0
DA:50,0
DA:51,0
DA:55,0
DA:56,0
DA:57,0
DA:60,0
DA:61,0
DA:62,0
DA:63,0
DA:67,0
DA:70,0
DA:79,0
DA:82,0
DA:90,0
DA:91,0
DA:92,0
DA:107,0
DA:108,0
DA:109,0
DA:110,0
DA:117,0
DA:122,0
DA:123,0
DA:124,0
DA:125,0
DA:142,0
LF:48
LH:0
BRDA:41,0,0,0
BRDA:41,0,1,0
BRDA:44,1,0,0
BRDA:44,1,1,0
BRDA:44,2,0,0
BRDA:44,2,1,0
BRDA:50,3,0,0
BRDA:50,3,1,0
BRDA:67,4,0,0
BRDA:67,4,1,0
BRDA:82,5,0,0
BRDA:82,5,1,0
BRDA:88,6,0,0
BRDA:88,6,1,0
BRDA:88,7,0,0
BRDA:88,7,1,0
BRDA:97,8,0,0
BRDA:97,8,1,0
BRDA:101,9,0,0
BRDA:101,9,1,0
BRDA:101,9,2,0
BRDA:101,9,3,0
BRDA:120,10,0,0
BRDA:120,10,1,0
BRF:24
BRH:0
end_of_record
TN:
SF:src\components\kanban\TaskDetailModal\TaskDetailModal.tsx
FN:26,(anonymous_1)
FN:56,(anonymous_2)
FN:62,(anonymous_3)
FN:71,(anonymous_4)
FN:76,(anonymous_5)
FN:77,(anonymous_6)
FN:78,(anonymous_7)
FN:86,(anonymous_8)
FN:88,(anonymous_9)
FN:89,(anonymous_10)
FN:105,(anonymous_11)
FN:124,(anonymous_12)
FN:135,(anonymous_13)
FN:140,(anonymous_14)
FN:152,(anonymous_15)
FN:157,(anonymous_16)
FN:204,(anonymous_17)
FN:230,(anonymous_18)
FN:235,(anonymous_19)
FN:264,(anonymous_20)
FN:282,(anonymous_21)
FN:305,(anonymous_22)
FN:312,(anonymous_23)
FN:326,(anonymous_24)
FN:367,(anonymous_25)
FN:368,(anonymous_26)
FN:416,(anonymous_27)
FN:468,(anonymous_28)
FN:472,(anonymous_29)
FN:505,(anonymous_30)
FN:514,(anonymous_31)
FNF:31
FNH:0
FNDA:0,(anonymous_1)
FNDA:0,(anonymous_2)
FNDA:0,(anonymous_3)
FNDA:0,(anonymous_4)
FNDA:0,(anonymous_5)
FNDA:0,(anonymous_6)
FNDA:0,(anonymous_7)
FNDA:0,(anonymous_8)
FNDA:0,(anonymous_9)
FNDA:0,(anonymous_10)
FNDA:0,(anonymous_11)
FNDA:0,(anonymous_12)
FNDA:0,(anonymous_13)
FNDA:0,(anonymous_14)
FNDA:0,(anonymous_15)
FNDA:0,(anonymous_16)
FNDA:0,(anonymous_17)
FNDA:0,(anonymous_18)
FNDA:0,(anonymous_19)
FNDA:0,(anonymous_20)
FNDA:0,(anonymous_21)
FNDA:0,(anonymous_22)
FNDA:0,(anonymous_23)
FNDA:0,(anonymous_24)
FNDA:0,(anonymous_25)
FNDA:0,(anonymous_26)
FNDA:0,(anonymous_27)
FNDA:0,(anonymous_28)
FNDA:0,(anonymous_29)
FNDA:0,(anonymous_30)
FNDA:0,(anonymous_31)
DA:1,0
DA:3,0
DA:4,0
DA:5,0
DA:6,0
DA:7,0
DA:8,0
DA:9,0
DA:10,0
DA:26,0
DA:39,0
DA:40,0
DA:41,0
DA:42,0
DA:45,0
DA:46,0
DA:47,0
DA:48,0
DA:51,0
DA:52,0
DA:53,0
DA:56,0
DA:57,0
DA:58,0
DA:62,0
DA:63,0
DA:64,0
DA:65,0
DA:70,0
DA:71,0
DA:72,0
DA:73,0
DA:76,0
DA:77,0
DA:78,0
DA:79,0
DA:82,0
DA:86,0
DA:88,0
DA:89,0
DA:90,0
DA:91,0
DA:95,0
DA:96,0
DA:99,0
DA:105,0
DA:106,0
DA:107,0
DA:110,0
DA:118,0
DA:119,0
DA:124,0
DA:125,0
DA:126,0
DA:127,0
DA:129,0
DA:130,0
DA:135,0
DA:136,0
DA:137,0
DA:140,0
DA:141,0
DA:142,0
DA:143,0
DA:144,0
DA:146,0
DA:147,0
DA:152,0
DA:153,0
DA:154,0
DA:157,0
DA:158,0
DA:159,0
DA:161,0
DA:162,0
DA:167,0
DA:205,0
DA:206,0
DA:207,0
DA:208,0
DA:231,0
DA:236,0
DA:237,0
DA:239,0
DA:265,0
DA:266,0
DA:283,0
DA:305,0
DA:312,0
DA:326,0
DA:368,0
DA:369,0
DA:371,0
DA:374,0
DA:417,0
DA:468,0
DA:473,0
DA:474,0
DA:475,0
DA:476,0
DA:505,0
DA:515,0
DA:516,0
DA:528,0
LF:104
LH:0
BRDA:42,0,0,0
BRDA:42,0,1,0
BRDA:42,1,0,0
BRDA:42,1,1,0
BRDA:63,2,0,0
BRDA:63,2,1,0
BRDA:63,3,0,0
BRDA:63,3,1,0
BRDA:63,3,2,0
BRDA:70,4,0,0
BRDA:70,4,1,0
BRDA:73,5,0,0
BRDA:73,5,1,0
BRDA:79,6,0,0
BRDA:79,6,1,0
BRDA:90,7,0,0
BRDA:90,7,1,0
BRDA:90,8,0,0
BRDA:90,8,1,0
BRDA:99,9,0,0
BRDA:99,9,1,0
BRDA:118,10,0,0
BRDA:118,10,1,0
BRDA:125,11,0,0
BRDA:125,11,1,0
BRDA:125,12,0,0
BRDA:125,12,1,0
BRDA:129,13,0,0
BRDA:129,13,1,0
BRDA:141,14,0,0
BRDA:141,14,1,0
BRDA:141,15,0,0
BRDA:141,15,1,0
BRDA:141,15,2,0
BRDA:146,16,0,0
BRDA:146,16,1,0
BRDA:158,17,0,0
BRDA:158,17,1,0
BRDA:161,18,0,0
BRDA:161,18,1,0
BRDA:183,19,0,0
BRDA:183,19,1,0
BRDA:193,20,0,0
BRDA:193,20,1,0
BRDA:206,21,0,0
BRDA:206,21,1,0
BRDA:213,22,0,0
BRDA:213,22,1,0
BRDA:216,23,0,0
BRDA:216,23,1,0
BRDA:236,24,0,0
BRDA:236,24,1,0
BRDA:244,25,0,0
BRDA:244,25,1,0
BRDA:250,26,0,0
BRDA:250,26,1,0
BRDA:250,26,2,0
BRDA:278,27,0,0
BRDA:278,27,1,0
BRDA:278,27,2,0
BRDA:299,28,0,0
BRDA:299,28,1,0
BRDA:322,29,0,0
BRDA:322,29,1,0
BRDA:363,30,0,0
BRDA:363,30,1,0
BRDA:369,31,0,0
BRDA:369,31,1,0
BRDA:370,32,0,0
BRDA:370,32,1,0
BRDA:371,33,0,0
BRDA:371,33,1,0
BRDA:372,34,0,0
BRDA:372,34,1,0
BRDA:412,35,0,0
BRDA:412,35,1,0
BRDA:433,36,0,0
BRDA:433,36,1,0
BRDA:437,37,0,0
BRDA:437,37,1,0
BRDA:437,38,0,0
BRDA:437,38,1,0
BRDA:438,39,0,0
BRDA:438,39,1,0
BRDA:438,40,0,0
BRDA:438,40,1,0
BRDA:448,41,0,0
BRDA:448,41,1,0
BRDA:473,42,0,0
BRDA:473,42,1,0
BRDA:473,43,0,0
BRDA:473,43,1,0
BRDA:475,44,0,0
BRDA:475,44,1,0
BRDA:510,45,0,0
BRDA:510,45,1,0
BRF:96
BRH:0
end_of_record
TN:
SF:src\components\kanban\TaskForm\TaskForm.tsx
FN:16,(anonymous_1)
FN:48,(anonymous_2)
FN:70,(anonymous_3)
FN:131,(anonymous_4)
FN:198,(anonymous_5)
FN:199,(anonymous_6)
FN:202,(anonymous_7)
FN:206,(anonymous_8)
FN:208,(anonymous_9)
FN:216,(anonymous_10)
FN:217,(anonymous_11)
FN:219,(anonymous_12)
FN:223,(anonymous_13)
FN:231,(anonymous_14)
FN:249,(anonymous_15)
FN:263,(anonymous_16)
FN:277,(anonymous_17)
FN:308,(anonymous_18)
FN:312,(anonymous_19)
FN:313,(anonymous_20)
FN:332,(anonymous_21)
FN:342,(anonymous_22)
FN:342,(anonymous_23)
FN:347,(anonymous_24)
FN:366,(anonymous_25)
FN:373,(anonymous_26)
FN:396,(anonymous_27)
FN:406,(anonymous_28)
FN:420,(anonymous_29)
FN:433,(anonymous_30)
FN:439,(anonymous_31)
FN:469,(anonymous_32)
FNF:32
FNH:0
FNDA:0,(anonymous_1)
FNDA:0,(anonymous_2)
FNDA:0,(anonymous_3)
FNDA:0,(anonymous_4)
FNDA:0,(anonymous_5)
FNDA:0,(anonymous_6)
FNDA:0,(anonymous_7)
FNDA:0,(anonymous_8)
FNDA:0,(anonymous_9)
FNDA:0,(anonymous_10)
FNDA:0,(anonymous_11)
FNDA:0,(anonymous_12)
FNDA:0,(anonymous_13)
FNDA:0,(anonymous_14)
FNDA:0,(anonymous_15)
FNDA:0,(anonymous_16)
FNDA:0,(anonymous_17)
FNDA:0,(anonymous_18)
FNDA:0,(anonymous_19)
FNDA:0,(anonymous_20)
FNDA:0,(anonymous_21)
FNDA:0,(anonymous_22)
FNDA:0,(anonymous_23)
FNDA:0,(anonymous_24)
FNDA:0,(anonymous_25)
FNDA:0,(anonymous_26)
FNDA:0,(anonymous_27)
FNDA:0,(anonymous_28)
FNDA:0,(anonymous_29)
FNDA:0,(anonymous_30)
FNDA:0,(anonymous_31)
FNDA:0,(anonymous_32)
DA:1,0
DA:3,0
DA:4,0
DA:5,0
DA:6,0
DA:7,0
DA:16,0
DA:22,0
DA:23,0
DA:24,0
DA:25,0
DA:37,0
DA:38,0
DA:44,0
DA:45,0
DA:48,0
DA:49,0
DA:51,0
DA:53,0
DA:64,0
DA:70,0
DA:77,0
DA:80,0
DA:81,0
DA:82,0
DA:83,0
DA:84,0
DA:85,0
DA:89,0
DA:90,0
DA:94,0
DA:95,0
DA:99,0
DA:100,0
DA:101,0
DA:105,0
DA:106,0
DA:107,0
DA:110,0
DA:112,0
DA:126,0
DA:127,0
DA:130,0
DA:131,0
DA:133,0
DA:134,0
DA:140,0
DA:144,0
DA:158,0
DA:159,0
DA:160,0
DA:163,0
DA:164,0
DA:170,0
DA:176,0
DA:177,0
DA:180,0
DA:192,0
DA:193,0
DA:198,0
DA:199,0
DA:201,0
DA:202,0
DA:206,0
DA:207,0
DA:208,0
DA:212,0
DA:216,0
DA:217,0
DA:219,0
DA:223,0
DA:224,0
DA:225,0
DA:226,0
DA:231,0
DA:232,0
DA:233,0
DA:234,0
DA:235,0
DA:236,0
DA:240,0
DA:247,0
DA:249,0
DA:263,0
DA:277,0
DA:309,0
DA:313,0
DA:314,0
DA:332,0
DA:342,0
DA:343,0
DA:348,0
DA:349,0
DA:367,0
DA:373,0
DA:396,0
DA:406,0
DA:420,0
DA:434,0
DA:439,0
DA:469,0
DA:486,0
LF:102
LH:0
BRDA:18,0,0,0
BRDA:19,1,0,0
BRDA:49,2,0,0
BRDA:49,2,1,0
BRDA:51,3,0,0
BRDA:51,3,1,0
BRDA:51,4,0,0
BRDA:51,4,1,0
BRDA:64,5,0,0
BRDA:64,5,1,0
BRDA:70,6,0,0
BRDA:80,7,0,0
BRDA:80,7,1,0
BRDA:82,8,0,0
BRDA:82,8,1,0
BRDA:84,9,0,0
BRDA:84,9,1,0
BRDA:89,10,0,0
BRDA:89,10,1,0
BRDA:94,11,0,0
BRDA:94,11,1,0
BRDA:94,12,0,0
BRDA:94,12,1,0
BRDA:99,13,0,0
BRDA:99,13,1,0
BRDA:100,14,0,0
BRDA:100,14,1,0
BRDA:100,15,0,0
BRDA:100,15,1,0
BRDA:105,16,0,0
BRDA:105,16,1,0
BRDA:110,17,0,0
BRDA:110,17,1,0
BRDA:110,18,0,0
BRDA:110,18,1,0
BRDA:116,19,0,0
BRDA:116,19,1,0
BRDA:116,20,0,0
BRDA:116,20,1,0
BRDA:123,21,0,0
BRDA:123,21,1,0
BRDA:130,22,0,0
BRDA:130,22,1,0
BRDA:130,23,0,0
BRDA:130,23,1,0
BRDA:131,24,0,0
BRDA:131,24,1,0
BRDA:133,25,0,0
BRDA:133,25,1,0
BRDA:148,26,0,0
BRDA:148,26,1,0
BRDA:148,27,0,0
BRDA:148,27,1,0
BRDA:158,28,0,0
BRDA:158,28,1,0
BRDA:163,29,0,0
BRDA:163,29,1,0
BRDA:163,30,0,0
BRDA:163,30,1,0
BRDA:176,31,0,0
BRDA:176,31,1,0
BRDA:201,32,0,0
BRDA:201,32,1,0
BRDA:207,33,0,0
BRDA:207,33,1,0
BRDA:207,34,0,0
BRDA:207,34,1,0
BRDA:224,35,0,0
BRDA:224,35,1,0
BRDA:232,36,0,0
BRDA:232,36,1,0
BRDA:234,37,0,0
BRDA:234,37,1,0
BRDA:234,38,0,0
BRDA:234,38,1,0
BRDA:234,38,2,0
BRDA:266,39,0,0
BRDA:266,39,1,0
BRDA:281,40,0,0
BRDA:281,40,1,0
BRDA:306,41,0,0
BRDA:306,41,1,0
BRDA:306,41,2,0
BRDA:313,42,0,0
BRDA:313,42,1,0
BRDA:336,43,0,0
BRDA:336,43,1,0
BRDA:340,44,0,0
BRDA:340,44,1,0
BRDA:348,45,0,0
BRDA:348,45,1,0
BRDA:395,46,0,0
BRDA:395,46,1,0
BRDA:396,47,0,0
BRDA:396,47,1,0
BRDA:405,48,0,0
BRDA:405,48,1,0
BRDA:406,49,0,0
BRDA:406,49,1,0
BRDA:431,50,0,0
BRDA:431,50,1,0
BRDA:465,51,0,0
BRDA:465,51,1,0
BRDA:478,52,0,0
BRDA:478,52,1,0
BRF:105
BRH:0
end_of_record
TN:
SF:src\components\layout\Navbar\Navbar.tsx
FN:16,(anonymous_1)
FN:28,(anonymous_2)
FN:32,(anonymous_3)
FN:37,(anonymous_4)
FN:117,(anonymous_5)
FN:133,(anonymous_6)
FN:143,(anonymous_7)
FN:153,(anonymous_8)
FN:163,(anonymous_9)
FN:176,(anonymous_10)
FN:188,(anonymous_11)
FNF:11
FNH:0
FNDA:0,(anonymous_1)
FNDA:0,(anonymous_2)
FNDA:0,(anonymous_3)
FNDA:0,(anonymous_4)
FNDA:0,(anonymous_5)
FNDA:0,(anonymous_6)
FNDA:0,(anonymous_7)
FNDA:0,(anonymous_8)
FNDA:0,(anonymous_9)
FNDA:0,(anonymous_10)
FNDA:0,(anonymous_11)
DA:1,0
DA:2,0
DA:3,0
DA:4,0
DA:16,0
DA:25,0
DA:26,0
DA:28,0
DA:29,0
DA:32,0
DA:33,0
DA:37,0
DA:38,0
DA:39,0
DA:44,0
DA:134,0
DA:135,0
DA:144,0
DA:145,0
DA:154,0
DA:155,0
DA:164,0
DA:165,0
DA:177,0
DA:178,0
DA:189,0
DA:190,0
DA:204,0
LF:28
LH:0
BRDA:19,0,0,0
BRDA:20,1,0,0
BRDA:21,2,0,0
BRDA:38,3,0,0
BRDA:38,3,1,0
BRDA:49,4,0,0
BRDA:49,4,1,0
BRDA:54,5,0,0
BRDA:54,5,1,0
BRDA:67,6,0,0
BRDA:67,6,1,0
BRDA:76,7,0,0
BRDA:76,7,1,0
BRDA:90,8,0,0
BRDA:90,8,1,0
BRDA:128,9,0,0
BRDA:128,9,1,0
BRDA:172,10,0,0
BRDA:172,10,1,0
BRDA:184,11,0,0
BRDA:184,11,1,0
BRF:21
BRH:0
end_of_record
TN:
SF:src\components\search\FilterPanel\FilterPanel.tsx
FN:14,(anonymous_9)
FN:35,(anonymous_10)
FN:37,(anonymous_11)
FN:38,(anonymous_12)
FN:39,(anonymous_13)
FN:40,(anonymous_14)
FN:48,(anonymous_15)
FN:50,(anonymous_16)
FN:51,(anonymous_17)
FN:52,(anonymous_18)
FN:54,(anonymous_19)
FN:62,(anonymous_20)
FN:64,(anonymous_21)
FN:65,(anonymous_22)
FN:73,(anonymous_23)
FN:78,(anonymous_24)
FN:82,(anonymous_25)
FN:91,(anonymous_26)
FN:115,(anonymous_27)
FN:119,(anonymous_28)
FN:135,(anonymous_29)
FN:153,(anonymous_30)
FN:157,(anonymous_31)
FN:182,(anonymous_32)
FN:182,(anonymous_33)
FN:194,(anonymous_34)
FN:194,(anonymous_35)
FN:226,(anonymous_36)
FN:230,(anonymous_37)
FN:247,(anonymous_38)
FN:256,(anonymous_39)
FN:272,(anonymous_40)
FN:273,(anonymous_41)
FNF:33
FNH:0
FNDA:0,(anonymous_9)
FNDA:0,(anonymous_10)
FNDA:0,(anonymous_11)
FNDA:0,(anonymous_12)
FNDA:0,(anonymous_13)
FNDA:0,(anonymous_14)
FNDA:0,(anonymous_15)
FNDA:0,(anonymous_16)
FNDA:0,(anonymous_17)
FNDA:0,(anonymous_18)
FNDA:0,(anonymous_19)
FNDA:0,(anonymous_20)
FNDA:0,(anonymous_21)
FNDA:0,(anonymous_22)
FNDA:0,(anonymous_23)
FNDA:0,(anonymous_24)
FNDA:0,(anonymous_25)
FNDA:0,(anonymous_26)
FNDA:0,(anonymous_27)
FNDA:0,(anonymous_28)
FNDA:0,(anonymous_29)
FNDA:0,(anonymous_30)
FNDA:0,(anonymous_31)
FNDA:0,(anonymous_32)
FNDA:0,(anonymous_33)
FNDA:0,(anonymous_34)
FNDA:0,(anonymous_35)
FNDA:0,(anonymous_36)
FNDA:0,(anonymous_37)
FNDA:0,(anonymous_38)
FNDA:0,(anonymous_39)
FNDA:0,(anonymous_40)
FNDA:0,(anonymous_41)
DA:1,0
DA:2,0
DA:3,0
DA:5,0
DA:6,0
DA:7,0
DA:14,0
DA:26,0
DA:28,0
DA:29,0
DA:35,0
DA:36,0
DA:37,0
DA:38,0
DA:39,0
DA:40,0
DA:44,0
DA:48,0
DA:49,0
DA:50,0
DA:51,0
DA:52,0
DA:53,0
DA:54,0
DA:58,0
DA:62,0
DA:63,0
DA:64,0
DA:65,0
DA:66,0
DA:69,0
DA:73,0
DA:74,0
DA:78,0
DA:79,0
DA:82,0
DA:83,0
DA:84,0
DA:87,0
DA:89,0
DA:91,0
DA:115,0
DA:120,0
DA:135,0
DA:154,0
DA:158,0
DA:182,0
DA:194,0
DA:226,0
DA:231,0
DA:247,0
DA:256,0
DA:273,0
DA:274,0
DA:277,0
DA:314,0
LF:56
LH:0
BRDA:53,0,0,0
BRDA:53,0,1,0
BRDA:87,1,0,0
BRDA:87,1,1,0
BRDA:114,2,0,0
BRDA:114,2,1,0
BRDA:115,3,0,0
BRDA:115,3,1,0
BRDA:134,4,0,0
BRDA:134,4,1,0
BRDA:135,5,0,0
BRDA:135,5,1,0
BRDA:156,6,0,0
BRDA:156,6,1,0
BRDA:158,7,0,0
BRDA:158,7,1,0
BRDA:164,8,0,0
BRDA:164,8,1,0
BRDA:181,9,0,0
BRDA:181,9,1,0
BRDA:184,10,0,0
BRDA:184,10,1,0
BRDA:193,11,0,0
BRDA:193,11,1,0
BRDA:196,12,0,0
BRDA:196,12,1,0
BRDA:225,13,0,0
BRDA:225,13,1,0
BRDA:226,14,0,0
BRDA:226,14,1,0
BRDA:256,15,0,0
BRDA:256,15,1,0
BRDA:258,16,0,0
BRDA:258,16,1,0
BRDA:260,17,0,0
BRDA:260,17,1,0
BRDA:274,18,0,0
BRDA:274,18,1,0
BRDA:275,19,0,0
BRDA:275,19,1,0
BRDA:285,20,0,0
BRDA:285,20,1,0
BRDA:286,21,0,0
BRDA:286,21,1,0
BRF:44
BRH:0
end_of_record
TN:
SF:src\components\search\NoResults\NoResults.tsx
FN:9,(anonymous_0)
FNF:1
FNH:0
FNDA:0,(anonymous_0)
DA:2,0
DA:9,0
DA:10,0
DA:34,0
LF:4
LH:0
BRDA:14,0,0,0
BRDA:14,0,1,0
BRDA:17,1,0,0
BRDA:17,1,1,0
BRDA:22,2,0,0
BRDA:22,2,1,0
BRF:6
BRH:0
end_of_record
TN:
SF:src\components\search\SearchBar\SearchBar.tsx
FN:10,(anonymous_0)
FN:18,(anonymous_1)
FN:19,(anonymous_2)
FN:23,(anonymous_3)
FN:27,(anonymous_4)
FN:33,(anonymous_5)
FN:37,(anonymous_6)
FNF:7
FNH:0
FNDA:0,(anonymous_0)
FNDA:0,(anonymous_1)
FNDA:0,(anonymous_2)
FNDA:0,(anonymous_3)
FNDA:0,(anonymous_4)
FNDA:0,(anonymous_5)
FNDA:0,(anonymous_6)
DA:1,0
DA:2,0
DA:3,0
DA:10,0
DA:14,0
DA:15,0
DA:18,0
DA:19,0
DA:20,0
DA:23,0
DA:27,0
DA:28,0
DA:29,0
DA:33,0
DA:34,0
DA:37,0
DA:38,0
DA:39,0
DA:42,0
DA:70,0
LF:20
LH:0
BRDA:11,0,0,0
BRDA:12,1,0,0
BRDA:28,2,0,0
BRDA:28,2,1,0
BRDA:55,3,0,0
BRDA:55,3,1,0
BRF:6
BRH:0
end_of_record
TN:
SF:src\components\search\SearchInterface\SearchInterface.tsx
FN:11,(anonymous_1)
FN:15,(anonymous_2)
FN:19,(anonymous_3)
FNF:3
FNH:0
FNDA:0,(anonymous_1)
FNDA:0,(anonymous_2)
FNDA:0,(anonymous_3)
DA:1,0
DA:2,0
DA:3,0
DA:4,0
DA:5,0
DA:11,0
DA:12,0
DA:13,0
DA:15,0
DA:16,0
DA:19,0
DA:20,0
DA:23,0
DA:63,0
LF:14
LH:0
BRDA:11,0,0,0
BRDA:33,1,0,0
BRDA:33,1,1,0
BRDA:38,2,0,0
BRDA:38,2,1,0
BRDA:43,3,0,0
BRDA:43,3,1,0
BRF:7
BRH:0
end_of_record
TN:
SF:src\components\ui\Button\Button.tsx
FN:20,(anonymous_9)
FN:29,(anonymous_10)
FN:30,(anonymous_11)
FN:31,(anonymous_12)
FN:40,(anonymous_13)
FN:45,(anonymous_14)
FN:47,(anonymous_15)
FN:57,(anonymous_16)
FN:67,(anonymous_17)
FN:77,(anonymous_18)
FN:87,(anonymous_19)
FN:91,(anonymous_20)
FN:101,(anonymous_21)
FN:108,(anonymous_22)
FN:120,(anonymous_23)
FN:129,(anonymous_24)
FN:150,(anonymous_25)
FN:153,(anonymous_26)
FN:204,(anonymous_27)
FNF:19
FNH:0
FNDA:0,(anonymous_9)
FNDA:0,(anonymous_10)
FNDA:0,(anonymous_11)
FNDA:0,(anonymous_12)
FNDA:0,(anonymous_13)
FNDA:0,(anonymous_14)
FNDA:0,(anonymous_15)
FNDA:0,(anonymous_16)
FNDA:0,(anonymous_17)
FNDA:0,(anonymous_18)
FNDA:0,(anonymous_19)
FNDA:0,(anonymous_20)
FNDA:0,(anonymous_21)
FNDA:0,(anonymous_22)
FNDA:0,(anonymous_23)
FNDA:0,(anonymous_24)
FNDA:0,(anonymous_25)
FNDA:0,(anonymous_26)
FNDA:0,(anonymous_27)
DA:1,0
DA:2,0
DA:5,0
DA:11,0
DA:21,0
DA:22,0
DA:23,0
DA:24,0
DA:25,0
DA:29,0
DA:30,0
DA:32,0
DA:33,0
DA:34,0
DA:35,0
DA:36,0
DA:41,0
DA:45,0
DA:48,0
DA:49,0
DA:50,0
DA:51,0
DA:52,0
DA:58,0
DA:59,0
DA:60,0
DA:61,0
DA:62,0
DA:63,0
DA:68,0
DA:69,0
DA:70,0
DA:71,0
DA:72,0
DA:73,0
DA:78,0
DA:79,0
DA:80,0
DA:87,0
DA:92,0
DA:93,0
DA:94,0
DA:95,0
DA:96,0
DA:97,0
DA:102,0
DA:103,0
DA:104,0
DA:109,0
DA:112,0
DA:113,0
DA:121,0
DA:122,0
DA:123,0
DA:124,0
DA:125,0
DA:130,0
DA:131,0
DA:132,0
DA:133,0
DA:134,0
DA:140,0
DA:149,0
DA:150,0
DA:153,0
DA:169,0
DA:171,0
DA:204,0
DA:205,0
LF:69
LH:0
BRDA:21,0,0,0
BRDA:21,0,1,0
BRDA:21,0,2,0
BRDA:21,0,3,0
BRDA:32,1,0,0
BRDA:32,1,1,0
BRDA:32,1,2,0
BRDA:32,1,3,0
BRDA:41,2,0,0
BRDA:41,2,1,0
BRDA:41,3,0,0
BRDA:41,3,1,0
BRDA:45,4,0,0
BRDA:45,4,1,0
BRDA:48,5,0,0
BRDA:48,5,1,0
BRDA:48,5,2,0
BRDA:48,5,3,0
BRDA:58,6,0,0
BRDA:58,6,1,0
BRDA:58,6,2,0
BRDA:58,6,3,0
BRDA:58,6,4,0
BRDA:68,7,0,0
BRDA:68,7,1,0
BRDA:68,7,2,0
BRDA:68,7,3,0
BRDA:68,7,4,0
BRDA:78,8,0,0
BRDA:78,8,1,0
BRDA:92,9,0,0
BRDA:92,9,1,0
BRDA:92,9,2,0
BRDA:92,9,3,0
BRDA:92,9,4,0
BRDA:102,10,0,0
BRDA:102,10,1,0
BRDA:109,11,0,0
BRDA:109,11,1,0
BRDA:109,11,2,0
BRDA:121,12,0,0
BRDA:121,12,1,0
BRDA:121,12,2,0
BRDA:121,12,3,0
BRDA:130,13,0,0
BRDA:130,13,1,0
BRDA:130,13,2,0
BRDA:130,13,3,0
BRDA:150,14,0,0
BRDA:150,14,1,0
BRDA:154,15,0,0
BRDA:155,16,0,0
BRDA:156,17,0,0
BRDA:157,18,0,0
BRDA:165,19,0,0
BRDA:169,20,0,0
BRDA:169,20,1,0
BRDA:169,21,0,0
BRDA:169,21,1,0
BRDA:178,22,0,0
BRDA:178,22,1,0
BRDA:185,23,0,0
BRDA:185,23,1,0
BRDA:187,24,0,0
BRDA:187,24,1,0
BRDA:187,25,0,0
BRDA:187,25,1,0
BRDA:190,26,0,0
BRDA:190,26,1,0
BRDA:206,27,0,0
BRDA:206,27,1,0
BRDA:206,27,2,0
BRDA:206,27,3,0
BRDA:206,27,4,0
BRDA:206,27,5,0
BRF:75
BRH:0
end_of_record
TN:
SF:src\components\ui\Card\Card.tsx
FN:9,(anonymous_1)
FN:10,(anonymous_2)
FN:11,(anonymous_3)
FN:12,(anonymous_4)
FN:13,(anonymous_5)
FN:14,(anonymous_6)
FN:16,(anonymous_7)
FN:25,(anonymous_8)
FN:35,(anonymous_9)
FN:39,(anonymous_10)
FNF:10
FNH:0
FNDA:0,(anonymous_1)
FNDA:0,(anonymous_2)
FNDA:0,(anonymous_3)
FNDA:0,(anonymous_4)
FNDA:0,(anonymous_5)
FNDA:0,(anonymous_6)
FNDA:0,(anonymous_7)
FNDA:0,(anonymous_8)
FNDA:0,(anonymous_9)
FNDA:0,(anonymous_10)
DA:2,0
DA:5,0
DA:9,0
DA:10,0
DA:11,0
DA:12,0
DA:13,0
DA:14,0
DA:17,0
DA:18,0
DA:19,0
DA:20,0
DA:21,0
DA:25,0
DA:35,0
DA:39,0
DA:50,0
DA:57,0
DA:75,0
LF:19
LH:0
BRDA:14,0,0,0
BRDA:14,0,1,0
BRDA:17,1,0,0
BRDA:17,1,1,0
BRDA:17,1,2,0
BRDA:17,1,3,0
BRDA:25,2,0,0
BRDA:25,2,1,0
BRDA:41,3,0,0
BRDA:42,4,0,0
BRDA:43,5,0,0
BRDA:52,6,0,0
BRDA:52,6,1,0
BRF:13
BRH:0
end_of_record
TN:
SF:src\components\ui\DataManager\DataManager.tsx
FN:18,(anonymous_9)
FN:25,(anonymous_10)
FN:28,(anonymous_11)
FN:36,(anonymous_12)
FN:41,(anonymous_13)
FN:47,(anonymous_14)
FN:70,(anonymous_15)
FN:81,(anonymous_16)
FN:105,(anonymous_17)
FN:121,(anonymous_18)
FN:122,(anonymous_19)
FNF:11
FNH:0
FNDA:0,(anonymous_9)
FNDA:0,(anonymous_10)
FNDA:0,(anonymous_11)
FNDA:0,(anonymous_12)
FNDA:0,(anonymous_13)
FNDA:0,(anonymous_14)
FNDA:0,(anonymous_15)
FNDA:0,(anonymous_16)
FNDA:0,(anonymous_17)
FNDA:0,(anonymous_18)
FNDA:0,(anonymous_19)
DA:1,0
DA:2,0
DA:3,0
DA:10,0
DA:11,0
DA:18,0
DA:19,0
DA:20,0
DA:21,0
DA:22,0
DA:25,0
DA:26,0
DA:28,0
DA:29,0
DA:32,0
DA:36,0
DA:37,0
DA:41,0
DA:42,0
DA:43,0
DA:47,0
DA:48,0
DA:49,0
DA:50,0
DA:52,0
DA:53,0
DA:54,0
DA:57,0
DA:59,0
DA:62,0
DA:63,0
DA:65,0
DA:70,0
DA:71,0
DA:74,0
DA:76,0
DA:77,0
DA:79,0
DA:81,0
DA:106,0
DA:122,0
DA:196,0
LF:42
LH:0
BRDA:26,0,0,0
BRDA:26,0,1,0
BRDA:52,1,0,0
BRDA:52,1,1,0
BRDA:74,2,0,0
BRDA:74,2,1,0
BRDA:103,3,0,0
BRDA:103,3,1,0
BRDA:165,4,0,0
BRDA:165,4,1,0
BRF:10
BRH:0
end_of_record
TN:
SF:src\components\ui\Input\Input.tsx
FN:26,(anonymous_0)
FN:89,(anonymous_1)
FNF:2
FNH:0
FNDA:0,(anonymous_0)
FNDA:0,(anonymous_1)
DA:2,0
DA:26,0
DA:48,0
DA:49,0
DA:50,0
DA:52,0
DA:53,0
DA:54,0
DA:55,0
DA:57,0
DA:66,0
DA:73,0
DA:75,0
DA:89,0
DA:119,0
LF:15
LH:0
BRDA:27,0,0,0
BRDA:33,1,0,0
BRDA:36,2,0,0
BRDA:37,3,0,0
BRDA:38,4,0,0
BRDA:48,5,0,0
BRDA:48,5,1,0
BRDA:54,6,0,0
BRDA:54,6,1,0
BRDA:55,7,0,0
BRDA:55,7,1,0
BRDA:66,8,0,0
BRDA:66,8,1,0
BRDA:68,9,0,0
BRDA:68,9,1,0
BRDA:69,10,0,0
BRDA:69,10,1,0
BRDA:73,11,0,0
BRDA:73,11,1,0
BRDA:77,12,0,0
BRDA:77,12,1,0
BRDA:80,13,0,0
BRDA:80,13,1,0
BRDA:97,14,0,0
BRDA:97,14,1,0
BRDA:100,15,0,0
BRDA:100,15,1,0
BRDA:105,16,0,0
BRDA:105,16,1,0
BRF:29
BRH:0
end_of_record
TN:
SF:src\components\ui\Modal\Modal.tsx
FN:7,(anonymous_0)
FN:23,(anonymous_1)
FN:24,(anonymous_2)
FN:44,(anonymous_3)
FN:52,(anonymous_4)
FNF:5
FNH:0
FNDA:0,(anonymous_0)
FNDA:0,(anonymous_1)
FNDA:0,(anonymous_2)
FNDA:0,(anonymous_3)
FNDA:0,(anonymous_4)
DA:1,0
DA:3,0
DA:4,0
DA:5,0
DA:7,0
DA:16,0
DA:17,0
DA:18,0
DA:20,0
DA:23,0
DA:24,0
DA:25,0
DA:26,0
DA:30,0
DA:31,0
DA:32,0
DA:35,0
DA:36,0
DA:37,0
DA:38,0
DA:41,0
DA:44,0
DA:45,0
DA:46,0
DA:50,0
DA:52,0
DA:53,0
DA:54,0
DA:58,0
DA:59,0
DA:61,0
DA:92,0
LF:32
LH:0
BRDA:11,0,0,0
BRDA:25,1,0,0
BRDA:25,1,1,0
BRDA:25,2,0,0
BRDA:25,2,1,0
BRDA:30,3,0,0
BRDA:30,3,1,0
BRDA:35,4,0,0
BRDA:35,4,1,0
BRDA:36,5,0,0
BRDA:36,5,1,0
BRDA:50,6,0,0
BRDA:50,6,1,0
BRDA:53,7,0,0
BRDA:53,7,1,0
BRDA:58,8,0,0
BRDA:58,8,1,0
BRDA:58,8,2,0
BRDA:59,9,0,0
BRDA:59,9,1,0
BRDA:67,10,0,0
BRDA:67,10,1,0
BRDA:69,11,0,0
BRDA:69,11,1,0
BRDA:77,12,0,0
BRDA:77,12,1,0
BRF:26
BRH:0
end_of_record
TN:
SF:src\components\ui\NotificationSystem\NotificationSystem.tsx
FN:16,(anonymous_0)
FN:19,(anonymous_1)
FN:23,(anonymous_2)
FN:33,(anonymous_3)
FN:49,(anonymous_4)
FN:73,(anonymous_5)
FN:82,(anonymous_6)
FNF:7
FNH:0
FNDA:0,(anonymous_0)
FNDA:0,(anonymous_1)
FNDA:0,(anonymous_2)
FNDA:0,(anonymous_3)
FNDA:0,(anonymous_4)
FNDA:0,(anonymous_5)
FNDA:0,(anonymous_6)
DA:2,0
DA:3,0
DA:16,0
DA:17,0
DA:19,0
DA:20,0
DA:23,0
DA:24,0
DA:25,0
DA:26,0
DA:27,0
DA:28,0
DA:29,0
DA:33,0
DA:34,0
DA:37,0
DA:50,0
DA:73,0
DA:74,0
DA:76,0
DA:77,0
DA:80,0
DA:83,0
DA:92,0
LF:24
LH:0
BRDA:24,0,0,0
BRDA:24,0,1,0
BRDA:24,0,2,0
BRDA:24,0,3,0
BRDA:24,0,4,0
BRDA:47,1,0,0
BRDA:47,1,1,0
BRDA:47,1,2,0
BRDA:52,2,0,0
BRDA:52,2,1,0
BRDA:76,3,0,0
BRDA:76,3,1,0
BRF:12
BRH:0
end_of_record
TN:
SF:src\components\ui\SkipLinks\SkipLinks.tsx
FN:32,(anonymous_0)
FN:35,(anonymous_1)
FN:40,(anonymous_2)
FNF:3
FNH:0
FNDA:0,(anonymous_0)
FNDA:0,(anonymous_1)
FNDA:0,(anonymous_2)
DA:2,0
DA:14,0
DA:32,0
DA:33,0
DA:36,0
DA:41,0
DA:42,0
DA:43,0
DA:44,0
DA:45,0
DA:56,0
LF:11
LH:0
BRDA:32,0,0,0
BRDA:43,1,0,0
BRDA:43,1,1,0
BRF:3
BRH:0
end_of_record
TN:
SF:src\components\ui\ThemeToggle\ThemeToggle.tsx
FN:11,(anonymous_0)
FNF:1
FNH:0
FNDA:0,(anonymous_0)
DA:2,0
DA:3,0
DA:11,0
DA:16,0
DA:18,0
DA:44,0
LF:6
LH:0
BRDA:12,0,0,0
BRDA:13,1,0,0
BRDA:14,2,0,0
BRDA:20,3,0,0
BRDA:20,3,1,0
BRDA:22,4,0,0
BRDA:22,4,1,0
BRDA:28,5,0,0
BRDA:28,5,1,0
BRDA:29,6,0,0
BRDA:29,6,1,0
BRDA:30,7,0,0
BRDA:30,7,1,0
BRDA:35,8,0,0
BRDA:35,8,1,0
BRF:15
BRH:0
end_of_record
TN:
SF:src\components\ui\UserAvatar\UserAvatar.tsx
FN:12,(anonymous_0)
FN:18,(anonymous_1)
FNF:2
FNH:0
FNDA:0,(anonymous_0)
FNDA:0,(anonymous_1)
DA:2,0
DA:3,0
DA:12,0
DA:18,0
DA:20,0
DA:21,0
DA:24,0
DA:26,0
DA:29,0
DA:47,0
LF:10
LH:0
BRDA:14,0,0,0
BRDA:15,1,0,0
BRDA:16,2,0,0
BRDA:20,3,0,0
BRDA:20,3,1,0
BRDA:24,4,0,0
BRDA:24,4,1,0
BRDA:25,5,0,0
BRDA:25,5,1,0
BRDA:26,6,0,0
BRDA:26,6,1,0
BRDA:27,7,0,0
BRDA:27,7,1,0
BRDA:36,8,0,0
BRDA:36,8,1,0
BRF:15
BRH:0
end_of_record
TN:
SF:src\components\ui\UserDetectionPanel\UserDetectionPanel.tsx
FN:10,(anonymous_0)
FNF:1
FNH:0
FNDA:0,(anonymous_0)
DA:2,0
DA:10,0
DA:16,0
DA:25,0
LF:4
LH:0
BRDA:11,0,0,0
BRDA:12,1,0,0
BRF:2
BRH:0
end_of_record
TN:
SF:src\components\ui\styled\Button.styled.ts
FN:11,(anonymous_9)
FN:12,(anonymous_10)
FN:23,(anonymous_11)
FN:33,(anonymous_12)
FN:33,(anonymous_13)
FN:34,(anonymous_14)
FN:35,(anonymous_15)
FN:36,(anonymous_16)
FN:39,(anonymous_17)
FN:39,(anonymous_18)
FN:40,(anonymous_19)
FN:41,(anonymous_20)
FN:42,(anonymous_21)
FN:45,(anonymous_22)
FN:45,(anonymous_23)
FN:46,(anonymous_24)
FN:47,(anonymous_25)
FN:48,(anonymous_26)
FN:55,(anonymous_27)
FN:56,(anonymous_28)
FN:57,(anonymous_29)
FN:60,(anonymous_30)
FN:61,(anonymous_31)
FN:67,(anonymous_32)
FN:71,(anonymous_33)
FN:72,(anonymous_34)
FN:73,(anonymous_35)
FN:76,(anonymous_36)
FN:77,(anonymous_37)
FN:82,(anonymous_38)
FN:83,(anonymous_39)
FN:84,(anonymous_40)
FN:87,(anonymous_41)
FN:88,(anonymous_42)
FN:94,(anonymous_43)
FN:99,(anonymous_44)
FN:103,(anonymous_45)
FN:104,(anonymous_46)
FN:108,(anonymous_47)
FN:109,(anonymous_48)
FN:110,(anonymous_49)
FN:113,(anonymous_50)
FN:114,(anonymous_51)
FN:119,(anonymous_52)
FN:120,(anonymous_53)
FN:121,(anonymous_54)
FN:124,(anonymous_55)
FN:125,(anonymous_56)
FN:160,(anonymous_57)
FN:181,(anonymous_58)
FN:182,(anonymous_59)
FN:183,(anonymous_60)
FN:184,(anonymous_61)
FN:185,(anonymous_62)
FN:189,(anonymous_63)
FN:191,(anonymous_64)
FN:191,(anonymous_65)
FN:192,(anonymous_66)
FN:201,(anonymous_67)
FN:203,(anonymous_68)
FN:207,(anonymous_69)
FN:210,(anonymous_70)
FN:211,(anonymous_71)
FN:215,(anonymous_72)
FN:216,(anonymous_73)
FN:221,(anonymous_74)
FN:231,(anonymous_75)
FN:237,(anonymous_76)
FNF:68
FNH:0
FNDA:0,(anonymous_9)
FNDA:0,(anonymous_10)
FNDA:0,(anonymous_11)
FNDA:0,(anonymous_12)
FNDA:0,(anonymous_13)
FNDA:0,(anonymous_14)
FNDA:0,(anonymous_15)
FNDA:0,(anonymous_16)
FNDA:0,(anonymous_17)
FNDA:0,(anonymous_18)
FNDA:0,(anonymous_19)
FNDA:0,(anonymous_20)
FNDA:0,(anonymous_21)
FNDA:0,(anonymous_22)
FNDA:0,(anonymous_23)
FNDA:0,(anonymous_24)
FNDA:0,(anonymous_25)
FNDA:0,(anonymous_26)
FNDA:0,(anonymous_27)
FNDA:0,(anonymous_28)
FNDA:0,(anonymous_29)
FNDA:0,(anonymous_30)
FNDA:0,(anonymous_31)
FNDA:0,(anonymous_32)
FNDA:0,(anonymous_33)
FNDA:0,(anonymous_34)
FNDA:0,(anonymous_35)
FNDA:0,(anonymous_36)
FNDA:0,(anonymous_37)
FNDA:0,(anonymous_38)
FNDA:0,(anonymous_39)
FNDA:0,(anonymous_40)
FNDA:0,(anonymous_41)
FNDA:0,(anonymous_42)
FNDA:0,(anonymous_43)
FNDA:0,(anonymous_44)
FNDA:0,(anonymous_45)
FNDA:0,(anonymous_46)
FNDA:0,(anonymous_47)
FNDA:0,(anonymous_48)
FNDA:0,(anonymous_49)
FNDA:0,(anonymous_50)
FNDA:0,(anonymous_51)
FNDA:0,(anonymous_52)
FNDA:0,(anonymous_53)
FNDA:0,(anonymous_54)
FNDA:0,(anonymous_55)
FNDA:0,(anonymous_56)
FNDA:0,(anonymous_57)
FNDA:0,(anonymous_58)
FNDA:0,(anonymous_59)
FNDA:0,(anonymous_60)
FNDA:0,(anonymous_61)
FNDA:0,(anonymous_62)
FNDA:0,(anonymous_63)
FNDA:0,(anonymous_64)
FNDA:0,(anonymous_65)
FNDA:0,(anonymous_66)
FNDA:0,(anonymous_67)
FNDA:0,(anonymous_68)
FNDA:0,(anonymous_69)
FNDA:0,(anonymous_70)
FNDA:0,(anonymous_71)
FNDA:0,(anonymous_72)
FNDA:0,(anonymous_73)
FNDA:0,(anonymous_74)
FNDA:0,(anonymous_75)
FNDA:0,(anonymous_76)
DA:1,0
DA:2,0
DA:6,0
DA:11,0
DA:12,0
DA:23,0
DA:31,0
DA:33,0
DA:34,0
DA:35,0
DA:36,0
DA:39,0
DA:40,0
DA:41,0
DA:42,0
DA:45,0
DA:46,0
DA:47,0
DA:48,0
DA:53,0
DA:55,0
DA:56,0
DA:57,0
DA:60,0
DA:61,0
DA:67,0
DA:71,0
DA:72,0
DA:73,0
DA:76,0
DA:77,0
DA:82,0
DA:83,0
DA:84,0
DA:87,0
DA:88,0
DA:94,0
DA:99,0
DA:103,0
DA:104,0
DA:108,0
DA:109,0
DA:110,0
DA:113,0
DA:114,0
DA:119,0
DA:120,0
DA:121,0
DA:124,0
DA:125,0
DA:132,0
DA:159,0
DA:160,0
DA:167,0
DA:172,0
DA:181,0
DA:182,0
DA:183,0
DA:184,0
DA:185,0
DA:190,0
DA:191,0
DA:192,0
DA:199,0
DA:201,0
DA:203,0
DA:207,0
DA:210,0
DA:211,0
DA:215,0
DA:216,0
DA:221,0
DA:227,0
DA:231,0
DA:236,0
DA:237,0
LF:76
LH:0
BRDA:183,0,0,0
BRDA:183,0,1,0
BRDA:184,1,0,0
BRDA:184,1,1,0
BRDA:185,2,0,0
BRDA:185,2,1,0
BRDA:190,3,0,0
BRDA:190,3,1,0
BRDA:231,4,0,0
BRDA:231,4,1,0
BRDA:237,5,0,0
BRDA:237,5,1,0
BRF:12
BRH:0
end_of_record
TN:
SF:src\components\ui\styled\Card.styled.ts
FN:6,(anonymous_9)
FN:7,(anonymous_10)
FN:8,(anonymous_11)
FN:9,(anonymous_12)
FN:18,(anonymous_13)
FN:21,(anonymous_14)
FN:24,(anonymous_15)
FN:38,(anonymous_16)
FN:39,(anonymous_17)
FN:44,(anonymous_18)
FN:48,(anonymous_19)
FN:56,(anonymous_20)
FN:57,(anonymous_21)
FN:60,(anonymous_22)
FN:61,(anonymous_23)
FN:62,(anonymous_24)
FN:65,(anonymous_25)
FN:70,(anonymous_26)
FN:74,(anonymous_27)
FN:75,(anonymous_28)
FN:79,(anonymous_29)
FN:92,(anonymous_30)
FN:93,(anonymous_31)
FN:94,(anonymous_32)
FN:97,(anonymous_33)
FN:100,(anonymous_34)
FN:104,(anonymous_35)
FN:106,(anonymous_36)
FN:114,(anonymous_37)
FN:114,(anonymous_38)
FN:114,(anonymous_39)
FN:114,(anonymous_40)
FN:115,(anonymous_41)
FN:116,(anonymous_42)
FN:116,(anonymous_43)
FN:116,(anonymous_44)
FN:116,(anonymous_45)
FN:120,(anonymous_46)
FN:126,(anonymous_47)
FN:132,(anonymous_48)
FN:132,(anonymous_49)
FN:132,(anonymous_50)
FN:132,(anonymous_51)
FN:133,(anonymous_52)
FN:134,(anonymous_53)
FN:134,(anonymous_54)
FN:134,(anonymous_55)
FN:134,(anonymous_56)
FN:138,(anonymous_57)
FN:144,(anonymous_58)
FN:145,(anonymous_59)
FN:146,(anonymous_60)
FN:147,(anonymous_61)
FN:148,(anonymous_62)
FN:153,(anonymous_63)
FN:154,(anonymous_64)
FN:155,(anonymous_65)
FN:156,(anonymous_66)
FN:161,(anonymous_67)
FN:162,(anonymous_68)
FN:168,(anonymous_69)
FN:171,(anonymous_70)
FN:187,(anonymous_71)
FN:188,(anonymous_72)
FN:188,(anonymous_73)
FN:189,(anonymous_74)
FN:189,(anonymous_75)
FN:189,(anonymous_76)
FN:189,(anonymous_77)
FN:208,(anonymous_78)
FN:209,(anonymous_79)
FN:210,(anonymous_80)
FN:210,(anonymous_81)
FN:211,(anonymous_82)
FN:212,(anonymous_83)
FN:213,(anonymous_84)
FN:215,(anonymous_85)
FN:217,(anonymous_86)
FN:263,(anonymous_87)
FN:264,(anonymous_88)
FN:265,(anonymous_89)
FN:269,(anonymous_90)
FN:270,(anonymous_91)
FN:278,(anonymous_92)
FN:279,(anonymous_93)
FN:280,(anonymous_94)
FN:285,(anonymous_95)
FNF:87
FNH:0
FNDA:0,(anonymous_9)
FNDA:0,(anonymous_10)
FNDA:0,(anonymous_11)
FNDA:0,(anonymous_12)
FNDA:0,(anonymous_13)
FNDA:0,(anonymous_14)
FNDA:0,(anonymous_15)
FNDA:0,(anonymous_16)
FNDA:0,(anonymous_17)
FNDA:0,(anonymous_18)
FNDA:0,(anonymous_19)
FNDA:0,(anonymous_20)
FNDA:0,(anonymous_21)
FNDA:0,(anonymous_22)
FNDA:0,(anonymous_23)
FNDA:0,(anonymous_24)
FNDA:0,(anonymous_25)
FNDA:0,(anonymous_26)
FNDA:0,(anonymous_27)
FNDA:0,(anonymous_28)
FNDA:0,(anonymous_29)
FNDA:0,(anonymous_30)
FNDA:0,(anonymous_31)
FNDA:0,(anonymous_32)
FNDA:0,(anonymous_33)
FNDA:0,(anonymous_34)
FNDA:0,(anonymous_35)
FNDA:0,(anonymous_36)
FNDA:0,(anonymous_37)
FNDA:0,(anonymous_38)
FNDA:0,(anonymous_39)
FNDA:0,(anonymous_40)
FNDA:0,(anonymous_41)
FNDA:0,(anonymous_42)
FNDA:0,(anonymous_43)
FNDA:0,(anonymous_44)
FNDA:0,(anonymous_45)
FNDA:0,(anonymous_46)
FNDA:0,(anonymous_47)
FNDA:0,(anonymous_48)
FNDA:0,(anonymous_49)
FNDA:0,(anonymous_50)
FNDA:0,(anonymous_51)
FNDA:0,(anonymous_52)
FNDA:0,(anonymous_53)
FNDA:0,(anonymous_54)
FNDA:0,(anonymous_55)
FNDA:0,(anonymous_56)
FNDA:0,(anonymous_57)
FNDA:0,(anonymous_58)
FNDA:0,(anonymous_59)
FNDA:0,(anonymous_60)
FNDA:0,(anonymous_61)
FNDA:0,(anonymous_62)
FNDA:0,(anonymous_63)
FNDA:0,(anonymous_64)
FNDA:0,(anonymous_65)
FNDA:0,(anonymous_66)
FNDA:0,(anonymous_67)
FNDA:0,(anonymous_68)
FNDA:0,(anonymous_69)
FNDA:0,(anonymous_70)
FNDA:0,(anonymous_71)
FNDA:0,(anonymous_72)
FNDA:0,(anonymous_73)
FNDA:0,(anonymous_74)
FNDA:0,(anonymous_75)
FNDA:0,(anonymous_76)
FNDA:0,(anonymous_77)
FNDA:0,(anonymous_78)
FNDA:0,(anonymous_79)
FNDA:0,(anonymous_80)
FNDA:0,(anonymous_81)
FNDA:0,(anonymous_82)
FNDA:0,(anonymous_83)
FNDA:0,(anonymous_84)
FNDA:0,(anonymous_85)
FNDA:0,(anonymous_86)
FNDA:0,(anonymous_87)
FNDA:0,(anonymous_88)
FNDA:0,(anonymous_89)
FNDA:0,(anonymous_90)
FNDA:0,(anonymous_91)
FNDA:0,(anonymous_92)
FNDA:0,(anonymous_93)
FNDA:0,(anonymous_94)
FNDA:0,(anonymous_95)
DA:1,0
DA:5,0
DA:6,0
DA:7,0
DA:8,0
DA:9,0
DA:16,0
DA:18,0
DA:21,0
DA:24,0
DA:32,0
DA:38,0
DA:39,0
DA:44,0
DA:48,0
DA:54,0
DA:56,0
DA:57,0
DA:60,0
DA:61,0
DA:62,0
DA:65,0
DA:70,0
DA:74,0
DA:75,0
DA:79,0
DA:85,0
DA:92,0
DA:93,0
DA:94,0
DA:97,0
DA:100,0
DA:105,0
DA:106,0
DA:113,0
DA:114,0
DA:115,0
DA:116,0
DA:120,0
DA:125,0
DA:126,0
DA:131,0
DA:132,0
DA:133,0
DA:134,0
DA:138,0
DA:143,0
DA:144,0
DA:145,0
DA:146,0
DA:147,0
DA:148,0
DA:152,0
DA:153,0
DA:154,0
DA:155,0
DA:156,0
DA:160,0
DA:161,0
DA:162,0
DA:166,0
DA:168,0
DA:171,0
DA:184,0
DA:187,0
DA:188,0
DA:189,0
DA:206,0
DA:208,0
DA:209,0
DA:210,0
DA:211,0
DA:212,0
DA:213,0
DA:215,0
DA:218,0
DA:220,0
DA:225,0
DA:230,0
DA:235,0
DA:240,0
DA:245,0
DA:254,0
DA:263,0
DA:264,0
DA:265,0
DA:269,0
DA:270,0
DA:278,0
DA:279,0
DA:280,0
DA:285,0
LF:92
LH:0
BRDA:92,0,0,0
BRDA:92,0,1,0
BRDA:94,1,0,0
BRDA:94,1,1,0
BRDA:100,2,0,0
BRDA:100,2,1,0
BRDA:105,3,0,0
BRDA:105,3,1,0
BRDA:218,4,0,0
BRDA:218,4,1,0
BRDA:218,4,2,0
BRDA:218,4,3,0
BRDA:218,4,4,0
BRDA:218,4,5,0
BRF:14
BRH:0
end_of_record
TN:
SF:src\components\ui\styled\Input.styled.ts
FN:6,(anonymous_9)
FN:6,(anonymous_10)
FN:7,(anonymous_11)
FN:8,(anonymous_12)
FN:9,(anonymous_13)
FN:10,(anonymous_14)
FN:11,(anonymous_15)
FN:13,(anonymous_16)
FN:18,(anonymous_17)
FN:22,(anonymous_18)
FN:26,(anonymous_19)
FN:27,(anonymous_20)
FN:31,(anonymous_21)
FN:32,(anonymous_22)
FN:38,(anonymous_23)
FN:42,(anonymous_24)
FN:49,(anonymous_25)
FN:49,(anonymous_26)
FN:50,(anonymous_27)
FN:53,(anonymous_28)
FN:53,(anonymous_29)
FN:54,(anonymous_30)
FN:57,(anonymous_31)
FN:57,(anonymous_32)
FN:58,(anonymous_33)
FN:65,(anonymous_34)
FN:66,(anonymous_35)
FN:69,(anonymous_36)
FN:73,(anonymous_37)
FN:74,(anonymous_38)
FN:79,(anonymous_39)
FN:82,(anonymous_40)
FN:83,(anonymous_41)
FN:93,(anonymous_42)
FN:95,(anonymous_43)
FN:96,(anonymous_44)
FN:108,(anonymous_45)
FN:109,(anonymous_46)
FN:111,(anonymous_47)
FN:112,(anonymous_48)
FN:115,(anonymous_49)
FN:116,(anonymous_50)
FN:119,(anonymous_51)
FN:120,(anonymous_52)
FN:123,(anonymous_53)
FN:131,(anonymous_54)
FN:132,(anonymous_55)
FN:145,(anonymous_56)
FN:146,(anonymous_57)
FN:148,(anonymous_58)
FN:157,(anonymous_59)
FN:160,(anonymous_60)
FN:161,(anonymous_61)
FN:164,(anonymous_62)
FN:172,(anonymous_63)
FN:173,(anonymous_64)
FN:174,(anonymous_65)
FN:175,(anonymous_66)
FN:176,(anonymous_67)
FN:178,(anonymous_68)
FN:181,(anonymous_69)
FN:188,(anonymous_70)
FN:189,(anonymous_71)
FN:190,(anonymous_72)
FN:191,(anonymous_73)
FN:199,(anonymous_74)
FN:199,(anonymous_75)
FN:200,(anonymous_76)
FN:216,(anonymous_77)
FN:219,(anonymous_78)
FN:222,(anonymous_79)
FN:230,(anonymous_80)
FN:230,(anonymous_81)
FN:231,(anonymous_82)
FN:232,(anonymous_83)
FN:233,(anonymous_84)
FN:234,(anonymous_85)
FN:237,(anonymous_86)
FN:239,(anonymous_87)
FN:239,(anonymous_88)
FN:242,(anonymous_89)
FN:242,(anonymous_90)
FN:248,(anonymous_91)
FN:255,(anonymous_92)
FN:276,(anonymous_93)
FN:281,(anonymous_94)
FN:283,(anonymous_95)
FN:284,(anonymous_96)
FN:288,(anonymous_97)
FN:289,(anonymous_98)
FNF:90
FNH:0
FNDA:0,(anonymous_9)
FNDA:0,(anonymous_10)
FNDA:0,(anonymous_11)
FNDA:0,(anonymous_12)
FNDA:0,(anonymous_13)
FNDA:0,(anonymous_14)
FNDA:0,(anonymous_15)
FNDA:0,(anonymous_16)
FNDA:0,(anonymous_17)
FNDA:0,(anonymous_18)
FNDA:0,(anonymous_19)
FNDA:0,(anonymous_20)
FNDA:0,(anonymous_21)
FNDA:0,(anonymous_22)
FNDA:0,(anonymous_23)
FNDA:0,(anonymous_24)
FNDA:0,(anonymous_25)
FNDA:0,(anonymous_26)
FNDA:0,(anonymous_27)
FNDA:0,(anonymous_28)
FNDA:0,(anonymous_29)
FNDA:0,(anonymous_30)
FNDA:0,(anonymous_31)
FNDA:0,(anonymous_32)
FNDA:0,(anonymous_33)
FNDA:0,(anonymous_34)
FNDA:0,(anonymous_35)
FNDA:0,(anonymous_36)
FNDA:0,(anonymous_37)
FNDA:0,(anonymous_38)
FNDA:0,(anonymous_39)
FNDA:0,(anonymous_40)
FNDA:0,(anonymous_41)
FNDA:0,(anonymous_42)
FNDA:0,(anonymous_43)
FNDA:0,(anonymous_44)
FNDA:0,(anonymous_45)
FNDA:0,(anonymous_46)
FNDA:0,(anonymous_47)
FNDA:0,(anonymous_48)
FNDA:0,(anonymous_49)
FNDA:0,(anonymous_50)
FNDA:0,(anonymous_51)
FNDA:0,(anonymous_52)
FNDA:0,(anonymous_53)
FNDA:0,(anonymous_54)
FNDA:0,(anonymous_55)
FNDA:0,(anonymous_56)
FNDA:0,(anonymous_57)
FNDA:0,(anonymous_58)
FNDA:0,(anonymous_59)
FNDA:0,(anonymous_60)
FNDA:0,(anonymous_61)
FNDA:0,(anonymous_62)
FNDA:0,(anonymous_63)
FNDA:0,(anonymous_64)
FNDA:0,(anonymous_65)
FNDA:0,(anonymous_66)
FNDA:0,(anonymous_67)
FNDA:0,(anonymous_68)
FNDA:0,(anonymous_69)
FNDA:0,(anonymous_70)
FNDA:0,(anonymous_71)
FNDA:0,(anonymous_72)
FNDA:0,(anonymous_73)
FNDA:0,(anonymous_74)
FNDA:0,(anonymous_75)
FNDA:0,(anonymous_76)
FNDA:0,(anonymous_77)
FNDA:0,(anonymous_78)
FNDA:0,(anonymous_79)
FNDA:0,(anonymous_80)
FNDA:0,(anonymous_81)
FNDA:0,(anonymous_82)
FNDA:0,(anonymous_83)
FNDA:0,(anonymous_84)
FNDA:0,(anonymous_85)
FNDA:0,(anonymous_86)
FNDA:0,(anonymous_87)
FNDA:0,(anonymous_88)
FNDA:0,(anonymous_89)
FNDA:0,(anonymous_90)
FNDA:0,(anonymous_91)
FNDA:0,(anonymous_92)
FNDA:0,(anonymous_93)
FNDA:0,(anonymous_94)
FNDA:0,(anonymous_95)
FNDA:0,(anonymous_96)
FNDA:0,(anonymous_97)
FNDA:0,(anonymous_98)
DA:1,0
DA:4,0
DA:6,0
DA:7,0
DA:8,0
DA:9,0
DA:10,0
DA:11,0
DA:13,0
DA:18,0
DA:22,0
DA:26,0
DA:27,0
DA:31,0
DA:32,0
DA:38,0
DA:42,0
DA:47,0
DA:49,0
DA:50,0
DA:53,0
DA:54,0
DA:57,0
DA:58,0
DA:63,0
DA:65,0
DA:66,0
DA:69,0
DA:73,0
DA:74,0
DA:79,0
DA:82,0
DA:83,0
DA:89,0
DA:93,0
DA:95,0
DA:96,0
DA:100,0
DA:108,0
DA:109,0
DA:111,0
DA:112,0
DA:115,0
DA:116,0
DA:119,0
DA:120,0
DA:123,0
DA:131,0
DA:132,0
DA:138,0
DA:145,0
DA:146,0
DA:149,0
DA:150,0
DA:151,0
DA:152,0
DA:153,0
DA:157,0
DA:160,0
DA:161,0
DA:164,0
DA:170,0
DA:172,0
DA:173,0
DA:174,0
DA:175,0
DA:176,0
DA:178,0
DA:181,0
DA:187,0
DA:188,0
DA:189,0
DA:190,0
DA:191,0
DA:195,0
DA:199,0
DA:200,0
DA:214,0
DA:216,0
DA:219,0
DA:222,0
DA:227,0
DA:230,0
DA:231,0
DA:232,0
DA:233,0
DA:234,0
DA:237,0
DA:239,0
DA:242,0
DA:247,0
DA:248,0
DA:255,0
DA:274,0
DA:276,0
DA:281,0
DA:283,0
DA:284,0
DA:288,0
DA:289,0
LF:100
LH:0
BRDA:93,0,0,0
BRDA:93,0,1,0
BRDA:95,1,0,0
BRDA:95,1,1,0
BRDA:96,2,0,0
BRDA:96,2,1,0
BRDA:111,3,0,0
BRDA:111,3,1,0
BRDA:115,4,0,0
BRDA:115,4,1,0
BRDA:119,5,0,0
BRDA:119,5,1,0
BRDA:149,6,0,0
BRDA:149,6,1,0
BRDA:149,6,2,0
BRDA:149,6,3,0
BRDA:160,7,0,0
BRDA:160,7,1,0
BRDA:178,8,0,0
BRDA:178,8,1,0
BRDA:191,9,0,0
BRDA:191,9,1,0
BRDA:216,10,0,0
BRDA:216,10,1,0
BRDA:237,11,0,0
BRDA:237,11,1,0
BRF:26
BRH:0
end_of_record
TN:
SF:src\components\ui\styled\Modal.styled.ts
FN:76,(anonymous_9)
FN:81,(anonymous_10)
FN:83,(anonymous_11)
FN:97,(anonymous_12)
FN:103,(anonymous_13)
FN:114,(anonymous_14)
FN:115,(anonymous_15)
FN:116,(anonymous_16)
FN:124,(anonymous_17)
FN:154,(anonymous_18)
FN:168,(anonymous_19)
FN:174,(anonymous_20)
FN:176,(anonymous_21)
FN:176,(anonymous_22)
FN:184,(anonymous_23)
FN:184,(anonymous_24)
FN:184,(anonymous_25)
FN:184,(anonymous_26)
FN:185,(anonymous_27)
FN:192,(anonymous_28)
FN:192,(anonymous_29)
FN:192,(anonymous_30)
FN:192,(anonymous_31)
FN:198,(anonymous_32)
FN:199,(anonymous_33)
FN:200,(anonymous_34)
FN:202,(anonymous_35)
FN:205,(anonymous_36)
FN:211,(anonymous_37)
FN:212,(anonymous_38)
FN:213,(anonymous_39)
FN:214,(anonymous_40)
FN:221,(anonymous_41)
FN:223,(anonymous_42)
FN:224,(anonymous_43)
FN:232,(anonymous_44)
FN:233,(anonymous_45)
FN:237,(anonymous_46)
FN:249,(anonymous_47)
FN:259,(anonymous_48)
FN:264,(anonymous_49)
FN:269,(anonymous_50)
FN:273,(anonymous_51)
FN:279,(anonymous_52)
FN:279,(anonymous_53)
FN:279,(anonymous_54)
FN:279,(anonymous_55)
FN:280,(anonymous_56)
FN:284,(anonymous_57)
FN:288,(anonymous_58)
FN:288,(anonymous_59)
FN:288,(anonymous_60)
FN:288,(anonymous_61)
FN:301,(anonymous_62)
FN:306,(anonymous_63)
FN:312,(anonymous_64)
FN:313,(anonymous_65)
FN:321,(anonymous_66)
FN:322,(anonymous_67)
FN:327,(anonymous_68)
FN:328,(anonymous_69)
FN:329,(anonymous_70)
FN:330,(anonymous_71)
FN:331,(anonymous_72)
FN:332,(anonymous_73)
FN:333,(anonymous_74)
FN:338,(anonymous_75)
FN:339,(anonymous_76)
FN:340,(anonymous_77)
FN:341,(anonymous_78)
FN:342,(anonymous_79)
FN:343,(anonymous_80)
FN:344,(anonymous_81)
FN:351,(anonymous_82)
FN:352,(anonymous_83)
FN:357,(anonymous_84)
FN:366,(anonymous_85)
FN:367,(anonymous_86)
FN:368,(anonymous_87)
FN:369,(anonymous_88)
FN:370,(anonymous_89)
FN:396,(anonymous_90)
FN:398,(anonymous_91)
FNF:83
FNH:0
FNDA:0,(anonymous_9)
FNDA:0,(anonymous_10)
FNDA:0,(anonymous_11)
FNDA:0,(anonymous_12)
FNDA:0,(anonymous_13)
FNDA:0,(anonymous_14)
FNDA:0,(anonymous_15)
FNDA:0,(anonymous_16)
FNDA:0,(anonymous_17)
FNDA:0,(anonymous_18)
FNDA:0,(anonymous_19)
FNDA:0,(anonymous_20)
FNDA:0,(anonymous_21)
FNDA:0,(anonymous_22)
FNDA:0,(anonymous_23)
FNDA:0,(anonymous_24)
FNDA:0,(anonymous_25)
FNDA:0,(anonymous_26)
FNDA:0,(anonymous_27)
FNDA:0,(anonymous_28)
FNDA:0,(anonymous_29)
FNDA:0,(anonymous_30)
FNDA:0,(anonymous_31)
FNDA:0,(anonymous_32)
FNDA:0,(anonymous_33)
FNDA:0,(anonymous_34)
FNDA:0,(anonymous_35)
FNDA:0,(anonymous_36)
FNDA:0,(anonymous_37)
FNDA:0,(anonymous_38)
FNDA:0,(anonymous_39)
FNDA:0,(anonymous_40)
FNDA:0,(anonymous_41)
FNDA:0,(anonymous_42)
FNDA:0,(anonymous_43)
FNDA:0,(anonymous_44)
FNDA:0,(anonymous_45)
FNDA:0,(anonymous_46)
FNDA:0,(anonymous_47)
FNDA:0,(anonymous_48)
FNDA:0,(anonymous_49)
FNDA:0,(anonymous_50)
FNDA:0,(anonymous_51)
FNDA:0,(anonymous_52)
FNDA:0,(anonymous_53)
FNDA:0,(anonymous_54)
FNDA:0,(anonymous_55)
FNDA:0,(anonymous_56)
FNDA:0,(anonymous_57)
FNDA:0,(anonymous_58)
FNDA:0,(anonymous_59)
FNDA:0,(anonymous_60)
FNDA:0,(anonymous_61)
FNDA:0,(anonymous_62)
FNDA:0,(anonymous_63)
FNDA:0,(anonymous_64)
FNDA:0,(anonymous_65)
FNDA:0,(anonymous_66)
FNDA:0,(anonymous_67)
FNDA:0,(anonymous_68)
FNDA:0,(anonymous_69)
FNDA:0,(anonymous_70)
FNDA:0,(anonymous_71)
FNDA:0,(anonymous_72)
FNDA:0,(anonymous_73)
FNDA:0,(anonymous_74)
FNDA:0,(anonymous_75)
FNDA:0,(anonymous_76)
FNDA:0,(anonymous_77)
FNDA:0,(anonymous_78)
FNDA:0,(anonymous_79)
FNDA:0,(anonymous_80)
FNDA:0,(anonymous_81)
FNDA:0,(anonymous_82)
FNDA:0,(anonymous_83)
FNDA:0,(anonymous_84)
FNDA:0,(anonymous_85)
FNDA:0,(anonymous_86)
FNDA:0,(anonymous_87)
FNDA:0,(anonymous_88)
FNDA:0,(anonymous_89)
FNDA:0,(anonymous_90)
FNDA:0,(anonymous_91)
DA:1,0
DA:4,0
DA:13,0
DA:22,0
DA:33,0
DA:44,0
DA:55,0
DA:67,0
DA:76,0
DA:81,0
DA:84,0
DA:85,0
DA:87,0
DA:89,0
DA:91,0
DA:93,0
DA:97,0
DA:103,0
DA:109,0
DA:114,0
DA:115,0
DA:116,0
DA:125,0
DA:127,0
DA:131,0
DA:135,0
DA:139,0
DA:143,0
DA:148,0
DA:155,0
DA:156,0
DA:158,0
DA:160,0
DA:162,0
DA:164,0
DA:168,0
DA:174,0
DA:176,0
DA:183,0
DA:184,0
DA:185,0
DA:192,0
DA:197,0
DA:198,0
DA:199,0
DA:200,0
DA:202,0
DA:205,0
DA:210,0
DA:211,0
DA:212,0
DA:213,0
DA:214,0
DA:218,0
DA:221,0
DA:223,0
DA:224,0
DA:232,0
DA:233,0
DA:237,0
DA:248,0
DA:249,0
DA:259,0
DA:264,0
DA:269,0
DA:273,0
DA:278,0
DA:279,0
DA:280,0
DA:284,0
DA:288,0
DA:299,0
DA:301,0
DA:306,0
DA:311,0
DA:312,0
DA:313,0
DA:317,0
DA:321,0
DA:322,0
DA:326,0
DA:327,0
DA:328,0
DA:329,0
DA:330,0
DA:331,0
DA:332,0
DA:333,0
DA:337,0
DA:338,0
DA:339,0
DA:340,0
DA:341,0
DA:342,0
DA:343,0
DA:344,0
DA:348,0
DA:351,0
DA:352,0
DA:356,0
DA:357,0
DA:365,0
DA:366,0
DA:367,0
DA:368,0
DA:369,0
DA:370,0
DA:374,0
DA:384,0
DA:396,0
DA:398,0
LF:111
LH:0
BRDA:84,0,0,0
BRDA:84,0,1,0
BRDA:85,1,0,0
BRDA:85,1,1,0
BRDA:85,1,2,0
BRDA:85,1,3,0
BRDA:97,2,0,0
BRDA:97,2,1,0
BRDA:125,3,0,0
BRDA:125,3,1,0
BRDA:125,3,2,0
BRDA:125,3,3,0
BRDA:125,3,4,0
BRDA:125,3,5,0
BRDA:155,4,0,0
BRDA:155,4,1,0
BRDA:156,5,0,0
BRDA:156,5,1,0
BRDA:156,5,2,0
BRDA:156,5,3,0
BRDA:168,6,0,0
BRDA:168,6,1,0
BRDA:174,7,0,0
BRDA:174,7,1,0
BRDA:398,8,0,0
BRDA:398,8,1,0
BRF:26
BRH:0
end_of_record
TN:
SF:src\components\ui\styled\Task.styled.ts
FN:44,(anonymous_9)
FN:45,(anonymous_10)
FN:46,(anonymous_11)
FN:47,(anonymous_12)
FN:48,(anonymous_13)
FN:62,(anonymous_14)
FN:71,(anonymous_15)
FN:71,(anonymous_16)
FN:74,(anonymous_17)
FN:76,(anonymous_18)
FN:80,(anonymous_19)
FN:84,(anonymous_20)
FN:88,(anonymous_21)
FN:90,(anonymous_22)
FN:91,(anonymous_23)
FN:96,(anonymous_24)
FN:97,(anonymous_25)
FN:106,(anonymous_26)
FN:115,(anonymous_27)
FN:116,(anonymous_28)
FN:117,(anonymous_29)
FN:118,(anonymous_30)
FN:119,(anonymous_31)
FN:122,(anonymous_32)
FN:124,(anonymous_33)
FN:132,(anonymous_34)
FN:133,(anonymous_35)
FN:134,(anonymous_36)
FN:135,(anonymous_37)
FN:138,(anonymous_38)
FN:148,(anonymous_39)
FN:149,(anonymous_40)
FN:150,(anonymous_41)
FN:151,(anonymous_42)
FN:161,(anonymous_43)
FN:162,(anonymous_44)
FN:162,(anonymous_45)
FN:163,(anonymous_46)
FN:164,(anonymous_47)
FN:165,(anonymous_48)
FN:167,(anonymous_49)
FN:169,(anonymous_50)
FN:204,(anonymous_51)
FN:213,(anonymous_52)
FN:214,(anonymous_53)
FN:215,(anonymous_54)
FN:223,(anonymous_55)
FN:224,(anonymous_56)
FN:228,(anonymous_57)
FN:229,(anonymous_58)
FN:239,(anonymous_59)
FN:240,(anonymous_60)
FN:241,(anonymous_61)
FN:241,(anonymous_62)
FN:242,(anonymous_63)
FN:245,(anonymous_64)
FN:246,(anonymous_65)
FN:247,(anonymous_66)
FN:248,(anonymous_67)
FN:251,(anonymous_68)
FN:252,(anonymous_69)
FN:253,(anonymous_70)
FN:254,(anonymous_71)
FN:257,(anonymous_72)
FN:258,(anonymous_73)
FN:266,(anonymous_74)
FN:267,(anonymous_75)
FN:274,(anonymous_76)
FN:274,(anonymous_77)
FN:275,(anonymous_78)
FN:276,(anonymous_79)
FN:277,(anonymous_80)
FN:278,(anonymous_81)
FN:279,(anonymous_82)
FN:283,(anonymous_83)
FN:284,(anonymous_84)
FN:290,(anonymous_85)
FN:299,(anonymous_86)
FN:300,(anonymous_87)
FN:301,(anonymous_88)
FN:302,(anonymous_89)
FN:305,(anonymous_90)
FN:315,(anonymous_91)
FN:322,(anonymous_92)
FN:323,(anonymous_93)
FN:325,(anonymous_94)
FN:338,(anonymous_95)
FN:340,(anonymous_96)
FN:341,(anonymous_97)
FN:348,(anonymous_98)
FN:349,(anonymous_99)
FN:353,(anonymous_100)
FN:365,(anonymous_101)
FN:372,(anonymous_102)
FN:373,(anonymous_103)
FN:382,(anonymous_104)
FN:383,(anonymous_105)
FN:384,(anonymous_106)
FN:399,(anonymous_107)
FN:400,(anonymous_108)
FN:405,(anonymous_109)
FN:406,(anonymous_110)
FN:410,(anonymous_111)
FNF:103
FNH:0
FNDA:0,(anonymous_9)
FNDA:0,(anonymous_10)
FNDA:0,(anonymous_11)
FNDA:0,(anonymous_12)
FNDA:0,(anonymous_13)
FNDA:0,(anonymous_14)
FNDA:0,(anonymous_15)
FNDA:0,(anonymous_16)
FNDA:0,(anonymous_17)
FNDA:0,(anonymous_18)
FNDA:0,(anonymous_19)
FNDA:0,(anonymous_20)
FNDA:0,(anonymous_21)
FNDA:0,(anonymous_22)
FNDA:0,(anonymous_23)
FNDA:0,(anonymous_24)
FNDA:0,(anonymous_25)
FNDA:0,(anonymous_26)
FNDA:0,(anonymous_27)
FNDA:0,(anonymous_28)
FNDA:0,(anonymous_29)
FNDA:0,(anonymous_30)
FNDA:0,(anonymous_31)
FNDA:0,(anonymous_32)
FNDA:0,(anonymous_33)
FNDA:0,(anonymous_34)
FNDA:0,(anonymous_35)
FNDA:0,(anonymous_36)
FNDA:0,(anonymous_37)
FNDA:0,(anonymous_38)
FNDA:0,(anonymous_39)
FNDA:0,(anonymous_40)
FNDA:0,(anonymous_41)
FNDA:0,(anonymous_42)
FNDA:0,(anonymous_43)
FNDA:0,(anonymous_44)
FNDA:0,(anonymous_45)
FNDA:0,(anonymous_46)
FNDA:0,(anonymous_47)
FNDA:0,(anonymous_48)
FNDA:0,(anonymous_49)
FNDA:0,(anonymous_50)
FNDA:0,(anonymous_51)
FNDA:0,(anonymous_52)
FNDA:0,(anonymous_53)
FNDA:0,(anonymous_54)
FNDA:0,(anonymous_55)
FNDA:0,(anonymous_56)
FNDA:0,(anonymous_57)
FNDA:0,(anonymous_58)
FNDA:0,(anonymous_59)
FNDA:0,(anonymous_60)
FNDA:0,(anonymous_61)
FNDA:0,(anonymous_62)
FNDA:0,(anonymous_63)
FNDA:0,(anonymous_64)
FNDA:0,(anonymous_65)
FNDA:0,(anonymous_66)
FNDA:0,(anonymous_67)
FNDA:0,(anonymous_68)
FNDA:0,(anonymous_69)
FNDA:0,(anonymous_70)
FNDA:0,(anonymous_71)
FNDA:0,(anonymous_72)
FNDA:0,(anonymous_73)
FNDA:0,(anonymous_74)
FNDA:0,(anonymous_75)
FNDA:0,(anonymous_76)
FNDA:0,(anonymous_77)
FNDA:0,(anonymous_78)
FNDA:0,(anonymous_79)
FNDA:0,(anonymous_80)
FNDA:0,(anonymous_81)
FNDA:0,(anonymous_82)
FNDA:0,(anonymous_83)
FNDA:0,(anonymous_84)
FNDA:0,(anonymous_85)
FNDA:0,(anonymous_86)
FNDA:0,(anonymous_87)
FNDA:0,(anonymous_88)
FNDA:0,(anonymous_89)
FNDA:0,(anonymous_90)
FNDA:0,(anonymous_91)
FNDA:0,(anonymous_92)
FNDA:0,(anonymous_93)
FNDA:0,(anonymous_94)
FNDA:0,(anonymous_95)
FNDA:0,(anonymous_96)
FNDA:0,(anonymous_97)
FNDA:0,(anonymous_98)
FNDA:0,(anonymous_99)
FNDA:0,(anonymous_100)
FNDA:0,(anonymous_101)
FNDA:0,(anonymous_102)
FNDA:0,(anonymous_103)
FNDA:0,(anonymous_104)
FNDA:0,(anonymous_105)
FNDA:0,(anonymous_106)
FNDA:0,(anonymous_107)
FNDA:0,(anonymous_108)
FNDA:0,(anonymous_109)
FNDA:0,(anonymous_110)
FNDA:0,(anonymous_111)
DA:1,0
DA:4,0
DA:19,0
DA:28,0
DA:38,0
DA:44,0
DA:45,0
DA:46,0
DA:47,0
DA:48,0
DA:63,0
DA:64,0
DA:65,0
DA:66,0
DA:67,0
DA:68,0
DA:71,0
DA:74,0
DA:76,0
DA:80,0
DA:84,0
DA:88,0
DA:90,0
DA:91,0
DA:96,0
DA:97,0
DA:106,0
DA:112,0
DA:115,0
DA:116,0
DA:117,0
DA:118,0
DA:119,0
DA:122,0
DA:124,0
DA:129,0
DA:132,0
DA:133,0
DA:134,0
DA:135,0
DA:138,0
DA:144,0
DA:148,0
DA:149,0
DA:150,0
DA:151,0
DA:155,0
DA:161,0
DA:162,0
DA:163,0
DA:164,0
DA:165,0
DA:167,0
DA:170,0
DA:172,0
DA:178,0
DA:184,0
DA:190,0
DA:196,0
DA:204,0
DA:210,0
DA:213,0
DA:214,0
DA:215,0
DA:219,0
DA:223,0
DA:224,0
DA:228,0
DA:229,0
DA:233,0
DA:239,0
DA:240,0
DA:241,0
DA:242,0
DA:245,0
DA:246,0
DA:247,0
DA:248,0
DA:251,0
DA:252,0
DA:253,0
DA:254,0
DA:257,0
DA:258,0
DA:263,0
DA:266,0
DA:267,0
DA:271,0
DA:274,0
DA:275,0
DA:276,0
DA:277,0
DA:278,0
DA:279,0
DA:283,0
DA:284,0
DA:289,0
DA:290,0
DA:294,0
DA:299,0
DA:300,0
DA:301,0
DA:302,0
DA:305,0
DA:312,0
DA:315,0
DA:320,0
DA:322,0
DA:323,0
DA:325,0
DA:335,0
DA:338,0
DA:340,0
DA:341,0
DA:348,0
DA:349,0
DA:353,0
DA:364,0
DA:365,0
DA:369,0
DA:372,0
DA:373,0
DA:378,0
DA:382,0
DA:383,0
DA:384,0
DA:389,0
DA:399,0
DA:400,0
DA:405,0
DA:406,0
DA:410,0
LF:132
LH:0
BRDA:63,0,0,0
BRDA:63,0,1,0
BRDA:63,0,2,0
BRDA:63,0,3,0
BRDA:63,0,4,0
BRDA:74,1,0,0
BRDA:74,1,1,0
BRDA:84,2,0,0
BRDA:84,2,1,0
BRDA:88,3,0,0
BRDA:88,3,1,0
BRDA:122,4,0,0
BRDA:122,4,1,0
BRDA:138,5,0,0
BRDA:138,5,1,0
BRDA:170,6,0,0
BRDA:170,6,1,0
BRDA:170,6,2,0
BRDA:170,6,3,0
BRDA:170,6,4,0
BRDA:204,7,0,0
BRDA:204,7,1,0
BRDA:245,8,0,0
BRDA:245,8,1,0
BRDA:251,9,0,0
BRDA:251,9,1,0
BRDA:257,10,0,0
BRDA:257,10,1,0
BRDA:257,10,2,0
BRDA:305,11,0,0
BRDA:305,11,1,0
BRDA:405,12,0,0
BRDA:405,12,1,0
BRDA:406,13,0,0
BRDA:406,13,1,0
BRDA:410,14,0,0
BRDA:410,14,1,0
BRF:37
BRH:0
end_of_record
TN:
SF:src\components\ui\styled\common.ts
FN:8,(anonymous_0)
FN:18,(anonymous_1)
FN:110,(anonymous_2)
FN:115,(anonymous_3)
FN:120,(anonymous_4)
FN:134,(anonymous_5)
FN:137,(anonymous_6)
FN:140,(anonymous_7)
FN:143,(anonymous_8)
FN:150,(anonymous_9)
FN:153,(anonymous_10)
FN:156,(anonymous_11)
FN:159,(anonymous_12)
FNF:13
FNH:0
FNDA:0,(anonymous_0)
FNDA:0,(anonymous_1)
FNDA:0,(anonymous_2)
FNDA:0,(anonymous_3)
FNDA:0,(anonymous_4)
FNDA:0,(anonymous_5)
FNDA:0,(anonymous_6)
FNDA:0,(anonymous_7)
FNDA:0,(anonymous_8)
FNDA:0,(anonymous_9)
FNDA:0,(anonymous_10)
FNDA:0,(anonymous_11)
FNDA:0,(anonymous_12)
DA:1,0
DA:4,0
DA:8,0
DA:18,0
DA:110,0
DA:115,0
DA:120,0
DA:134,0
DA:137,0
DA:140,0
DA:143,0
DA:150,0
DA:153,0
DA:156,0
DA:159,0
LF:15
LH:0
BRF:0
BRH:0
end_of_record
TN:
SF:src\data\mockData.ts
FN:161,(anonymous_0)
FN:201,(anonymous_1)
FN:209,(anonymous_2)
FN:217,(anonymous_3)
FNF:4
FNH:0
FNDA:0,(anonymous_0)
FNDA:0,(anonymous_1)
FNDA:0,(anonymous_2)
FNDA:0,(anonymous_3)
DA:6,0
DA:161,0
DA:188,0
DA:201,0
DA:209,0
DA:217,0
DA:233,0
DA:247,0
DA:267,0
DA:279,0
LF:10
LH:0
BRF:0
BRH:0
end_of_record
TN:
SF:src\hooks\useAutoSave.ts
FN:8,(anonymous_0)
FN:18,(anonymous_1)
FN:24,(anonymous_2)
FN:46,(anonymous_3)
FN:53,(anonymous_4)
FN:70,(anonymous_5)
FN:75,(anonymous_6)
FN:92,(anonymous_7)
FN:93,(anonymous_8)
FN:119,(anonymous_9)
FN:130,(anonymous_10)
FNF:11
FNH:0
FNDA:0,(anonymous_0)
FNDA:0,(anonymous_1)
FNDA:0,(anonymous_2)
FNDA:0,(anonymous_3)
FNDA:0,(anonymous_4)
FNDA:0,(anonymous_5)
FNDA:0,(anonymous_6)
FNDA:0,(anonymous_7)
FNDA:0,(anonymous_8)
FNDA:0,(anonymous_9)
FNDA:0,(anonymous_10)
DA:1,0
DA:2,0
DA:8,0
DA:14,0
DA:15,0
DA:18,0
DA:19,0
DA:20,0
DA:24,0
DA:25,0
DA:26,0
DA:29,0
DA:30,0
DA:31,0
DA:32,0
DA:33,0
DA:35,0
DA:38,0
DA:43,0
DA:46,0
DA:47,0
DA:49,0
DA:53,0
DA:54,0
DA:56,0
DA:57,0
DA:58,0
DA:59,0
DA:60,0
DA:62,0
DA:63,0
DA:65,0
DA:70,0
DA:71,0
DA:75,0
DA:81,0
DA:92,0
DA:93,0
DA:94,0
DA:95,0
DA:102,0
DA:103,0
DA:108,0
DA:109,0
DA:113,0
DA:119,0
DA:124,0
DA:127,0
DA:130,0
DA:131,0
DA:132,0
DA:133,0
DA:134,0
DA:136,0
DA:140,0
LF:55
LH:0
BRDA:11,0,0,0
BRDA:12,1,0,0
BRDA:19,2,0,0
BRDA:19,2,1,0
BRDA:25,3,0,0
BRDA:25,3,1,0
BRDA:25,4,0,0
BRDA:25,4,1,0
BRDA:47,5,0,0
BRDA:47,5,1,0
BRDA:54,6,0,0
BRDA:54,6,1,0
BRDA:92,7,0,0
BRDA:104,8,0,0
BRDA:104,8,1,0
BRDA:122,9,0,0
BRDA:131,10,0,0
BRDA:131,10,1,0
BRDA:133,11,0,0
BRDA:133,11,1,0
BRF:20
BRH:0
end_of_record
TN:
SF:src\hooks\useContextMenu.ts
FN:3,(anonymous_0)
FN:11,(anonymous_1)
FN:17,(anonymous_2)
FNF:3
FNH:0
FNDA:0,(anonymous_0)
FNDA:0,(anonymous_1)
FNDA:0,(anonymous_2)
DA:1,0
DA:3,0
DA:4,0
DA:9,0
DA:11,0
DA:12,0
DA:13,0
DA:14,0
DA:17,0
DA:18,0
DA:21,0
LF:11
LH:0
BRF:0
BRH:0
end_of_record
TN:
SF:src\hooks\useDateUtils.ts
FN:18,(anonymous_0)
FN:32,(anonymous_1)
FN:78,(anonymous_2)
FN:84,(anonymous_3)
FN:85,(anonymous_4)
FNF:5
FNH:0
FNDA:0,(anonymous_0)
FNDA:0,(anonymous_1)
FNDA:0,(anonymous_2)
FNDA:0,(anonymous_3)
FNDA:0,(anonymous_4)
DA:1,0
DA:18,0
DA:19,0
DA:33,0
DA:78,0
DA:85,0
DA:86,0
DA:88,0
DA:89,0
DA:90,0
DA:92,0
DA:93,0
DA:95,0
LF:13
LH:0
BRDA:35,0,0,0
BRDA:35,0,1,0
BRDA:45,1,0,0
BRDA:45,1,1,0
BRDA:55,2,0,0
BRDA:55,2,1,0
BRDA:66,3,0,0
BRDA:66,3,1,0
BRDA:86,4,0,0
BRDA:86,4,1,0
BRDA:89,5,0,0
BRDA:89,5,1,0
BRDA:90,6,0,0
BRDA:90,6,1,0
BRDA:92,7,0,0
BRDA:92,7,1,0
BRDA:92,8,0,0
BRDA:92,8,1,0
BRDA:93,9,0,0
BRDA:93,9,1,0
BRDA:93,10,0,0
BRDA:93,10,1,0
BRF:22
BRH:0
end_of_record
TN:
SF:src\hooks\useDebounce.ts
FN:9,(anonymous_9)
FN:12,(anonymous_10)
FN:13,(anonymous_11)
FN:17,(anonymous_12)
FN:31,(anonymous_13)
FN:39,(anonymous_14)
FN:44,(anonymous_15)
FN:45,(anonymous_16)
FN:53,(anonymous_17)
FN:58,(anonymous_18)
FNF:10
FNH:0
FNDA:0,(anonymous_9)
FNDA:0,(anonymous_10)
FNDA:0,(anonymous_11)
FNDA:0,(anonymous_12)
FNDA:0,(anonymous_13)
FNDA:0,(anonymous_14)
FNDA:0,(anonymous_15)
FNDA:0,(anonymous_16)
FNDA:0,(anonymous_17)
FNDA:0,(anonymous_18)
DA:1,0
DA:9,0
DA:10,0
DA:12,0
DA:13,0
DA:14,0
DA:17,0
DA:18,0
DA:22,0
DA:31,0
DA:35,0
DA:36,0
DA:39,0
DA:40,0
DA:44,0
DA:45,0
DA:46,0
DA:47,0
DA:52,0
DA:54,0
DA:55,0
DA:58,0
DA:59,0
DA:65,0
LF:24
LH:0
BRDA:9,0,0,0
BRDA:33,1,0,0
BRDA:46,2,0,0
BRDA:46,2,1,0
BRDA:54,3,0,0
BRDA:54,3,1,0
BRF:6
BRH:0
end_of_record
TN:
SF:src\hooks\useFocusManagement.ts
FN:6,(anonymous_0)
FN:12,(anonymous_1)
FN:21,(anonymous_2)
FN:29,(anonymous_3)
FN:37,(anonymous_4)
FN:65,(anonymous_5)
FN:73,(anonymous_6)
FN:90,(anonymous_7)
FN:98,(anonymous_8)
FN:116,(anonymous_9)
FN:122,(anonymous_10)
FN:126,(anonymous_11)
FN:133,(anonymous_12)
FN:162,(anonymous_13)
FN:164,(anonymous_14)
FN:176,(anonymous_15)
FN:177,(anonymous_16)
FN:187,(anonymous_17)
FN:198,(anonymous_18)
FN:201,(anonymous_19)
FN:205,(anonymous_20)
FN:210,(anonymous_21)
FN:219,(anonymous_22)
FN:220,(anonymous_23)
FN:223,(anonymous_24)
FN:231,(anonymous_25)
FNF:26
FNH:0
FNDA:0,(anonymous_0)
FNDA:0,(anonymous_1)
FNDA:0,(anonymous_2)
FNDA:0,(anonymous_3)
FNDA:0,(anonymous_4)
FNDA:0,(anonymous_5)
FNDA:0,(anonymous_6)
FNDA:0,(anonymous_7)
FNDA:0,(anonymous_8)
FNDA:0,(anonymous_9)
FNDA:0,(anonymous_10)
FNDA:0,(anonymous_11)
FNDA:0,(anonymous_12)
FNDA:0,(anonymous_13)
FNDA:0,(anonymous_14)
FNDA:0,(anonymous_15)
FNDA:0,(anonymous_16)
FNDA:0,(anonymous_17)
FNDA:0,(anonymous_18)
FNDA:0,(anonymous_19)
FNDA:0,(anonymous_20)
FNDA:0,(anonymous_21)
FNDA:0,(anonymous_22)
FNDA:0,(anonymous_23)
FNDA:0,(anonymous_24)
FNDA:0,(anonymous_25)
DA:1,0
DA:6,0
DA:7,0
DA:8,0
DA:9,0
DA:12,0
DA:13,0
DA:15,0
DA:21,0
DA:22,0
DA:23,0
DA:24,0
DA:29,0
DA:30,0
DA:31,0
DA:32,0
DA:37,0
DA:38,0
DA:39,0
DA:42,0
DA:43,0
DA:45,0
DA:46,0
DA:47,0
DA:49,0
DA:51,0
DA:52,0
DA:53,0
DA:57,0
DA:58,0
DA:59,0
DA:65,0
DA:66,0
DA:68,0
DA:73,0
DA:74,0
DA:77,0
DA:80,0
DA:83,0
DA:84,0
DA:88,0
DA:90,0
DA:91,0
DA:92,0
DA:93,0
DA:98,0
DA:99,0
DA:100,0
DA:101,0
DA:105,0
DA:116,0
DA:120,0
DA:122,0
DA:123,0
DA:125,0
DA:126,0
DA:127,0
DA:129,0
DA:132,0
DA:133,0
DA:134,0
DA:136,0
DA:140,0
DA:141,0
DA:142,0
DA:144,0
DA:147,0
DA:148,0
[...]
FNDA:0,(anonymous_64)
FNDA:0,(anonymous_65)
FNDA:0,(anonymous_66)
FNDA:0,(anonymous_67)
FNDA:0,(anonymous_68)
FNDA:0,(anonymous_69)
FNDA:0,(anonymous_70)
FNDA:0,(anonymous_71)
FNDA:0,(anonymous_72)
FNDA:0,(anonymous_73)
FNDA:0,(anonymous_74)
FNDA:0,(anonymous_75)
FNDA:0,(anonymous_76)
FNDA:0,(anonymous_77)
FNDA:0,(anonymous_78)
FNDA:0,(anonymous_79)
FNDA:0,(anonymous_80)
FNDA:0,(anonymous_81)
FNDA:0,(anonymous_82)
FNDA:0,(anonymous_83)
FNDA:0,(anonymous_84)
FNDA:0,(anonymous_85)
FNDA:0,(anonymous_86)
FNDA:0,(anonymous_87)
FNDA:0,(anonymous_88)
FNDA:0,(anonymous_89)
FNDA:0,(anonymous_90)
FNDA:0,(anonymous_91)
FNDA:0,(anonymous_92)
FNDA:0,(anonymous_93)
FNDA:0,(anonymous_94)
FNDA:0,(anonymous_95)
FNDA:0,(anonymous_96)
FNDA:0,(anonymous_97)
FNDA:0,(anonymous_98)
FNDA:0,(anonymous_99)
DA:1,0
DA:2,0
DA:3,0
DA:5,0
DA:6,0
DA:7,0
DA:51,0
DA:61,0
DA:62,0
DA:64,0
DA:65,0
DA:68,0
DA:69,0
DA:70,0
DA:71,0
DA:72,0
DA:74,0
DA:75,0
DA:77,0
DA:79,0
DA:80,0
DA:87,0
DA:90,0
DA:93,0
DA:97,0
DA:98,0
DA:101,0
DA:102,0
DA:105,0
DA:107,0
DA:113,0
DA:114,0
DA:118,0
DA:120,0
DA:121,0
DA:125,0
DA:128,0
DA:129,0
DA:136,0
DA:143,0
DA:145,0
DA:147,0
DA:158,0
DA:159,0
DA:162,0
DA:166,0
DA:174,0
DA:175,0
DA:177,0
DA:179,0
DA:180,0
DA:183,0
DA:192,0
DA:193,0
DA:194,0
DA:199,0
DA:200,0
DA:202,0
DA:203,0
DA:205,0
DA:208,0
DA:216,0
DA:217,0
DA:218,0
DA:224,0
DA:225,0
DA:227,0
DA:235,0
DA:236,0
DA:238,0
DA:241,0
DA:255,0
DA:256,0
DA:257,0
DA:262,0
DA:263,0
DA:265,0
DA:266,0
DA:268,0
DA:271,0
DA:275,0
DA:289,0
DA:290,0
DA:291,0
DA:296,0
DA:297,0
DA:299,0
DA:300,0
DA:302,0
DA:305,0
DA:308,0
DA:319,0
DA:320,0
DA:321,0
DA:326,0
DA:327,0
DA:329,0
DA:330,0
DA:332,0
DA:334,0
DA:341,0
DA:342,0
DA:343,0
DA:348,0
DA:349,0
DA:352,0
DA:353,0
DA:355,0
DA:356,0
DA:357,0
DA:358,0
DA:359,0
DA:360,0
DA:364,0
DA:366,0
DA:369,0
DA:370,0
DA:371,0
DA:372,0
DA:373,0
DA:374,0
DA:375,0
DA:377,0
DA:380,0
DA:385,0
DA:386,0
DA:387,0
DA:392,0
DA:393,0
DA:395,0
DA:402,0
DA:409,0
DA:410,0
DA:413,0
DA:422,0
DA:423,0
DA:424,0
DA:429,0
DA:430,0
DA:432,0
DA:433,0
DA:435,0
DA:438,0
DA:448,0
DA:449,0
DA:450,0
DA:456,0
DA:457,0
DA:459,0
DA:461,0
DA:462,0
DA:470,0
DA:471,0
DA:472,0
DA:477,0
DA:478,0
DA:480,0
DA:481,0
DA:484,0
DA:491,0
DA:492,0
DA:493,0
DA:498,0
DA:499,0
DA:501,0
DA:502,0
DA:504,0
DA:510,0
DA:511,0
DA:512,0
DA:517,0
DA:518,0
DA:520,0
DA:522,0
DA:523,0
DA:525,0
DA:527,0
DA:531,0
DA:539,0
DA:542,0
DA:543,0
DA:550,0
DA:551,0
DA:552,0
DA:557,0
DA:558,0
DA:560,0
DA:561,0
DA:564,0
DA:571,0
DA:572,0
DA:573,0
DA:578,0
DA:579,0
DA:581,0
DA:582,0
DA:585,0
DA:589,0
DA:599,0
DA:600,0
DA:601,0
DA:607,0
DA:611,0
DA:613,0
DA:614,0
DA:615,0
DA:619,0
DA:620,0
DA:625,0
DA:626,0
DA:627,0
DA:629,0
DA:630,0
DA:631,0
DA:632,0
DA:634,0
DA:638,0
DA:639,0
DA:640,0
DA:641,0
DA:642,0
DA:645,0
DA:646,0
DA:650,0
DA:651,0
DA:653,0
DA:662,0
DA:663,0
DA:665,0
LF:229
LH:0
BRDA:56,0,0,0
BRDA:56,0,1,0
BRDA:62,1,0,0
BRDA:62,1,1,0
BRDA:64,2,0,0
BRDA:64,2,1,0
BRDA:68,3,0,0
BRDA:68,3,1,0
BRDA:68,4,0,0
BRDA:68,4,1,0
BRDA:71,5,0,0
BRDA:71,5,1,0
BRDA:71,6,0,0
BRDA:71,6,1,0
BRDA:71,6,2,0
BRDA:71,6,3,0
BRDA:72,7,0,0
BRDA:72,7,1,0
BRDA:75,8,0,0
BRDA:75,8,1,0
BRDA:79,9,0,0
BRDA:79,9,1,0
BRDA:79,10,0,0
BRDA:79,10,1,0
BRDA:82,11,0,0
BRDA:82,11,1,0
BRDA:83,12,0,0
BRDA:83,12,1,0
BRDA:98,13,0,0
BRDA:98,13,1,0
BRDA:120,14,0,0
BRDA:120,14,1,0
BRDA:120,15,0,0
BRDA:120,15,1,0
BRDA:147,16,0,0
BRDA:147,16,1,0
BRDA:151,17,0,0
BRDA:151,17,1,0
BRDA:162,18,0,0
BRDA:162,18,1,0
BRDA:163,19,0,0
BRDA:163,19,1,0
BRDA:175,20,0,0
BRDA:175,20,1,0
BRDA:183,21,0,0
BRDA:183,21,1,0
BRDA:193,22,0,0
BRDA:193,22,1,0
BRDA:200,23,0,0
BRDA:200,23,1,0
BRDA:208,24,0,0
BRDA:208,24,1,0
BRDA:217,25,0,0
BRDA:217,25,1,0
BRDA:225,26,0,0
BRDA:225,26,1,0
BRDA:241,27,0,0
BRDA:241,27,1,0
BRDA:244,28,0,0
BRDA:244,28,1,0
BRDA:256,29,0,0
BRDA:256,29,1,0
BRDA:263,30,0,0
BRDA:263,30,1,0
BRDA:271,31,0,0
BRDA:271,31,1,0
BRDA:274,32,0,0
BRDA:274,32,1,0
BRDA:275,33,0,0
BRDA:275,33,1,0
BRDA:290,34,0,0
BRDA:290,34,1,0
BRDA:297,35,0,0
BRDA:297,35,1,0
BRDA:305,36,0,0
BRDA:305,36,1,0
BRDA:308,37,0,0
BRDA:308,37,1,0
BRDA:320,38,0,0
BRDA:320,38,1,0
BRDA:327,39,0,0
BRDA:327,39,1,0
BRDA:342,40,0,0
BRDA:342,40,1,0
BRDA:349,41,0,0
BRDA:349,41,1,0
BRDA:357,42,0,0
BRDA:357,42,1,0
BRDA:364,43,0,0
BRDA:364,43,1,0
BRDA:364,44,0,0
BRDA:364,44,1,0
BRDA:370,45,0,0
BRDA:370,45,1,0
BRDA:372,46,0,0
BRDA:372,46,1,0
BRDA:386,47,0,0
BRDA:386,47,1,0
BRDA:393,48,0,0
BRDA:393,48,1,0
BRDA:413,49,0,0
BRDA:413,49,1,0
BRDA:423,50,0,0
BRDA:423,50,1,0
BRDA:430,51,0,0
BRDA:430,51,1,0
BRDA:438,52,0,0
BRDA:438,52,1,0
BRDA:449,53,0,0
BRDA:449,53,1,0
BRDA:457,54,0,0
BRDA:457,54,1,0
BRDA:471,55,0,0
BRDA:471,55,1,0
BRDA:478,56,0,0
BRDA:478,56,1,0
BRDA:484,57,0,0
BRDA:484,57,1,0
BRDA:492,58,0,0
BRDA:492,58,1,0
BRDA:499,59,0,0
BRDA:499,59,1,0
BRDA:511,60,0,0
BRDA:511,60,1,0
BRDA:518,61,0,0
BRDA:518,61,1,0
BRDA:525,62,0,0
BRDA:525,62,1,0
BRDA:525,63,0,0
BRDA:525,63,1,0
BRDA:543,64,0,0
BRDA:543,64,1,0
BRDA:551,65,0,0
BRDA:551,65,1,0
BRDA:558,66,0,0
BRDA:558,66,1,0
BRDA:572,67,0,0
BRDA:572,67,1,0
BRDA:579,68,0,0
BRDA:579,68,1,0
BRDA:585,69,0,0
BRDA:585,69,1,0
BRDA:600,70,0,0
BRDA:600,70,1,0
BRDA:613,71,0,0
BRDA:613,71,1,0
BRDA:619,72,0,0
BRDA:619,72,1,0
BRDA:619,73,0,0
BRDA:619,73,1,0
BRDA:627,74,0,0
BRDA:627,74,1,0
BRDA:631,75,0,0
BRDA:631,75,1,0
BRDA:640,76,0,0
BRDA:640,76,1,0
BRDA:640,77,0,0
BRDA:640,77,1,0
BRF:158
BRH:0
end_of_record
TN:
SF:src\styles\GlobalStyle.ts
FN:16,(anonymous_0)
FN:17,(anonymous_1)
FN:145,(anonymous_2)
FN:146,(anonymous_3)
FN:148,(anonymous_4)
FN:149,(anonymous_5)
FN:179,(anonymous_6)
FN:180,(anonymous_7)
FN:182,(anonymous_8)
FN:183,(anonymous_9)
FN:184,(anonymous_10)
FN:187,(anonymous_11)
FN:188,(anonymous_12)
FN:190,(anonymous_13)
FN:191,(anonymous_14)
FN:192,(anonymous_15)
FN:194,(anonymous_16)
FN:194,(anonymous_17)
FN:196,(anonymous_18)
FN:196,(anonymous_19)
FN:197,(anonymous_20)
FN:197,(anonymous_21)
FN:199,(anonymous_22)
FN:199,(anonymous_23)
FN:200,(anonymous_24)
FN:200,(anonymous_25)
FN:202,(anonymous_26)
FN:202,(anonymous_27)
FN:204,(anonymous_28)
FN:205,(anonymous_29)
FN:207,(anonymous_30)
FN:209,(anonymous_31)
FN:210,(anonymous_32)
FN:211,(anonymous_33)
FN:213,(anonymous_34)
FN:214,(anonymous_35)
FN:215,(anonymous_36)
FN:218,(anonymous_37)
FN:219,(anonymous_38)
FN:220,(anonymous_39)
FN:221,(anonymous_40)
FN:222,(anonymous_41)
FN:223,(anonymous_42)
FN:225,(anonymous_43)
FN:226,(anonymous_44)
FN:227,(anonymous_45)
FN:255,(anonymous_46)
FN:256,(anonymous_47)
FN:257,(anonymous_48)
FN:258,(anonymous_49)
FN:261,(anonymous_50)
FN:263,(anonymous_51)
FN:264,(anonymous_52)
FN:269,(anonymous_53)
FN:308,(anonymous_54)
FN:317,(anonymous_55)
FN:318,(anonymous_56)
FN:324,(anonymous_57)
FN:334,(anonymous_58)
FN:335,(anonymous_59)
FN:336,(anonymous_60)
FN:344,(anonymous_61)
FN:345,(anonymous_62)
FN:346,(anonymous_63)
FN:354,(anonymous_64)
FN:355,(anonymous_65)
FN:356,(anonymous_66)
FN:392,(anonymous_67)
FN:399,(anonymous_68)
FN:399,(anonymous_69)
FN:400,(anonymous_70)
FN:401,(anonymous_71)
FN:409,(anonymous_72)
FN:410,(anonymous_73)
FN:411,(anonymous_74)
FN:416,(anonymous_75)
FN:423,(anonymous_76)
FN:427,(anonymous_77)
FN:431,(anonymous_78)
FN:441,(anonymous_79)
FN:475,(anonymous_80)
FN:506,(anonymous_81)
FN:533,(anonymous_82)
FN:544,(anonymous_83)
FN:551,(anonymous_84)
FN:557,(anonymous_85)
FN:558,(anonymous_86)
FNF:87
FNH:0
FNDA:0,(anonymous_0)
FNDA:0,(anonymous_1)
FNDA:0,(anonymous_2)
FNDA:0,(anonymous_3)
FNDA:0,(anonymous_4)
FNDA:0,(anonymous_5)
FNDA:0,(anonymous_6)
FNDA:0,(anonymous_7)
FNDA:0,(anonymous_8)
FNDA:0,(anonymous_9)
FNDA:0,(anonymous_10)
FNDA:0,(anonymous_11)
FNDA:0,(anonymous_12)
FNDA:0,(anonymous_13)
FNDA:0,(anonymous_14)
FNDA:0,(anonymous_15)
FNDA:0,(anonymous_16)
FNDA:0,(anonymous_17)
FNDA:0,(anonymous_18)
FNDA:0,(anonymous_19)
FNDA:0,(anonymous_20)
FNDA:0,(anonymous_21)
FNDA:0,(anonymous_22)
FNDA:0,(anonymous_23)
FNDA:0,(anonymous_24)
FNDA:0,(anonymous_25)
FNDA:0,(anonymous_26)
FNDA:0,(anonymous_27)
FNDA:0,(anonymous_28)
FNDA:0,(anonymous_29)
FNDA:0,(anonymous_30)
FNDA:0,(anonymous_31)
FNDA:0,(anonymous_32)
FNDA:0,(anonymous_33)
FNDA:0,(anonymous_34)
FNDA:0,(anonymous_35)
FNDA:0,(anonymous_36)
FNDA:0,(anonymous_37)
FNDA:0,(anonymous_38)
FNDA:0,(anonymous_39)
FNDA:0,(anonymous_40)
FNDA:0,(anonymous_41)
FNDA:0,(anonymous_42)
FNDA:0,(anonymous_43)
FNDA:0,(anonymous_44)
FNDA:0,(anonymous_45)
FNDA:0,(anonymous_46)
FNDA:0,(anonymous_47)
FNDA:0,(anonymous_48)
FNDA:0,(anonymous_49)
FNDA:0,(anonymous_50)
FNDA:0,(anonymous_51)
FNDA:0,(anonymous_52)
FNDA:0,(anonymous_53)
FNDA:0,(anonymous_54)
FNDA:0,(anonymous_55)
FNDA:0,(anonymous_56)
FNDA:0,(anonymous_57)
FNDA:0,(anonymous_58)
FNDA:0,(anonymous_59)
FNDA:0,(anonymous_60)
FNDA:0,(anonymous_61)
FNDA:0,(anonymous_62)
FNDA:0,(anonymous_63)
FNDA:0,(anonymous_64)
FNDA:0,(anonymous_65)
FNDA:0,(anonymous_66)
FNDA:0,(anonymous_67)
FNDA:0,(anonymous_68)
FNDA:0,(anonymous_69)
FNDA:0,(anonymous_70)
FNDA:0,(anonymous_71)
FNDA:0,(anonymous_72)
FNDA:0,(anonymous_73)
FNDA:0,(anonymous_74)
FNDA:0,(anonymous_75)
FNDA:0,(anonymous_76)
FNDA:0,(anonymous_77)
FNDA:0,(anonymous_78)
FNDA:0,(anonymous_79)
FNDA:0,(anonymous_80)
FNDA:0,(anonymous_81)
FNDA:0,(anonymous_82)
FNDA:0,(anonymous_83)
FNDA:0,(anonymous_84)
FNDA:0,(anonymous_85)
FNDA:0,(anonymous_86)
DA:1,0
DA:3,0
DA:16,0
DA:17,0
DA:145,0
DA:146,0
DA:148,0
DA:149,0
DA:179,0
DA:180,0
DA:182,0
DA:183,0
DA:184,0
DA:187,0
DA:188,0
DA:190,0
DA:191,0
DA:192,0
DA:194,0
DA:196,0
DA:197,0
DA:199,0
DA:200,0
DA:202,0
DA:204,0
DA:205,0
DA:207,0
DA:209,0
DA:210,0
DA:211,0
DA:213,0
DA:214,0
DA:215,0
DA:218,0
DA:219,0
DA:220,0
DA:221,0
DA:222,0
DA:223,0
DA:225,0
DA:226,0
DA:227,0
DA:255,0
DA:256,0
DA:257,0
DA:258,0
DA:261,0
DA:263,0
DA:264,0
DA:269,0
DA:308,0
DA:317,0
DA:318,0
DA:324,0
DA:334,0
DA:335,0
DA:336,0
DA:344,0
DA:345,0
DA:346,0
DA:354,0
DA:355,0
DA:356,0
DA:392,0
DA:399,0
DA:400,0
DA:401,0
DA:409,0
DA:410,0
DA:411,0
DA:416,0
DA:423,0
DA:427,0
DA:431,0
DA:441,0
DA:475,0
DA:506,0
DA:533,0
DA:544,0
DA:551,0
DA:557,0
DA:558,0
LF:82
LH:0
BRF:0
BRH:0
end_of_record
TN:
SF:src\styles\helpers.ts
FNF:0
FNH:0
DA:1,0
DA:4,0
LF:2
LH:0
BRF:0
BRH:0
end_of_record
TN:
SF:src\styles\theme.ts
FNF:0
FNH:0
DA:2,0
LF:1
LH:0
BRF:0
BRH:0
end_of_record
TN:
SF:src\utils\clean-project-data.ts
FN:32,(anonymous_0)
FN:53,(anonymous_1)
FN:61,(anonymous_2)
FN:62,(anonymous_3)
FN:72,(anonymous_4)
FN:94,(anonymous_5)
FN:96,(anonymous_6)
FN:161,(anonymous_7)
FN:162,(anonymous_8)
FN:184,(anonymous_9)
FN:203,(anonymous_10)
FN:221,(anonymous_11)
FN:241,(anonymous_12)
FN:257,(anonymous_13)
FN:289,(anonymous_14)
FN:295,(anonymous_15)
FN:309,(anonymous_16)
FNF:17
FNH:0
FNDA:0,(anonymous_0)
FNDA:0,(anonymous_1)
FNDA:0,(anonymous_2)
FNDA:0,(anonymous_3)
FNDA:0,(anonymous_4)
FNDA:0,(anonymous_5)
FNDA:0,(anonymous_6)
FNDA:0,(anonymous_7)
FNDA:0,(anonymous_8)
FNDA:0,(anonymous_9)
FNDA:0,(anonymous_10)
FNDA:0,(anonymous_11)
FNDA:0,(anonymous_12)
FNDA:0,(anonymous_13)
FNDA:0,(anonymous_14)
FNDA:0,(anonymous_15)
FNDA:0,(anonymous_16)
DA:32,0
DA:33,0
DA:44,0
DA:53,0
DA:54,0
DA:56,0
DA:57,0
DA:60,0
DA:61,0
DA:62,0
DA:63,0
DA:68,0
DA:72,0
DA:73,0
DA:74,0
DA:75,0
DA:76,0
DA:77,0
DA:81,0
DA:84,0
DA:85,0
DA:86,0
DA:87,0
DA:90,0
DA:94,0
DA:95,0
DA:96,0
DA:97,0
DA:98,0
DA:99,0
DA:102,0
DA:105,0
DA:106,0
DA:109,0
DA:110,0
DA:112,0
DA:113,0
DA:116,0
DA:117,0
DA:120,0
DA:121,0
DA:124,0
DA:125,0
DA:128,0
DA:129,0
DA:132,0
DA:140,0
DA:141,0
DA:145,0
DA:146,0
DA:158,0
DA:159,0
DA:161,0
DA:162,0
DA:163,0
DA:164,0
DA:165,0
DA:166,0
DA:167,0
DA:168,0
DA:174,0
DA:175,0
DA:179,0
DA:180,0
DA:181,0
DA:182,0
DA:184,0
DA:185,0
DA:186,0
DA:187,0
DA:188,0
DA:189,0
DA:193,0
DA:194,0
DA:198,0
DA:199,0
DA:200,0
DA:201,0
DA:203,0
DA:204,0
DA:205,0
DA:206,0
DA:207,0
DA:208,0
DA:212,0
DA:213,0
DA:217,0
DA:218,0
DA:219,0
DA:221,0
DA:222,0
DA:223,0
DA:224,0
DA:225,0
DA:226,0
DA:227,0
DA:232,0
DA:233,0
DA:237,0
DA:238,0
DA:239,0
DA:241,0
DA:242,0
DA:243,0
DA:244,0
DA:245,0
DA:246,0
DA:247,0
DA:252,0
DA:253,0
DA:257,0
DA:258,0
DA:259,0
DA:260,0
DA:264,0
DA:265,0
DA:268,0
DA:269,0
DA:270,0
DA:271,0
DA:272,0
DA:273,0
DA:275,0
DA:276,0
DA:279,0
DA:280,0
DA:281,0
DA:282,0
DA:285,0
DA:289,0
DA:290,0
DA:291,0
DA:295,0
DA:296,0
DA:297,0
DA:309,0
DA:310,0
DA:311,0
DA:323,0
DA:325,0
DA:326,0
DA:328,0
DA:330,0
DA:331,0
DA:333,0
DA:334,0
DA:337,0
DA:338,0
DA:342,0
DA:343,0
LF:150
LH:0
BRDA:32,0,0,0
BRDA:53,1,0,0
BRDA:60,2,0,0
BRDA:60,2,1,0
BRDA:62,3,0,0
BRDA:62,3,1,0
BRDA:74,4,0,0
BRDA:74,4,1,0
BRDA:98,5,0,0
BRDA:98,5,1,0
BRDA:109,6,0,0
BRDA:109,6,1,0
BRDA:112,7,0,0
BRDA:112,7,1,0
BRDA:116,8,0,0
BRDA:116,8,1,0
BRDA:120,9,0,0
BRDA:120,9,1,0
BRDA:124,10,0,0
BRDA:124,10,1,0
BRDA:128,11,0,0
BRDA:128,11,1,0
BRDA:135,12,0,0
BRDA:135,12,1,0
BRDA:140,13,0,0
BRDA:140,13,1,0
BRDA:145,14,0,0
BRDA:145,14,1,0
BRDA:163,15,0,0
BRDA:163,15,1,0
BRDA:165,16,0,0
BRDA:165,16,1,0
BRDA:179,17,0,0
BRDA:179,17,1,0
BRDA:186,18,0,0
BRDA:186,18,1,0
BRDA:198,19,0,0
BRDA:198,19,1,0
BRDA:205,20,0,0
BRDA:205,20,1,0
BRDA:217,21,0,0
BRDA:217,21,1,0
BRDA:222,22,0,0
BRDA:222,22,1,0
BRDA:222,23,0,0
BRDA:222,23,1,0
BRDA:224,24,0,0
BRDA:224,24,1,0
BRDA:237,25,0,0
BRDA:237,25,1,0
BRDA:242,26,0,0
BRDA:242,26,1,0
BRDA:242,27,0,0
BRDA:242,27,1,0
BRDA:242,27,2,0
BRDA:244,28,0,0
BRDA:244,28,1,0
BRDA:258,29,0,0
BRDA:258,29,1,0
BRDA:268,30,0,0
BRDA:268,30,1,0
BRDA:275,31,0,0
BRDA:275,31,1,0
BRDA:323,32,0,0
BRDA:323,32,1,0
BRDA:328,33,0,0
BRDA:328,33,1,0
BRDA:328,33,2,0
BRDA:328,33,3,0
BRF:69
BRH:0
end_of_record
TN:
SF:src\utils\clear-storage.ts
FN:5,(anonymous_0)
FNF:1
FNH:0
FNDA:0,(anonymous_0)
DA:5,0
DA:6,0
DA:7,0
DA:8,0
DA:10,0
DA:15,0
DA:16,0
DA:19,0
LF:8
LH:0
BRDA:15,0,0,0
BRDA:15,0,1,0
BRF:2
BRH:0
end_of_record
TN:
SF:src\utils\clear-theme.ts
FN:5,(anonymous_0)
FNF:1
FNH:0
FNDA:0,(anonymous_0)
DA:5,0
DA:6,0
DA:7,0
DA:8,0
DA:9,0
DA:11,0
DA:16,0
DA:17,0
DA:20,0
LF:9
LH:0
BRDA:16,0,0,0
BRDA:16,0,1,0
BRF:2
BRH:0
end_of_record
TN:
SF:src\utils\helpers.ts
FN:15,(anonymous_0)
FN:20,(anonymous_1)
FN:43,(anonymous_2)
FN:62,(anonymous_3)
FN:78,(anonymous_4)
FN:94,(anonymous_5)
FN:106,(anonymous_6)
FN:118,(anonymous_7)
FN:130,(anonymous_8)
FN:156,(anonymous_9)
FN:168,(anonymous_10)
FN:180,(anonymous_11)
FN:191,(anonymous_12)
FN:202,(anonymous_13)
FN:220,(anonymous_14)
FN:227,(anonymous_15)
FN:234,(anonymous_16)
FN:244,(anonymous_17)
FN:269,(anonymous_18)
FN:270,(anonymous_19)
FN:270,(anonymous_20)
FN:274,(anonymous_21)
FN:279,(anonymous_22)
FN:286,(anonymous_23)
FN:299,(anonymous_24)
FN:300,(anonymous_25)
FNF:26
FNH:0
FNDA:0,(anonymous_0)
FNDA:0,(anonymous_1)
FNDA:0,(anonymous_2)
FNDA:0,(anonymous_3)
FNDA:0,(anonymous_4)
FNDA:0,(anonymous_5)
FNDA:0,(anonymous_6)
FNDA:0,(anonymous_7)
FNDA:0,(anonymous_8)
FNDA:0,(anonymous_9)
FNDA:0,(anonymous_10)
FNDA:0,(anonymous_11)
FNDA:0,(anonymous_12)
FNDA:0,(anonymous_13)
FNDA:0,(anonymous_14)
FNDA:0,(anonymous_15)
FNDA:0,(anonymous_16)
FNDA:0,(anonymous_17)
FNDA:0,(anonymous_18)
FNDA:0,(anonymous_19)
FNDA:0,(anonymous_20)
FNDA:0,(anonymous_21)
FNDA:0,(anonymous_22)
FNDA:0,(anonymous_23)
FNDA:0,(anonymous_24)
FNDA:0,(anonymous_25)
DA:1,0
DA:11,0
DA:15,0
DA:16,0
DA:20,0
DA:22,0
DA:34,0
DA:35,0
DA:36,0
DA:38,0
DA:39,0
DA:43,0
DA:44,0
DA:46,0
DA:47,0
DA:48,0
DA:51,0
DA:56,0
DA:57,0
DA:62,0
DA:63,0
DA:64,0
DA:66,0
DA:67,0
DA:70,0
DA:72,0
DA:73,0
DA:78,0
DA:79,0
DA:80,0
DA:82,0
DA:83,0
DA:86,0
DA:88,0
DA:89,0
DA:94,0
DA:95,0
DA:96,0
DA:97,0
DA:99,0
DA:101,0
DA:106,0
DA:107,0
DA:108,0
DA:109,0
DA:111,0
DA:113,0
DA:118,0
DA:119,0
DA:120,0
DA:121,0
DA:123,0
DA:125,0
DA:130,0
DA:136,0
DA:137,0
DA:138,0
DA:140,0
DA:141,0
DA:144,0
DA:151,0
DA:156,0
DA:157,0
DA:164,0
DA:168,0
DA:169,0
DA:176,0
DA:180,0
DA:181,0
DA:187,0
DA:191,0
DA:192,0
DA:198,0
DA:202,0
DA:203,0
DA:204,0
DA:220,0
DA:222,0
DA:224,0
DA:227,0
DA:229,0
DA:230,0
DA:232,0
DA:234,0
DA:235,0
DA:239,0
DA:240,0
DA:244,0
DA:245,0
DA:249,0
DA:250,0
DA:254,0
DA:255,0
DA:256,0
DA:257,0
DA:258,0
DA:260,0
DA:261,0
DA:264,0
DA:269,0
DA:270,0
DA:274,0
DA:279,0
DA:280,0
DA:283,0
DA:284,0
DA:286,0
DA:287,0
DA:288,0
DA:291,0
DA:299,0
DA:300,0
LF:112
LH:0
BRDA:46,0,0,0
BRDA:46,0,1,0
BRDA:47,1,0,0
BRDA:47,1,1,0
BRDA:64,2,0,0
BRDA:64,2,1,0
BRDA:66,3,0,0
BRDA:66,3,1,0
BRDA:80,4,0,0
BRDA:80,4,1,0
BRDA:82,5,0,0
BRDA:82,5,1,0
BRDA:96,6,0,0
BRDA:96,6,1,0
BRDA:108,7,0,0
BRDA:108,7,1,0
BRDA:120,8,0,0
BRDA:120,8,1,0
BRDA:137,9,0,0
BRDA:137,9,1,0
BRDA:140,10,0,0
BRDA:140,10,1,0
BRDA:187,11,0,0
BRDA:187,11,1,0
BRDA:198,12,0,0
BRDA:198,12,1,0
BRDA:203,13,0,0
BRDA:203,13,1,0
BRDA:222,14,0,0
BRDA:222,14,1,0
BRDA:222,15,0,0
BRDA:222,15,1,0
BRDA:222,15,2,0
BRDA:222,15,3,0
BRDA:222,15,4,0
BRDA:222,15,5,0
BRDA:229,16,0,0
BRDA:229,16,1,0
BRDA:229,17,0,0
BRDA:229,17,1,0
BRDA:232,18,0,0
BRDA:232,18,1,0
BRDA:232,18,2,0
BRDA:235,19,0,0
BRDA:235,19,1,0
BRDA:239,20,0,0
BRDA:239,20,1,0
BRDA:239,21,0,0
BRDA:239,21,1,0
BRDA:244,22,0,0
BRDA:244,22,1,0
BRDA:244,23,0,0
BRDA:244,23,1,0
BRDA:249,24,0,0
BRDA:249,24,1,0
BRDA:249,25,0,0
BRDA:249,25,1,0
BRDA:254,26,0,0
BRDA:254,26,1,0
BRDA:254,27,0,0
BRDA:254,27,1,0
BRDA:255,28,0,0
BRDA:255,28,1,0
BRDA:257,29,0,0
BRDA:257,29,1,0
BRDA:258,30,0,0
BRDA:258,30,1,0
BRDA:260,31,0,0
BRDA:260,31,1,0
BRDA:260,32,0,0
BRDA:260,32,1,0
BRDA:261,33,0,0
BRDA:261,33,1,0
BRDA:261,34,0,0
BRDA:261,34,1,0
BRDA:280,35,0,0
BRDA:280,35,1,0
BRDA:287,36,0,0
BRDA:287,36,1,0
BRF:79
BRH:0
end_of_record
TN:
SF:src\utils\storageManager.ts
FN:26,(anonymous_1)
FN:39,(anonymous_2)
FN:47,(anonymous_3)
FN:82,(anonymous_4)
FN:112,(anonymous_5)
FN:125,(anonymous_6)
FN:146,(anonymous_7)
FN:160,(anonymous_8)
FN:174,(anonymous_9)
FN:188,(anonymous_10)
FN:202,(anonymous_11)
FN:207,(anonymous_12)
FN:239,(anonymous_13)
FN:247,(anonymous_14)
FN:260,(anonymous_15)
FN:272,(anonymous_16)
FN:282,(anonymous_17)
FN:286,(anonymous_18)
FN:301,(anonymous_19)
FN:320,(anonymous_20)
FN:321,(anonymous_21)
FN:333,(anonymous_22)
FN:340,(anonymous_23)
FN:349,(anonymous_24)
FNF:24
FNH:0
FNDA:0,(anonymous_1)
FNDA:0,(anonymous_2)
FNDA:0,(anonymous_3)
FNDA:0,(anonymous_4)
FNDA:0,(anonymous_5)
FNDA:0,(anonymous_6)
FNDA:0,(anonymous_7)
FNDA:0,(anonymous_8)
FNDA:0,(anonymous_9)
FNDA:0,(anonymous_10)
FNDA:0,(anonymous_11)
FNDA:0,(anonymous_12)
FNDA:0,(anonymous_13)
FNDA:0,(anonymous_14)
FNDA:0,(anonymous_15)
FNDA:0,(anonymous_16)
FNDA:0,(anonymous_17)
FNDA:0,(anonymous_18)
FNDA:0,(anonymous_19)
FNDA:0,(anonymous_20)
FNDA:0,(anonymous_21)
FNDA:0,(anonymous_22)
FNDA:0,(anonymous_23)
FNDA:0,(anonymous_24)
DA:6,0
DA:7,0
DA:8,0
DA:26,0
DA:27,0
DA:36,0
DA:37,0
DA:39,0
DA:40,0
DA:47,0
DA:48,0
DA:49,0
DA:56,0
DA:57,0
DA:64,0
DA:65,0
DA:72,0
DA:82,0
DA:83,0
DA:84,0
DA:85,0
DA:87,0
DA:89,0
DA:91,0
DA:92,0
DA:93,0
DA:94,0
DA:95,0
DA:97,0
DA:105,0
DA:112,0
DA:113,0
DA:114,0
DA:115,0
DA:117,0
DA:118,0
DA:125,0
DA:126,0
DA:127,0
DA:130,0
DA:132,0
DA:138,0
DA:139,0
DA:146,0
DA:147,0
DA:148,0
DA:149,0
DA:150,0
DA:152,0
DA:153,0
DA:160,0
DA:161,0
DA:162,0
DA:163,0
DA:164,0
DA:166,0
DA:167,0
DA:174,0
DA:175,0
DA:176,0
DA:177,0
DA:178,0
DA:180,0
DA:181,0
DA:188,0
DA:189,0
DA:190,0
DA:191,0
DA:192,0
DA:194,0
DA:195,0
DA:202,0
DA:203,0
DA:205,0
DA:207,0
DA:208,0
DA:209,0
DA:210,0
DA:215,0
DA:216,0
DA:217,0
DA:219,0
DA:226,0
DA:227,0
DA:239,0
DA:240,0
DA:241,0
DA:247,0
DA:248,0
DA:250,0
DA:252,0
DA:253,0
DA:260,0
DA:261,0
DA:262,0
DA:264,0
DA:265,0
DA:272,0
DA:273,0
DA:274,0
DA:275,0
DA:277,0
DA:279,0
DA:281,0
DA:282,0
DA:286,0
DA:288,0
DA:291,0
DA:293,0
DA:294,0
DA:301,0
DA:302,0
DA:303,0
DA:305,0
DA:306,0
DA:307,0
DA:310,0
DA:312,0
DA:313,0
DA:320,0
DA:321,0
DA:322,0
DA:323,0
DA:327,0
DA:330,0
DA:333,0
DA:334,0
DA:337,0
DA:340,0
DA:341,0
DA:342,0
DA:349,0
DA:350,0
DA:352,0
DA:353,0
DA:354,0
DA:355,0
DA:356,0
DA:359,0
DA:360,0
DA:363,0
LF:141
LH:0
BRDA:39,0,0,0
BRDA:39,0,1,0
BRDA:40,1,0,0
BRDA:40,1,1,0
BRDA:48,2,0,0
BRDA:48,2,1,0
BRDA:56,3,0,0
BRDA:56,3,1,0
BRDA:64,4,0,0
BRDA:64,4,1,0
BRDA:64,5,0,0
BRDA:64,5,1,0
BRDA:89,6,0,0
BRDA:89,6,1,0
BRDA:92,7,0,0
BRDA:92,7,1,0
BRDA:115,8,0,0
BRDA:115,8,1,0
BRDA:209,9,0,0
BRDA:209,9,1,0
BRDA:279,10,0,0
BRDA:279,10,1,0
BRDA:305,11,0,0
BRDA:305,11,1,0
BRDA:305,12,0,0
BRDA:305,12,1,0
BRDA:352,13,0,0
BRDA:352,13,1,0
BRDA:355,14,0,0
BRDA:355,14,1,0
BRDA:359,15,0,0
BRDA:359,15,1,0
BRF:32
BRH:0
end_of_record
